#
# There is insufficient memory for the Java Runtime Environment to continue.
# Native memory allocation (malloc) failed to allocate 1573632 bytes for Chunk::new
# Possible reasons:
#   The system is out of physical RAM or swap space
#   The process is running with CompressedOops enabled, and the Java Heap may be blocking the growth of the native heap
# Possible solutions:
#   Reduce memory load on the system
#   Increase physical memory or swap space
#   Check if swap backing store is full
#   Decrease Java heap size (-Xmx/-Xms)
#   Decrease number of Java threads
#   Decrease Java thread stack sizes (-Xss)
#   Set larger code cache with -XX:ReservedCodeCacheSize=
#   JVM is running with Zero Based Compressed Oops mode in which the Java heap is
#     placed in the first 32GB address space. The Java Heap base address is the
#     maximum limit for the native heap growth. Please use -XX:HeapBaseMinAddress
#     to set the Java Heap base and to place the Java Heap above 32GB virtual address.
# This output file may be truncated or incomplete.
#
#  Out of Memory Error (arena.cpp:191), pid=16076, tid=14448
#
# JRE version: OpenJDK Runtime Environment (17.0.9) (build 17.0.9+0--11185874)
# Java VM: OpenJDK 64-Bit Server VM (17.0.9+0--11185874, mixed mode, tiered, compressed oops, compressed class ptrs, g1 gc, windows-amd64)
# No core dump will be written. Minidumps are not enabled by default on client versions of Windows
#

---------------  S U M M A R Y ------------

Command Line: org.jetbrains.kotlin.cli.jvm.K2JVMCompiler @D:\Sea\app\build\20240823_14162813821602579647.compiler.options

Host: AMD Ryzen 5 5500U with Radeon Graphics         , 12 cores, 15G,  Windows 11 , 64 bit Build 22621 (10.0.22621.3958)
Time: Fri Aug 23 12:01:39 2024 India Standard Time elapsed time: 55.627803 seconds (0d 0h 0m 55s)

---------------  T H R E A D  ---------------

Current thread (0x00000218930ac410):  JavaThread "C2 CompilerThread0" daemon [_thread_in_native, id=14448, stack(0x00000084b8700000,0x00000084b8800000)]


Current CompileTask:
C2:  55627 27464       4       org.jetbrains.org.objectweb.asm.ClassReader::readMethod (1061 bytes)

Stack: [0x00000084b8700000,0x00000084b8800000]
Native frames: (J=compiled Java code, j=interpreted, Vv=VM code, C=native code)
V  [jvm.dll+0x6886e9]
V  [jvm.dll+0x841e4a]
V  [jvm.dll+0x843a8e]
V  [jvm.dll+0x8440f3]
V  [jvm.dll+0x24c14f]
V  [jvm.dll+0xac44c]
V  [jvm.dll+0xaca9c]
V  [jvm.dll+0x36c1f7]
V  [jvm.dll+0x33651a]
V  [jvm.dll+0x3359ba]
V  [jvm.dll+0x21ddb1]
V  [jvm.dll+0x21d1d1]
V  [jvm.dll+0x1a674d]
V  [jvm.dll+0x22d088]
V  [jvm.dll+0x22b1c0]
V  [jvm.dll+0x7f62f7]
V  [jvm.dll+0x7f06aa]
V  [jvm.dll+0x687565]
C  [ucrtbase.dll+0x29333]
C  [KERNEL32.DLL+0x1257d]
C  [ntdll.dll+0x5af28]


---------------  P R O C E S S  ---------------

Threads class SMR info:
_java_thread_list=0x00000218969d9c90, length=14, elements={
0x00000218f03f8e80, 0x0000021893056060, 0x0000021893057900, 0x00000218930a7ba0,
0x00000218930a9480, 0x00000218930a9e40, 0x00000218930aa800, 0x00000218930ac410,
0x00000218930acdd0, 0x00000218930ad6e0, 0x000002189321f590, 0x0000021893233010,
0x000002189329b1d0, 0x0000021895f027a0
}

Java Threads: ( => current thread )
  0x00000218f03f8e80 JavaThread "main" [_thread_in_Java, id=15356, stack(0x00000084b7a00000,0x00000084b7b00000)]
  0x0000021893056060 JavaThread "Reference Handler" daemon [_thread_blocked, id=17552, stack(0x00000084b8100000,0x00000084b8200000)]
  0x0000021893057900 JavaThread "Finalizer" daemon [_thread_blocked, id=13048, stack(0x00000084b8200000,0x00000084b8300000)]
  0x00000218930a7ba0 JavaThread "Signal Dispatcher" daemon [_thread_blocked, id=20316, stack(0x00000084b8300000,0x00000084b8400000)]
  0x00000218930a9480 JavaThread "Attach Listener" daemon [_thread_blocked, id=3952, stack(0x00000084b8400000,0x00000084b8500000)]
  0x00000218930a9e40 JavaThread "Service Thread" daemon [_thread_blocked, id=17520, stack(0x00000084b8500000,0x00000084b8600000)]
  0x00000218930aa800 JavaThread "Monitor Deflation Thread" daemon [_thread_blocked, id=6288, stack(0x00000084b8600000,0x00000084b8700000)]
=>0x00000218930ac410 JavaThread "C2 CompilerThread0" daemon [_thread_in_native, id=14448, stack(0x00000084b8700000,0x00000084b8800000)]
  0x00000218930acdd0 JavaThread "C1 CompilerThread0" daemon [_thread_in_vm, id=11736, stack(0x00000084b8800000,0x00000084b8900000)]
  0x00000218930ad6e0 JavaThread "Sweeper thread" daemon [_thread_blocked, id=9000, stack(0x00000084b8900000,0x00000084b8a00000)]
  0x000002189321f590 JavaThread "Notification Thread" daemon [_thread_blocked, id=15184, stack(0x00000084b8a00000,0x00000084b8b00000)]
  0x0000021893233010 JavaThread "Common-Cleaner" daemon [_thread_blocked, id=18308, stack(0x00000084b8c00000,0x00000084b8d00000)]
  0x000002189329b1d0 JavaThread "C2 CompilerThread1" daemon [_thread_in_native, id=16692, stack(0x00000084b8d00000,0x00000084b8e00000)]
  0x0000021895f027a0 JavaThread "C2 CompilerThread2" daemon [_thread_in_native, id=19608, stack(0x00000084b9800000,0x00000084b9900000)]

Other Threads:
  0x00000218ffc7e0c0 VMThread "VM Thread" [stack: 0x00000084b8000000,0x00000084b8100000] [id=16828]
  0x000002189321fa70 WatcherThread [stack: 0x00000084b8b00000,0x00000084b8c00000] [id=7856]
  0x00000218f04632c0 GCTaskThread "GC Thread#0" [stack: 0x00000084b7b00000,0x00000084b7c00000] [id=6060]
  0x00000218937bab70 GCTaskThread "GC Thread#1" [stack: 0x00000084b8e00000,0x00000084b8f00000] [id=15492]
  0x00000218937bb240 GCTaskThread "GC Thread#2" [stack: 0x00000084b8f00000,0x00000084b9000000] [id=5716]
  0x00000218937bb500 GCTaskThread "GC Thread#3" [stack: 0x00000084b9000000,0x00000084b9100000] [id=15240]
  0x00000218937bb7c0 GCTaskThread "GC Thread#4" [stack: 0x00000084b9100000,0x00000084b9200000] [id=8560]
  0x00000218937b5870 GCTaskThread "GC Thread#5" [stack: 0x00000084b9200000,0x00000084b9300000] [id=17560]
  0x0000021893bcfb90 GCTaskThread "GC Thread#6" [stack: 0x00000084b9300000,0x00000084b9400000] [id=19140]
  0x0000021893b5ccc0 GCTaskThread "GC Thread#7" [stack: 0x00000084b9400000,0x00000084b9500000] [id=10108]
  0x00000218939bb270 GCTaskThread "GC Thread#8" [stack: 0x00000084b9500000,0x00000084b9600000] [id=17580]
  0x0000021893d50cb0 GCTaskThread "GC Thread#9" [stack: 0x00000084b9900000,0x00000084b9a00000] [id=13848]
  0x00000218f0473750 ConcurrentGCThread "G1 Main Marker" [stack: 0x00000084b7c00000,0x00000084b7d00000] [id=6520]
  0x00000218f0474170 ConcurrentGCThread "G1 Conc#0" [stack: 0x00000084b7d00000,0x00000084b7e00000] [id=11712]
  0x00000218937fd870 ConcurrentGCThread "G1 Conc#1" [stack: 0x00000084b9600000,0x00000084b9700000] [id=16768]
  0x0000021893c78170 ConcurrentGCThread "G1 Conc#2" [stack: 0x00000084b9700000,0x00000084b9800000] [id=17456]
  0x00000218f04aec40 ConcurrentGCThread "G1 Refine#0" [stack: 0x00000084b7e00000,0x00000084b7f00000] [id=1184]
  0x000002189778bef0 ConcurrentGCThread "G1 Refine#1" [stack: 0x00000084b9a00000,0x00000084b9b00000] [id=19108]
  0x00000218977892e0 ConcurrentGCThread "G1 Refine#2" [stack: 0x00000084b9b00000,0x00000084b9c00000] [id=2904]
  0x0000021897788a10 ConcurrentGCThread "G1 Refine#3" [stack: 0x00000084b9c00000,0x00000084b9d00000] [id=12160]
  0x0000021899276950 ConcurrentGCThread "G1 Refine#4" [stack: 0x00000084b9d00000,0x00000084b9e00000] [id=9356]
  0x0000021899276080 ConcurrentGCThread "G1 Refine#5" [stack: 0x00000084b9e00000,0x00000084b9f00000] [id=15864]
  0x0000021899273d40 ConcurrentGCThread "G1 Refine#6" [stack: 0x00000084b9f00000,0x00000084ba000000] [id=16016]
  0x0000021897788430 ConcurrentGCThread "G1 Refine#7" [stack: 0x00000084ba000000,0x00000084ba100000] [id=17236]
  0x00000218ffb27900 ConcurrentGCThread "G1 Service" [stack: 0x00000084b7f00000,0x00000084b8000000] [id=7256]

Threads with active compile tasks:
C2 CompilerThread0    55644 27464       4       org.jetbrains.org.objectweb.asm.ClassReader::readMethod (1061 bytes)
C1 CompilerThread0    55644 27697       3       org.jetbrains.org.objectweb.asm.commons.InstructionAdapter::visitInsn (1783 bytes)
C2 CompilerThread1    55644 27360       4       org.jetbrains.kotlin.load.kotlin.TypeSignatureMappingKt::mapBuiltInType (339 bytes)
C2 CompilerThread2    55644 27680 %     4       org.jetbrains.org.objectweb.asm.ClassReader::readCode @ 71 (5089 bytes)

VM state: not at safepoint (normal execution)

VM Mutex/Monitor currently owned by a thread: None

Heap address: 0x000000070ac00000, size: 3924 MB, Compressed Oops mode: Zero based, Oop shift amount: 3

CDS archive(s) not mapped
Compressed class space mapped at: 0x0000000800000000-0x0000000840000000, reserved size: 1073741824
Narrow klass base: 0x0000000800000000, Narrow klass shift: 0, Narrow klass range: 0x40000000

GC Precious Log:
 CPUs: 12 total, 12 available
 Memory: 15694M
 Large Page Support: Disabled
 NUMA Support: Disabled
 Compressed Oops: Enabled (Zero based)
 Heap Region Size: 2M
 Heap Min Capacity: 8M
 Heap Initial Capacity: 246M
 Heap Max Capacity: 3924M
 Pre-touch: Disabled
 Parallel Workers: 10
 Concurrent Workers: 3
 Concurrent Refinement Workers: 10
 Periodic GC: Disabled

Heap:
 garbage-first heap   total 352256K, used 245986K [0x000000070ac00000, 0x0000000800000000)
  region size 2048K, 4 young (8192K), 3 survivors (6144K)
 Metaspace       used 93793K, committed 94208K, reserved 1179648K
  class space    used 9590K, committed 9792K, reserved 1048576K

Heap Regions: E=young(eden), S=young(survivor), O=old, HS=humongous(starts), HC=humongous(continues), CS=collection set, F=free, OA=open archive, CA=closed archive, TAMS=top-at-mark-start (previous, next)
|   0|0x000000070ac00000, 0x000000070ae00000, 0x000000070ae00000|100%|HS|  |TAMS 0x000000070ae00000, 0x000000070ac00000| Complete 
|   1|0x000000070ae00000, 0x000000070b000000, 0x000000070b000000|100%|HC|  |TAMS 0x000000070b000000, 0x000000070ae00000| Complete 
|   2|0x000000070b000000, 0x000000070b200000, 0x000000070b200000|100%| O|  |TAMS 0x000000070b200000, 0x000000070b000000| Untracked 
|   3|0x000000070b200000, 0x000000070b400000, 0x000000070b400000|100%| O|  |TAMS 0x000000070b400000, 0x000000070b200000| Untracked 
|   4|0x000000070b400000, 0x000000070b600000, 0x000000070b600000|100%| O|  |TAMS 0x000000070b600000, 0x000000070b400000| Untracked 
|   5|0x000000070b600000, 0x000000070b800000, 0x000000070b800000|100%| O|  |TAMS 0x000000070b800000, 0x000000070b600000| Untracked 
|   6|0x000000070b800000, 0x000000070ba00000, 0x000000070ba00000|100%| O|  |TAMS 0x000000070ba00000, 0x000000070b800000| Untracked 
|   7|0x000000070ba00000, 0x000000070bc00000, 0x000000070bc00000|100%| O|  |TAMS 0x000000070bc00000, 0x000000070ba00000| Untracked 
|   8|0x000000070bc00000, 0x000000070be00000, 0x000000070be00000|100%| O|  |TAMS 0x000000070be00000, 0x000000070bc00000| Untracked 
|   9|0x000000070be00000, 0x000000070c000000, 0x000000070c000000|100%| O|  |TAMS 0x000000070c000000, 0x000000070be00000| Untracked 
|  10|0x000000070c000000, 0x000000070c200000, 0x000000070c200000|100%| O|  |TAMS 0x000000070c200000, 0x000000070c000000| Untracked 
|  11|0x000000070c200000, 0x000000070c400000, 0x000000070c400000|100%|HS|  |TAMS 0x000000070c400000, 0x000000070c200000| Complete 
|  12|0x000000070c400000, 0x000000070c600000, 0x000000070c600000|100%| O|  |TAMS 0x000000070c600000, 0x000000070c400000| Untracked 
|  13|0x000000070c600000, 0x000000070c800000, 0x000000070c800000|100%| O|  |TAMS 0x000000070c800000, 0x000000070c600000| Untracked 
|  14|0x000000070c800000, 0x000000070ca00000, 0x000000070ca00000|100%| O|  |TAMS 0x000000070ca00000, 0x000000070c800000| Untracked 
|  15|0x000000070ca00000, 0x000000070cc00000, 0x000000070cc00000|100%| O|  |TAMS 0x000000070cc00000, 0x000000070ca00000| Untracked 
|  16|0x000000070cc00000, 0x000000070ce00000, 0x000000070ce00000|100%| O|  |TAMS 0x000000070ce00000, 0x000000070cc00000| Untracked 
|  17|0x000000070ce00000, 0x000000070d000000, 0x000000070d000000|100%| O|  |TAMS 0x000000070d000000, 0x000000070ce00000| Untracked 
|  18|0x000000070d000000, 0x000000070d200000, 0x000000070d200000|100%| O|  |TAMS 0x000000070d200000, 0x000000070d000000| Untracked 
|  19|0x000000070d200000, 0x000000070d400000, 0x000000070d400000|100%| O|  |TAMS 0x000000070d400000, 0x000000070d200000| Untracked 
|  20|0x000000070d400000, 0x000000070d600000, 0x000000070d600000|100%| O|  |TAMS 0x000000070d600000, 0x000000070d400000| Untracked 
|  21|0x000000070d600000, 0x000000070d800000, 0x000000070d800000|100%| O|  |TAMS 0x000000070d800000, 0x000000070d600000| Untracked 
|  22|0x000000070d800000, 0x000000070da00000, 0x000000070da00000|100%| O|  |TAMS 0x000000070da00000, 0x000000070d800000| Untracked 
|  23|0x000000070da00000, 0x000000070dc00000, 0x000000070dc00000|100%| O|  |TAMS 0x000000070dc00000, 0x000000070da00000| Untracked 
|  24|0x000000070dc00000, 0x000000070de00000, 0x000000070de00000|100%| O|  |TAMS 0x000000070de00000, 0x000000070dc00000| Untracked 
|  25|0x000000070de00000, 0x000000070e000000, 0x000000070e000000|100%| O|  |TAMS 0x000000070e000000, 0x000000070de00000| Untracked 
|  26|0x000000070e000000, 0x000000070e200000, 0x000000070e200000|100%| O|  |TAMS 0x000000070e200000, 0x000000070e000000| Untracked 
|  27|0x000000070e200000, 0x000000070e400000, 0x000000070e400000|100%| O|  |TAMS 0x000000070e400000, 0x000000070e200000| Untracked 
|  28|0x000000070e400000, 0x000000070e600000, 0x000000070e600000|100%| O|  |TAMS 0x000000070e600000, 0x000000070e400000| Untracked 
|  29|0x000000070e600000, 0x000000070e800000, 0x000000070e800000|100%| O|  |TAMS 0x000000070e800000, 0x000000070e600000| Untracked 
|  30|0x000000070e800000, 0x000000070ea00000, 0x000000070ea00000|100%| O|  |TAMS 0x000000070ea00000, 0x000000070e800000| Untracked 
|  31|0x000000070ea00000, 0x000000070ec00000, 0x000000070ec00000|100%| O|  |TAMS 0x000000070ec00000, 0x000000070ea00000| Untracked 
|  32|0x000000070ec00000, 0x000000070ee00000, 0x000000070ee00000|100%| O|  |TAMS 0x000000070ee00000, 0x000000070ec00000| Untracked 
|  33|0x000000070ee00000, 0x000000070f000000, 0x000000070f000000|100%| O|  |TAMS 0x000000070f000000, 0x000000070ee00000| Untracked 
|  34|0x000000070f000000, 0x000000070f200000, 0x000000070f200000|100%| O|  |TAMS 0x000000070f200000, 0x000000070f000000| Untracked 
|  35|0x000000070f200000, 0x000000070f400000, 0x000000070f400000|100%| O|  |TAMS 0x000000070f400000, 0x000000070f200000| Untracked 
|  36|0x000000070f400000, 0x000000070f600000, 0x000000070f600000|100%| O|  |TAMS 0x000000070f600000, 0x000000070f400000| Untracked 
|  37|0x000000070f600000, 0x000000070f800000, 0x000000070f800000|100%| O|  |TAMS 0x000000070f800000, 0x000000070f600000| Untracked 
|  38|0x000000070f800000, 0x000000070fa00000, 0x000000070fa00000|100%| O|  |TAMS 0x000000070fa00000, 0x000000070f800000| Untracked 
|  39|0x000000070fa00000, 0x000000070fc00000, 0x000000070fc00000|100%| O|  |TAMS 0x000000070fc00000, 0x000000070fa00000| Untracked 
|  40|0x000000070fc00000, 0x000000070fe00000, 0x000000070fe00000|100%| O|  |TAMS 0x000000070fe00000, 0x000000070fc00000| Untracked 
|  41|0x000000070fe00000, 0x0000000710000000, 0x0000000710000000|100%| O|  |TAMS 0x0000000710000000, 0x000000070fe00000| Untracked 
|  42|0x0000000710000000, 0x0000000710200000, 0x0000000710200000|100%| O|  |TAMS 0x0000000710200000, 0x0000000710000000| Untracked 
|  43|0x0000000710200000, 0x0000000710400000, 0x0000000710400000|100%| O|  |TAMS 0x0000000710400000, 0x0000000710200000| Untracked 
|  44|0x0000000710400000, 0x0000000710600000, 0x0000000710600000|100%| O|  |TAMS 0x0000000710600000, 0x0000000710400000| Untracked 
|  45|0x0000000710600000, 0x0000000710800000, 0x0000000710800000|100%| O|  |TAMS 0x0000000710800000, 0x0000000710600000| Untracked 
|  46|0x0000000710800000, 0x0000000710a00000, 0x0000000710a00000|100%| O|  |TAMS 0x0000000710a00000, 0x0000000710800000| Untracked 
|  47|0x0000000710a00000, 0x0000000710c00000, 0x0000000710c00000|100%| O|  |TAMS 0x0000000710c00000, 0x0000000710a00000| Untracked 
|  48|0x0000000710c00000, 0x0000000710e00000, 0x0000000710e00000|100%| O|  |TAMS 0x0000000710e00000, 0x0000000710c00000| Untracked 
|  49|0x0000000710e00000, 0x0000000711000000, 0x0000000711000000|100%| O|  |TAMS 0x0000000711000000, 0x0000000710e00000| Untracked 
|  50|0x0000000711000000, 0x0000000711200000, 0x0000000711200000|100%| O|  |TAMS 0x0000000711200000, 0x0000000711000000| Untracked 
|  51|0x0000000711200000, 0x0000000711400000, 0x0000000711400000|100%| O|  |TAMS 0x0000000711400000, 0x0000000711200000| Untracked 
|  52|0x0000000711400000, 0x0000000711600000, 0x0000000711600000|100%| O|  |TAMS 0x0000000711600000, 0x0000000711400000| Untracked 
|  53|0x0000000711600000, 0x0000000711800000, 0x0000000711800000|100%| O|  |TAMS 0x0000000711800000, 0x0000000711600000| Untracked 
|  54|0x0000000711800000, 0x0000000711a00000, 0x0000000711a00000|100%| O|  |TAMS 0x0000000711800000, 0x0000000711800000| Untracked 
|  55|0x0000000711a00000, 0x0000000711c00000, 0x0000000711c00000|100%| O|  |TAMS 0x0000000711c00000, 0x0000000711a00000| Untracked 
|  56|0x0000000711c00000, 0x0000000711e00000, 0x0000000711e00000|100%| O|  |TAMS 0x0000000711e00000, 0x0000000711c00000| Untracked 
|  57|0x0000000711e00000, 0x0000000712000000, 0x0000000712000000|100%| O|  |TAMS 0x0000000712000000, 0x0000000711e00000| Untracked 
|  58|0x0000000712000000, 0x0000000712200000, 0x0000000712200000|100%| O|  |TAMS 0x0000000712200000, 0x0000000712000000| Untracked 
|  59|0x0000000712200000, 0x0000000712400000, 0x0000000712400000|100%| O|  |TAMS 0x0000000712400000, 0x0000000712200000| Untracked 
|  60|0x0000000712400000, 0x0000000712600000, 0x0000000712600000|100%| O|  |TAMS 0x0000000712600000, 0x0000000712400000| Untracked 
|  61|0x0000000712600000, 0x0000000712800000, 0x0000000712800000|100%| O|  |TAMS 0x0000000712800000, 0x0000000712600000| Untracked 
|  62|0x0000000712800000, 0x0000000712a00000, 0x0000000712a00000|100%| O|  |TAMS 0x0000000712a00000, 0x0000000712800000| Untracked 
|  63|0x0000000712a00000, 0x0000000712c00000, 0x0000000712c00000|100%| O|  |TAMS 0x0000000712c00000, 0x0000000712a00000| Untracked 
|  64|0x0000000712c00000, 0x0000000712e00000, 0x0000000712e00000|100%| O|  |TAMS 0x0000000712e00000, 0x0000000712c00000| Untracked 
|  65|0x0000000712e00000, 0x0000000713000000, 0x0000000713000000|100%| O|  |TAMS 0x0000000713000000, 0x0000000712e00000| Untracked 
|  66|0x0000000713000000, 0x0000000713200000, 0x0000000713200000|100%| O|  |TAMS 0x0000000713000000, 0x0000000713000000| Untracked 
|  67|0x0000000713200000, 0x0000000713400000, 0x0000000713400000|100%| O|  |TAMS 0x0000000713400000, 0x0000000713200000| Untracked 
|  68|0x0000000713400000, 0x0000000713600000, 0x0000000713600000|100%|HS|  |TAMS 0x0000000713600000, 0x0000000713400000| Complete 
|  69|0x0000000713600000, 0x0000000713800000, 0x0000000713800000|100%|HC|  |TAMS 0x0000000713800000, 0x0000000713600000| Complete 
|  70|0x0000000713800000, 0x0000000713a00000, 0x0000000713a00000|100%|HC|  |TAMS 0x0000000713a00000, 0x0000000713800000| Complete 
|  71|0x0000000713a00000, 0x0000000713c00000, 0x0000000713c00000|100%|HC|  |TAMS 0x0000000713c00000, 0x0000000713a00000| Complete 
|  72|0x0000000713c00000, 0x0000000713e00000, 0x0000000713e00000|100%|HC|  |TAMS 0x0000000713e00000, 0x0000000713c00000| Complete 
|  73|0x0000000713e00000, 0x0000000714000000, 0x0000000714000000|100%| O|  |TAMS 0x0000000714000000, 0x0000000713e00000| Untracked 
|  74|0x0000000714000000, 0x0000000714200000, 0x0000000714200000|100%| O|  |TAMS 0x0000000714200000, 0x0000000714000000| Untracked 
|  75|0x0000000714200000, 0x0000000714400000, 0x0000000714400000|100%| O|  |TAMS 0x0000000714400000, 0x0000000714200000| Untracked 
|  76|0x0000000714400000, 0x0000000714600000, 0x0000000714600000|100%| O|  |TAMS 0x0000000714600000, 0x0000000714400000| Untracked 
|  77|0x0000000714600000, 0x0000000714800000, 0x0000000714800000|100%| O|  |TAMS 0x0000000714800000, 0x0000000714600000| Untracked 
|  78|0x0000000714800000, 0x0000000714a00000, 0x0000000714a00000|100%| O|  |TAMS 0x0000000714a00000, 0x0000000714800000| Untracked 
|  79|0x0000000714a00000, 0x0000000714c00000, 0x0000000714c00000|100%| O|  |TAMS 0x0000000714c00000, 0x0000000714a00000| Untracked 
|  80|0x0000000714c00000, 0x0000000714e00000, 0x0000000714e00000|100%| O|  |TAMS 0x0000000714e00000, 0x0000000714c00000| Untracked 
|  81|0x0000000714e00000, 0x0000000715000000, 0x0000000715000000|100%| O|  |TAMS 0x0000000715000000, 0x0000000714e00000| Untracked 
|  82|0x0000000715000000, 0x0000000715200000, 0x0000000715200000|100%| O|  |TAMS 0x0000000715200000, 0x0000000715000000| Untracked 
|  83|0x0000000715200000, 0x0000000715400000, 0x0000000715400000|100%| O|  |TAMS 0x0000000715400000, 0x0000000715200000| Untracked 
|  84|0x0000000715400000, 0x0000000715600000, 0x0000000715600000|100%| O|  |TAMS 0x0000000715600000, 0x0000000715400000| Untracked 
|  85|0x0000000715600000, 0x0000000715800000, 0x0000000715800000|100%| O|  |TAMS 0x0000000715800000, 0x0000000715600000| Untracked 
|  86|0x0000000715800000, 0x0000000715a00000, 0x0000000715a00000|100%| O|  |TAMS 0x0000000715a00000, 0x0000000715800000| Untracked 
|  87|0x0000000715a00000, 0x0000000715c00000, 0x0000000715c00000|100%| O|  |TAMS 0x0000000715c00000, 0x0000000715a00000| Untracked 
|  88|0x0000000715c00000, 0x0000000715e00000, 0x0000000715e00000|100%| O|  |TAMS 0x0000000715e00000, 0x0000000715c00000| Untracked 
|  89|0x0000000715e00000, 0x0000000716000000, 0x0000000716000000|100%| O|  |TAMS 0x0000000716000000, 0x0000000715e00000| Untracked 
|  90|0x0000000716000000, 0x0000000716200000, 0x0000000716200000|100%| O|  |TAMS 0x0000000716200000, 0x0000000716000000| Untracked 
|  91|0x0000000716200000, 0x0000000716400000, 0x0000000716400000|100%| O|  |TAMS 0x0000000716400000, 0x0000000716200000| Untracked 
|  92|0x0000000716400000, 0x0000000716600000, 0x0000000716600000|100%| O|  |TAMS 0x0000000716600000, 0x0000000716400000| Untracked 
|  93|0x0000000716600000, 0x0000000716800000, 0x0000000716800000|100%| O|  |TAMS 0x00000007167e8a00, 0x0000000716600000| Untracked 
|  94|0x0000000716800000, 0x0000000716a00000, 0x0000000716a00000|100%| O|  |TAMS 0x0000000716800000, 0x0000000716800000| Untracked 
|  95|0x0000000716a00000, 0x0000000716c00000, 0x0000000716c00000|100%| O|  |TAMS 0x0000000716a00000, 0x0000000716a00000| Untracked 
|  96|0x0000000716c00000, 0x0000000716e00000, 0x0000000716e00000|100%| O|  |TAMS 0x0000000716c00000, 0x0000000716c00000| Untracked 
|  97|0x0000000716e00000, 0x0000000717000000, 0x0000000717000000|100%| O|  |TAMS 0x0000000716e00000, 0x0000000716e00000| Untracked 
|  98|0x0000000717000000, 0x0000000717200000, 0x0000000717200000|100%| O|  |TAMS 0x0000000717000000, 0x0000000717000000| Untracked 
|  99|0x0000000717200000, 0x0000000717400000, 0x0000000717400000|100%| O|  |TAMS 0x0000000717200000, 0x0000000717200000| Untracked 
| 100|0x0000000717400000, 0x0000000717600000, 0x0000000717600000|100%| O|  |TAMS 0x0000000717400000, 0x0000000717400000| Untracked 
| 101|0x0000000717600000, 0x0000000717800000, 0x0000000717800000|100%| O|  |TAMS 0x0000000717600000, 0x0000000717600000| Untracked 
| 102|0x0000000717800000, 0x0000000717a00000, 0x0000000717a00000|100%| O|  |TAMS 0x0000000717800000, 0x0000000717800000| Untracked 
| 103|0x0000000717a00000, 0x0000000717c00000, 0x0000000717c00000|100%| O|  |TAMS 0x0000000717a00000, 0x0000000717a00000| Untracked 
| 104|0x0000000717c00000, 0x0000000717e00000, 0x0000000717e00000|100%| O|  |TAMS 0x0000000717c00000, 0x0000000717c00000| Untracked 
| 105|0x0000000717e00000, 0x0000000718000000, 0x0000000718000000|100%| O|  |TAMS 0x0000000717e00000, 0x0000000717e00000| Untracked 
| 106|0x0000000718000000, 0x0000000718200000, 0x0000000718200000|100%| O|  |TAMS 0x0000000718000000, 0x0000000718000000| Untracked 
| 107|0x0000000718200000, 0x0000000718400000, 0x0000000718400000|100%| O|  |TAMS 0x0000000718200000, 0x0000000718200000| Untracked 
| 108|0x0000000718400000, 0x0000000718600000, 0x0000000718600000|100%| O|  |TAMS 0x0000000718400000, 0x0000000718400000| Untracked 
| 109|0x0000000718600000, 0x0000000718800000, 0x0000000718800000|100%| O|  |TAMS 0x0000000718600000, 0x0000000718600000| Untracked 
| 110|0x0000000718800000, 0x0000000718a00000, 0x0000000718a00000|100%| O|  |TAMS 0x0000000718800000, 0x0000000718800000| Untracked 
| 111|0x0000000718a00000, 0x0000000718c00000, 0x0000000718c00000|100%| O|  |TAMS 0x0000000718a00000, 0x0000000718a00000| Untracked 
| 112|0x0000000718c00000, 0x0000000718e00000, 0x0000000718e00000|100%| O|  |TAMS 0x0000000718c00000, 0x0000000718c00000| Untracked 
| 113|0x0000000718e00000, 0x0000000719000000, 0x0000000719000000|100%| O|  |TAMS 0x0000000718e00000, 0x0000000718e00000| Untracked 
| 114|0x0000000719000000, 0x0000000719200000, 0x0000000719200000|100%| O|  |TAMS 0x0000000719000000, 0x0000000719000000| Untracked 
| 115|0x0000000719200000, 0x0000000719400000, 0x0000000719400000|100%| O|  |TAMS 0x0000000719200000, 0x0000000719200000| Untracked 
| 116|0x0000000719400000, 0x0000000719600000, 0x0000000719600000|100%| O|  |TAMS 0x0000000719400000, 0x0000000719400000| Untracked 
| 117|0x0000000719600000, 0x00000007196b7400, 0x0000000719800000| 35%| O|  |TAMS 0x0000000719600000, 0x0000000719600000| Untracked 
| 118|0x0000000719800000, 0x0000000719800000, 0x0000000719a00000|  0%| F|  |TAMS 0x0000000719800000, 0x0000000719800000| Untracked 
| 119|0x0000000719a00000, 0x0000000719a00000, 0x0000000719c00000|  0%| F|  |TAMS 0x0000000719a00000, 0x0000000719a00000| Untracked 
| 120|0x0000000719c00000, 0x0000000719c00000, 0x0000000719e00000|  0%| F|  |TAMS 0x0000000719c00000, 0x0000000719c00000| Untracked 
| 121|0x0000000719e00000, 0x0000000719e00000, 0x000000071a000000|  0%| F|  |TAMS 0x0000000719e00000, 0x0000000719e00000| Untracked 
| 122|0x000000071a000000, 0x000000071a000000, 0x000000071a200000|  0%| F|  |TAMS 0x000000071a000000, 0x000000071a000000| Untracked 
| 123|0x000000071a200000, 0x000000071a200000, 0x000000071a400000|  0%| F|  |TAMS 0x000000071a200000, 0x000000071a200000| Untracked 
| 124|0x000000071a400000, 0x000000071a400000, 0x000000071a600000|  0%| F|  |TAMS 0x000000071a400000, 0x000000071a400000| Untracked 
| 125|0x000000071a600000, 0x000000071a600000, 0x000000071a800000|  0%| F|  |TAMS 0x000000071a600000, 0x000000071a600000| Untracked 
| 126|0x000000071a800000, 0x000000071a800000, 0x000000071aa00000|  0%| F|  |TAMS 0x000000071a800000, 0x000000071a800000| Untracked 
| 127|0x000000071aa00000, 0x000000071aa00000, 0x000000071ac00000|  0%| F|  |TAMS 0x000000071aa00000, 0x000000071aa00000| Untracked 
| 128|0x000000071ac00000, 0x000000071ac00000, 0x000000071ae00000|  0%| F|  |TAMS 0x000000071ac00000, 0x000000071ac00000| Untracked 
| 129|0x000000071ae00000, 0x000000071ae00000, 0x000000071b000000|  0%| F|  |TAMS 0x000000071ae00000, 0x000000071ae00000| Untracked 
| 130|0x000000071b000000, 0x000000071b000000, 0x000000071b200000|  0%| F|  |TAMS 0x000000071b000000, 0x000000071b000000| Untracked 
| 131|0x000000071b200000, 0x000000071b200000, 0x000000071b400000|  0%| F|  |TAMS 0x000000071b200000, 0x000000071b200000| Untracked 
| 132|0x000000071b400000, 0x000000071b400000, 0x000000071b600000|  0%| F|  |TAMS 0x000000071b400000, 0x000000071b400000| Untracked 
| 133|0x000000071b600000, 0x000000071b600000, 0x000000071b800000|  0%| F|  |TAMS 0x000000071b600000, 0x000000071b600000| Untracked 
| 134|0x000000071b800000, 0x000000071b800000, 0x000000071ba00000|  0%| F|  |TAMS 0x000000071b800000, 0x000000071b800000| Untracked 
| 135|0x000000071ba00000, 0x000000071ba00000, 0x000000071bc00000|  0%| F|  |TAMS 0x000000071ba00000, 0x000000071ba00000| Untracked 
| 136|0x000000071bc00000, 0x000000071bc00000, 0x000000071be00000|  0%| F|  |TAMS 0x000000071bc00000, 0x000000071bc00000| Untracked 
| 137|0x000000071be00000, 0x000000071be00000, 0x000000071c000000|  0%| F|  |TAMS 0x000000071be00000, 0x000000071be00000| Untracked 
| 138|0x000000071c000000, 0x000000071c000000, 0x000000071c200000|  0%| F|  |TAMS 0x000000071c000000, 0x000000071c000000| Untracked 
| 139|0x000000071c200000, 0x000000071c381548, 0x000000071c400000| 75%| S|CS|TAMS 0x000000071c200000, 0x000000071c200000| Complete 
| 140|0x000000071c400000, 0x000000071c400000, 0x000000071c600000|  0%| F|  |TAMS 0x000000071c400000, 0x000000071c400000| Untracked 
| 141|0x000000071c600000, 0x000000071c800000, 0x000000071c800000|100%| S|CS|TAMS 0x000000071c600000, 0x000000071c600000| Complete 
| 142|0x000000071c800000, 0x000000071c800000, 0x000000071ca00000|  0%| F|  |TAMS 0x000000071c800000, 0x000000071c800000| Untracked 
| 143|0x000000071ca00000, 0x000000071cc00000, 0x000000071cc00000|100%| S|CS|TAMS 0x000000071ca00000, 0x000000071ca00000| Complete 
| 144|0x000000071cc00000, 0x000000071cc00000, 0x000000071ce00000|  0%| F|  |TAMS 0x000000071cc00000, 0x000000071cc00000| Untracked 
| 145|0x000000071ce00000, 0x000000071ce00000, 0x000000071d000000|  0%| F|  |TAMS 0x000000071ce00000, 0x000000071ce00000| Untracked 
| 146|0x000000071d000000, 0x000000071d000000, 0x000000071d200000|  0%| F|  |TAMS 0x000000071d000000, 0x000000071d000000| Untracked 
| 147|0x000000071d200000, 0x000000071d200000, 0x000000071d400000|  0%| F|  |TAMS 0x000000071d200000, 0x000000071d200000| Untracked 
| 148|0x000000071d400000, 0x000000071d400000, 0x000000071d600000|  0%| F|  |TAMS 0x000000071d400000, 0x000000071d400000| Untracked 
| 149|0x000000071d600000, 0x000000071d600000, 0x000000071d800000|  0%| F|  |TAMS 0x000000071d600000, 0x000000071d600000| Untracked 
| 150|0x000000071d800000, 0x000000071d800000, 0x000000071da00000|  0%| F|  |TAMS 0x000000071d800000, 0x000000071d800000| Untracked 
| 151|0x000000071da00000, 0x000000071da00000, 0x000000071dc00000|  0%| F|  |TAMS 0x000000071da00000, 0x000000071da00000| Untracked 
| 152|0x000000071dc00000, 0x000000071dc00000, 0x000000071de00000|  0%| F|  |TAMS 0x000000071dc00000, 0x000000071dc00000| Untracked 
| 153|0x000000071de00000, 0x000000071de00000, 0x000000071e000000|  0%| F|  |TAMS 0x000000071de00000, 0x000000071de00000| Untracked 
| 154|0x000000071e000000, 0x000000071e000000, 0x000000071e200000|  0%| F|  |TAMS 0x000000071e000000, 0x000000071e000000| Untracked 
| 155|0x000000071e200000, 0x000000071e200000, 0x000000071e400000|  0%| F|  |TAMS 0x000000071e200000, 0x000000071e200000| Untracked 
| 156|0x000000071e400000, 0x000000071e400000, 0x000000071e600000|  0%| F|  |TAMS 0x000000071e400000, 0x000000071e400000| Untracked 
| 157|0x000000071e600000, 0x000000071e600000, 0x000000071e800000|  0%| F|  |TAMS 0x000000071e600000, 0x000000071e600000| Untracked 
| 158|0x000000071e800000, 0x000000071e800000, 0x000000071ea00000|  0%| F|  |TAMS 0x000000071e800000, 0x000000071e800000| Untracked 
| 159|0x000000071ea00000, 0x000000071ea00000, 0x000000071ec00000|  0%| F|  |TAMS 0x000000071ea00000, 0x000000071ea00000| Untracked 
| 160|0x000000071ec00000, 0x000000071ec00000, 0x000000071ee00000|  0%| F|  |TAMS 0x000000071ec00000, 0x000000071ec00000| Untracked 
| 161|0x000000071ee00000, 0x000000071ee00000, 0x000000071f000000|  0%| F|  |TAMS 0x000000071ee00000, 0x000000071ee00000| Untracked 
| 162|0x000000071f000000, 0x000000071f000000, 0x000000071f200000|  0%| F|  |TAMS 0x000000071f000000, 0x000000071f000000| Untracked 
| 163|0x000000071f200000, 0x000000071f200000, 0x000000071f400000|  0%| F|  |TAMS 0x000000071f200000, 0x000000071f200000| Untracked 
| 164|0x000000071f400000, 0x000000071f400000, 0x000000071f600000|  0%| F|  |TAMS 0x000000071f400000, 0x000000071f400000| Untracked 
| 165|0x000000071f600000, 0x000000071f600000, 0x000000071f800000|  0%| F|  |TAMS 0x000000071f600000, 0x000000071f600000| Untracked 
| 166|0x000000071f800000, 0x000000071f800000, 0x000000071fa00000|  0%| F|  |TAMS 0x000000071f800000, 0x000000071f800000| Untracked 
| 167|0x000000071fa00000, 0x000000071fa00000, 0x000000071fc00000|  0%| F|  |TAMS 0x000000071fa00000, 0x000000071fa00000| Untracked 
| 168|0x000000071fc00000, 0x000000071fc00000, 0x000000071fe00000|  0%| F|  |TAMS 0x000000071fc00000, 0x000000071fc00000| Untracked 
| 169|0x000000071fe00000, 0x000000071fe00000, 0x0000000720000000|  0%| F|  |TAMS 0x000000071fe00000, 0x000000071fe00000| Untracked 
| 170|0x0000000720000000, 0x0000000720000000, 0x0000000720200000|  0%| F|  |TAMS 0x0000000720000000, 0x0000000720000000| Untracked 
| 171|0x0000000720200000, 0x0000000720400000, 0x0000000720400000|100%| E|  |TAMS 0x0000000720200000, 0x0000000720200000| Complete 

Card table byte_map: [0x00000218f45e0000,0x00000218f4d90000] _byte_map_base: 0x00000218f0d8a000

Marking Bits (Prev, Next): (CMBitMap*) 0x00000218f04638e0, (CMBitMap*) 0x00000218f0463920
 Prev Bits: [0x00000218f5540000, 0x00000218f9290000)
 Next Bits: [0x00000218f9290000, 0x00000218fcfe0000)

Polling page: 0x00000218efbb0000

Metaspace:

Usage:
  Non-class:     82.23 MB used.
      Class:      9.37 MB used.
       Both:     91.60 MB used.

Virtual space:
  Non-class space:      128.00 MB reserved,      82.44 MB ( 64%) committed,  2 nodes.
      Class space:        1.00 GB reserved,       9.56 MB ( <1%) committed,  1 nodes.
             Both:        1.12 GB reserved,      92.00 MB (  8%) committed. 

Chunk freelists:
   Non-Class:  13.38 MB
       Class:  6.44 MB
        Both:  19.81 MB

MaxMetaspaceSize: unlimited
CompressedClassSpaceSize: 1.00 GB
Initial GC threshold: 21.00 MB
Current GC threshold: 123.44 MB
CDS: off
MetaspaceReclaimPolicy: balanced
 - commit_granule_bytes: 65536.
 - commit_granule_words: 8192.
 - virtual_space_node_default_size: 8388608.
 - enlarge_chunks_in_place: 1.
 - new_chunks_are_fully_committed: 0.
 - uncommit_free_chunks: 1.
 - use_allocation_guard: 0.
 - handle_deallocations: 1.


Internal statistics:

num_allocs_failed_limit: 6.
num_arena_births: 732.
num_arena_deaths: 0.
num_vsnodes_births: 3.
num_vsnodes_deaths: 0.
num_space_committed: 1470.
num_space_uncommitted: 0.
num_chunks_returned_to_freelist: 6.
num_chunks_taken_from_freelist: 4061.
num_chunk_merges: 6.
num_chunk_splits: 3108.
num_chunks_enlarged: 2530.
num_inconsistent_stats: 0.

CodeHeap 'non-profiled nmethods': size=120000Kb used=18346Kb max_used=18346Kb free=101653Kb
 bounds [0x0000021887ad0000, 0x0000021888cc0000, 0x000002188f000000]
CodeHeap 'profiled nmethods': size=120000Kb used=58833Kb max_used=58833Kb free=61166Kb
 bounds [0x0000021880000000, 0x0000021883980000, 0x0000021887530000]
CodeHeap 'non-nmethods': size=5760Kb used=1425Kb max_used=1491Kb free=4334Kb
 bounds [0x0000021887530000, 0x00000218877a0000, 0x0000021887ad0000]
 total_blobs=21159 nmethods=20409 adapters=657
 compilation: enabled
              stopped_count=0, restarted_count=0
 full_count=0

Compilation events (20 events):
Event: 55.608 Thread 0x00000218930acdd0 nmethod 27635 0x0000021882e89090 code [0x0000021882e89240, 0x0000021882e893c8]
Event: 55.608 Thread 0x00000218930acdd0 27636       3       org.jetbrains.org.objectweb.asm.tree.MethodNode::visitLocalVariable (40 bytes)
Event: 55.608 Thread 0x00000218930acdd0 nmethod 27636 0x0000021883942b90 code [0x0000021883942de0, 0x0000021883943ba8]
Event: 55.608 Thread 0x00000218930acdd0 27638       3       org.jetbrains.kotlin.codegen.inline.SourcePosition::<init> (32 bytes)
Event: 55.609 Thread 0x00000218930acdd0 nmethod 27638 0x0000021883944010 code [0x00000218839442a0, 0x0000021883944e38]
Event: 55.609 Thread 0x00000218930acdd0 27639       3       org.jetbrains.kotlin.codegen.optimization.LabelNormalizationMethodTransformerKt::replaceNodeGetNext (34 bytes)
Event: 55.610 Thread 0x00000218930acdd0 nmethod 27639 0x0000021883945210 code [0x0000021883945540, 0x0000021883946578]
Event: 55.610 Thread 0x0000021895f027a0 nmethod 27637 0x0000021888cb7110 code [0x0000021888cb72e0, 0x0000021888cb74e8]
Event: 55.610 Thread 0x00000218930acdd0 27642       3       org.jetbrains.kotlin.codegen.optimization.nullCheck.NullabilityInterpreter::unaryOperation (13 bytes)
Event: 55.610 Thread 0x0000021895f027a0 27640       4       org.jetbrains.kotlin.codegen.pseudoInsns.PseudoInsnsKt::parsePseudoInsnOrNull (34 bytes)
Event: 55.610 Thread 0x00000218930acdd0 nmethod 27642 0x0000021882f1d690 code [0x0000021882f1d840, 0x0000021882f1da68]
Event: 55.610 Thread 0x00000218930acdd0 27644       3       org.jetbrains.kotlin.codegen.optimization.common.OptimizationBasicInterpreter::isReference (39 bytes)
Event: 55.610 Thread 0x00000218930acdd0 nmethod 27644 0x0000021883946b10 code [0x0000021883946ce0, 0x0000021883947188]
Event: 55.610 Thread 0x00000218930acdd0 27646       3       org.jetbrains.kotlin.codegen.optimization.common.InstructionLivenessAnalyzer::visitJumpInsnNode (48 bytes)
Event: 55.610 Thread 0x00000218930acdd0 nmethod 27646 0x0000021883947310 code [0x0000021883947500, 0x0000021883947918]
Event: 55.611 Thread 0x00000218930acdd0 27647       3       org.jetbrains.org.objectweb.asm.MethodWriter::visitLabel (328 bytes)
Event: 55.611 Thread 0x00000218930acdd0 nmethod 27647 0x0000021883947b10 code [0x0000021883947d80, 0x0000021883948ba8]
Event: 55.612 Thread 0x0000021895f027a0 nmethod 27640 0x0000021888cb7790 code [0x0000021888cb7940, 0x0000021888cb7b78]
Event: 55.612 Thread 0x0000021895f027a0 27643   !   4       org.jetbrains.kotlin.codegen.optimization.common.FastMethodAnalyzer::mergeControlFlowEdge (233 bytes)
Event: 55.613 Thread 0x00000218930acdd0 27648       3       org.jetbrains.kotlin.codegen.optimization.common.FastMethodAnalyzer$Companion::findMergeNodes (347 bytes)

GC Heap History (20 events):
Event: 47.711 GC heap before
{Heap before GC invocations=46 (full 0):
 garbage-first heap   total 352256K, used 298914K [0x000000070ac00000, 0x0000000800000000)
  region size 2048K, 53 young (108544K), 2 survivors (4096K)
 Metaspace       used 76229K, committed 76608K, reserved 1179648K
  class space    used 8126K, committed 8320K, reserved 1048576K
}
Event: 47.732 GC heap after
{Heap after GC invocations=47 (full 0):
 garbage-first heap   total 352256K, used 210045K [0x000000070ac00000, 0x0000000800000000)
  region size 2048K, 7 young (14336K), 7 survivors (14336K)
 Metaspace       used 76229K, committed 76608K, reserved 1179648K
  class space    used 8126K, committed 8320K, reserved 1048576K
}
Event: 47.766 GC heap before
{Heap before GC invocations=47 (full 0):
 garbage-first heap   total 352256K, used 212093K [0x000000070ac00000, 0x0000000800000000)
  region size 2048K, 8 young (16384K), 7 survivors (14336K)
 Metaspace       used 76234K, committed 76672K, reserved 1179648K
  class space    used 8126K, committed 8320K, reserved 1048576K
}
Event: 47.781 GC heap after
{Heap after GC invocations=48 (full 0):
 garbage-first heap   total 352256K, used 211502K [0x000000070ac00000, 0x0000000800000000)
  region size 2048K, 1 young (2048K), 1 survivors (2048K)
 Metaspace       used 76234K, committed 76672K, reserved 1179648K
  class space    used 8126K, committed 8320K, reserved 1048576K
}
Event: 49.354 GC heap before
{Heap before GC invocations=48 (full 0):
 garbage-first heap   total 352256K, used 293422K [0x000000070ac00000, 0x0000000800000000)
  region size 2048K, 41 young (83968K), 1 survivors (2048K)
 Metaspace       used 80563K, committed 81024K, reserved 1179648K
  class space    used 8536K, committed 8768K, reserved 1048576K
}
Event: 49.367 GC heap after
{Heap after GC invocations=49 (full 0):
 garbage-first heap   total 352256K, used 221742K [0x000000070ac00000, 0x0000000800000000)
  region size 2048K, 6 young (12288K), 6 survivors (12288K)
 Metaspace       used 80563K, committed 81024K, reserved 1179648K
  class space    used 8536K, committed 8768K, reserved 1048576K
}
Event: 50.814 GC heap before
{Heap before GC invocations=49 (full 0):
 garbage-first heap   total 352256K, used 291374K [0x000000070ac00000, 0x0000000800000000)
  region size 2048K, 40 young (81920K), 6 survivors (12288K)
 Metaspace       used 86381K, committed 86848K, reserved 1179648K
  class space    used 9090K, committed 9344K, reserved 1048576K
}
Event: 50.829 GC heap after
{Heap after GC invocations=50 (full 0):
 garbage-first heap   total 352256K, used 230259K [0x000000070ac00000, 0x0000000800000000)
  region size 2048K, 5 young (10240K), 5 survivors (10240K)
 Metaspace       used 86381K, committed 86848K, reserved 1179648K
  class space    used 9090K, committed 9344K, reserved 1048576K
}
Event: 51.591 GC heap before
{Heap before GC invocations=50 (full 0):
 garbage-first heap   total 352256K, used 291699K [0x000000070ac00000, 0x0000000800000000)
  region size 2048K, 35 young (71680K), 5 survivors (10240K)
 Metaspace       used 87884K, committed 88320K, reserved 1179648K
  class space    used 9188K, committed 9408K, reserved 1048576K
}
Event: 51.600 GC heap after
{Heap after GC invocations=51 (full 0):
 garbage-first heap   total 352256K, used 232757K [0x000000070ac00000, 0x0000000800000000)
  region size 2048K, 2 young (4096K), 2 survivors (4096K)
 Metaspace       used 87884K, committed 88320K, reserved 1179648K
  class space    used 9188K, committed 9408K, reserved 1048576K
}
Event: 52.161 GC heap before
{Heap before GC invocations=51 (full 0):
 garbage-first heap   total 352256K, used 294197K [0x000000070ac00000, 0x0000000800000000)
  region size 2048K, 32 young (65536K), 2 survivors (4096K)
 Metaspace       used 88342K, committed 88768K, reserved 1179648K
  class space    used 9195K, committed 9408K, reserved 1048576K
}
Event: 52.166 GC heap after
{Heap after GC invocations=52 (full 0):
 garbage-first heap   total 352256K, used 233396K [0x000000070ac00000, 0x0000000800000000)
  region size 2048K, 2 young (4096K), 2 survivors (4096K)
 Metaspace       used 88342K, committed 88768K, reserved 1179648K
  class space    used 9195K, committed 9408K, reserved 1048576K
}
Event: 52.618 GC heap before
{Heap before GC invocations=52 (full 0):
 garbage-first heap   total 352256K, used 296884K [0x000000070ac00000, 0x0000000800000000)
  region size 2048K, 33 young (67584K), 2 survivors (4096K)
 Metaspace       used 88696K, committed 89152K, reserved 1179648K
  class space    used 9222K, committed 9472K, reserved 1048576K
}
Event: 52.625 GC heap after
{Heap after GC invocations=53 (full 0):
 garbage-first heap   total 352256K, used 237441K [0x000000070ac00000, 0x0000000800000000)
  region size 2048K, 4 young (8192K), 4 survivors (8192K)
 Metaspace       used 88696K, committed 89152K, reserved 1179648K
  class space    used 9222K, committed 9472K, reserved 1048576K
}
Event: 53.673 GC heap before
{Heap before GC invocations=53 (full 0):
 garbage-first heap   total 352256K, used 298881K [0x000000070ac00000, 0x0000000800000000)
  region size 2048K, 34 young (69632K), 4 survivors (8192K)
 Metaspace       used 89167K, committed 89600K, reserved 1179648K
  class space    used 9233K, committed 9472K, reserved 1048576K
}
Event: 53.683 GC heap after
{Heap after GC invocations=54 (full 0):
 garbage-first heap   total 352256K, used 240516K [0x000000070ac00000, 0x0000000800000000)
  region size 2048K, 4 young (8192K), 4 survivors (8192K)
 Metaspace       used 89167K, committed 89600K, reserved 1179648K
  class space    used 9233K, committed 9472K, reserved 1048576K
}
Event: 54.545 GC heap before
{Heap before GC invocations=54 (full 0):
 garbage-first heap   total 352256K, used 299908K [0x000000070ac00000, 0x0000000800000000)
  region size 2048K, 33 young (67584K), 4 survivors (8192K)
 Metaspace       used 89795K, committed 90176K, reserved 1179648K
  class space    used 9257K, committed 9472K, reserved 1048576K
}
Event: 54.555 GC heap after
{Heap after GC invocations=55 (full 0):
 garbage-first heap   total 352256K, used 243930K [0x000000070ac00000, 0x0000000800000000)
  region size 2048K, 4 young (8192K), 4 survivors (8192K)
 Metaspace       used 89795K, committed 90176K, reserved 1179648K
  class space    used 9257K, committed 9472K, reserved 1048576K
}
Event: 55.588 GC heap before
{Heap before GC invocations=55 (full 0):
 garbage-first heap   total 352256K, used 301274K [0x000000070ac00000, 0x0000000800000000)
  region size 2048K, 32 young (65536K), 4 survivors (8192K)
 Metaspace       used 93697K, committed 94144K, reserved 1179648K
  class space    used 9585K, committed 9792K, reserved 1048576K
}
Event: 55.599 GC heap after
{Heap after GC invocations=56 (full 0):
 garbage-first heap   total 352256K, used 245986K [0x000000070ac00000, 0x0000000800000000)
  region size 2048K, 3 young (6144K), 3 survivors (6144K)
 Metaspace       used 93697K, committed 94144K, reserved 1179648K
  class space    used 9585K, committed 9792K, reserved 1048576K
}

Dll operation events (2 events):
Event: 0.007 Loaded shared library D:\Android\jbr\bin\java.dll
Event: 0.928 Loaded shared library D:\Android\jbr\bin\verify.dll

Deoptimization events (20 events):
Event: 55.568 Thread 0x00000218f03f8e80 Uncommon trap: trap_request=0xffffffc6 fr.pc=0x0000021888a33604 relative=0x00000000000009e4
Event: 55.568 Thread 0x00000218f03f8e80 Uncommon trap: reason=bimorphic_or_optimized_type_check action=maybe_recompile pc=0x0000021888a33604 method=java.util.AbstractCollection.containsAll(Ljava/util/Collection;)Z @ 17 c2
Event: 55.568 Thread 0x00000218f03f8e80 DEOPT PACKING pc=0x0000021888a33604 sp=0x00000084b7afba70
Event: 55.568 Thread 0x00000218f03f8e80 DEOPT UNPACKING pc=0x00000218875869a3 sp=0x00000084b7afba40 mode 2
Event: 55.610 Thread 0x00000218f03f8e80 Uncommon trap: trap_request=0xffffffde fr.pc=0x0000021888cb65f4 relative=0x00000000000002d4
Event: 55.610 Thread 0x00000218f03f8e80 Uncommon trap: reason=class_check action=maybe_recompile pc=0x0000021888cb65f4 method=java.util.HashSet.clear()V @ 4 c2
Event: 55.610 Thread 0x00000218f03f8e80 DEOPT PACKING pc=0x0000021888cb65f4 sp=0x00000084b7afdc90
Event: 55.610 Thread 0x00000218f03f8e80 DEOPT UNPACKING pc=0x00000218875869a3 sp=0x00000084b7afdc50 mode 2
Event: 55.610 Thread 0x00000218f03f8e80 Uncommon trap: trap_request=0xffffffde fr.pc=0x0000021888cb65f4 relative=0x00000000000002d4
Event: 55.610 Thread 0x00000218f03f8e80 Uncommon trap: reason=class_check action=maybe_recompile pc=0x0000021888cb65f4 method=java.util.HashSet.clear()V @ 4 c2
Event: 55.610 Thread 0x00000218f03f8e80 DEOPT PACKING pc=0x0000021888cb65f4 sp=0x00000084b7afdc90
Event: 55.610 Thread 0x00000218f03f8e80 DEOPT UNPACKING pc=0x00000218875869a3 sp=0x00000084b7afdc50 mode 2
Event: 55.610 Thread 0x00000218f03f8e80 Uncommon trap: trap_request=0xffffffde fr.pc=0x0000021888cb65f4 relative=0x00000000000002d4
Event: 55.610 Thread 0x00000218f03f8e80 Uncommon trap: reason=class_check action=maybe_recompile pc=0x0000021888cb65f4 method=java.util.HashSet.clear()V @ 4 c2
Event: 55.610 Thread 0x00000218f03f8e80 DEOPT PACKING pc=0x0000021888cb65f4 sp=0x00000084b7afdc90
Event: 55.610 Thread 0x00000218f03f8e80 DEOPT UNPACKING pc=0x00000218875869a3 sp=0x00000084b7afdc50 mode 2
Event: 55.610 Thread 0x00000218f03f8e80 Uncommon trap: trap_request=0xffffffde fr.pc=0x0000021888cb65f4 relative=0x00000000000002d4
Event: 55.610 Thread 0x00000218f03f8e80 Uncommon trap: reason=class_check action=maybe_recompile pc=0x0000021888cb65f4 method=java.util.HashSet.clear()V @ 4 c2
Event: 55.610 Thread 0x00000218f03f8e80 DEOPT PACKING pc=0x0000021888cb65f4 sp=0x00000084b7afdc90
Event: 55.610 Thread 0x00000218f03f8e80 DEOPT UNPACKING pc=0x00000218875869a3 sp=0x00000084b7afdc50 mode 2

Classes unloaded (0 events):
No events

Classes redefined (0 events):
No events

Internal exceptions (20 events):
Event: 16.517 Thread 0x00000218f03f8e80 Implicit null exception at 0x00000218881031ac to 0x0000021888103274
Event: 18.434 Thread 0x00000218f03f8e80 Implicit null exception at 0x0000021887d43ef7 to 0x0000021887d44494
Event: 18.436 Thread 0x00000218f03f8e80 Implicit null exception at 0x0000021887dc3af7 to 0x0000021887dc410c
Event: 18.436 Thread 0x00000218f03f8e80 Implicit null exception at 0x0000021887bc2393 to 0x0000021887bc2828
Event: 35.438 Thread 0x00000218f03f8e80 Implicit null exception at 0x00000218887c269b to 0x00000218887c7c0c
Event: 43.217 Thread 0x00000218f03f8e80 Implicit null exception at 0x0000021888aac2fb to 0x0000021888aae858
Event: 43.858 Thread 0x00000218f03f8e80 Implicit null exception at 0x00000218881cc832 to 0x00000218881cd134
Event: 43.908 Thread 0x00000218f03f8e80 Implicit null exception at 0x00000218887d8912 to 0x00000218887d8cd4
Event: 45.340 Thread 0x00000218f03f8e80 Exception <a 'java/lang/NoSuchMethodError'{0x000000071bf59b20}: 'java.lang.Object java.lang.invoke.DirectMethodHandle$Holder.invokeStaticInit(java.lang.Object, java.lang.Object, java.lang.Object, java.lang.Object)'> (0x000000071bf59b20) 
thrown [s\src\hotspot\share\interpreter\linkResolver.cpp, line 771]
Event: 45.708 Thread 0x00000218f03f8e80 Exception <a 'java/lang/NoSuchMethodError'{0x000000071a4d3008}: 'java.lang.Object java.lang.invoke.DirectMethodHandle$Holder.newInvokeSpecial(java.lang.Object, java.lang.Object, java.lang.Object, int, int)'> (0x000000071a4d3008) 
thrown [s\src\hotspot\share\interpreter\linkResolver.cpp, line 771]
Event: 45.709 Thread 0x00000218f03f8e80 Exception <a 'java/lang/NoSuchMethodError'{0x000000071a4d6e48}: 'java.lang.Object java.lang.invoke.DirectMethodHandle$Holder.invokeSpecial(java.lang.Object, java.lang.Object, java.lang.Object, java.lang.Object, int, int)'> (0x000000071a4d6e48) 
thrown [s\src\hotspot\share\interpreter\linkResolver.cpp, line 771]
Event: 45.749 Thread 0x00000218f03f8e80 Exception <a 'java/lang/NoSuchMethodError'{0x000000071a2925a8}: 'java.lang.Object java.lang.invoke.Invokers$Holder.linkToTargetMethod(java.lang.Object, java.lang.Object, int, int, java.lang.Object, java.lang.Object, java.lang.Object, java.lang.Object, java.lang.Object)'> (0x000000071a2925a8) 
thrown [s\src\hotspot\share\interpreter\linkResolver.cpp, line 771]
Event: 46.368 Thread 0x00000218f03f8e80 Exception <a 'java/lang/NoSuchMethodError'{0x000000071f0457e8}: 'java.lang.Object java.lang.invoke.DirectMethodHandle$Holder.newInvokeSpecial(java.lang.Object, java.lang.Object, int, int, java.lang.Object, java.lang.Object, java.lang.Object)'> (0x000000071f0457e8) 
thrown [s\src\hotspot\share\interpreter\linkResolver.cpp, line 771]
Event: 46.369 Thread 0x00000218f03f8e80 Exception <a 'java/lang/NoSuchMethodError'{0x000000071f049e80}: 'java.lang.Object java.lang.invoke.DirectMethodHandle$Holder.invokeSpecial(java.lang.Object, java.lang.Object, java.lang.Object, int, int, java.lang.Object, java.lang.Object, java.lang.Object)'> (0x000000071f049e80) 
thrown [s\src\hotspot\share\interpreter\linkResolver.cpp, line 771]
Event: 47.431 Thread 0x00000218f03f8e80 Implicit null exception at 0x0000021888844e28 to 0x0000021888845740
Event: 49.124 Thread 0x00000218f03f8e80 Implicit null exception at 0x000002188802e70f to 0x000002188802e75e
Event: 50.261 Thread 0x00000218f03f8e80 Implicit null exception at 0x0000021888789093 to 0x0000021888789950
Event: 54.346 Thread 0x00000218f03f8e80 Implicit null exception at 0x00000218887fb2bc to 0x00000218887fc52c
Event: 54.349 Thread 0x00000218f03f8e80 Implicit null exception at 0x0000021888a87024 to 0x0000021888a87aa4
Event: 54.357 Thread 0x00000218f03f8e80 Implicit null exception at 0x00000218883048e2 to 0x0000021888305acc

VM Operations (20 events):
Event: 54.971 Executing VM operation: ICBufferFull
Event: 54.972 Executing VM operation: ICBufferFull done
Event: 54.975 Executing VM operation: HandshakeAllThreads
Event: 54.975 Executing VM operation: HandshakeAllThreads done
Event: 54.979 Executing VM operation: HandshakeAllThreads
Event: 54.980 Executing VM operation: HandshakeAllThreads done
Event: 54.995 Executing VM operation: HandshakeAllThreads
Event: 54.996 Executing VM operation: HandshakeAllThreads done
Event: 55.000 Executing VM operation: HandshakeAllThreads
Event: 55.000 Executing VM operation: HandshakeAllThreads done
Event: 55.030 Executing VM operation: HandshakeAllThreads
Event: 55.030 Executing VM operation: HandshakeAllThreads done
Event: 55.068 Executing VM operation: HandshakeAllThreads
Event: 55.068 Executing VM operation: HandshakeAllThreads done
Event: 55.304 Executing VM operation: ICBufferFull
Event: 55.305 Executing VM operation: ICBufferFull done
Event: 55.509 Executing VM operation: ICBufferFull
Event: 55.509 Executing VM operation: ICBufferFull done
Event: 55.588 Executing VM operation: G1CollectForAllocation
Event: 55.599 Executing VM operation: G1CollectForAllocation done

Events (20 events):
Event: 55.051 Thread 0x00000218930ad6e0 flushing nmethod 0x0000021883033210
Event: 55.051 Thread 0x00000218930ad6e0 flushing nmethod 0x0000021883077b10
Event: 55.051 Thread 0x00000218930ad6e0 flushing nmethod 0x0000021883090290
Event: 55.051 Thread 0x00000218930ad6e0 flushing nmethod 0x0000021883095810
Event: 55.051 Thread 0x00000218930ad6e0 flushing nmethod 0x00000218830a3510
Event: 55.051 Thread 0x00000218930ad6e0 flushing nmethod 0x000002188311d490
Event: 55.051 Thread 0x00000218930ad6e0 flushing nmethod 0x0000021883169c10
Event: 55.051 Thread 0x00000218930ad6e0 flushing nmethod 0x00000218831a1890
Event: 55.051 Thread 0x00000218930ad6e0 flushing nmethod 0x00000218831aaf10
Event: 55.051 Thread 0x00000218930ad6e0 flushing nmethod 0x00000218831b7190
Event: 55.051 Thread 0x00000218930ad6e0 flushing nmethod 0x00000218831c1910
Event: 55.051 Thread 0x00000218930ad6e0 flushing nmethod 0x00000218831c7f10
Event: 55.051 Thread 0x00000218930ad6e0 flushing nmethod 0x00000218831cf410
Event: 55.052 Thread 0x00000218930ad6e0 flushing nmethod 0x00000218831f2090
Event: 55.052 Thread 0x00000218930ad6e0 flushing nmethod 0x00000218832aac90
Event: 55.053 Thread 0x00000218930ad6e0 flushing nmethod 0x000002188344b390
Event: 55.054 Thread 0x00000218930ad6e0 flushing nmethod 0x00000218834ec810
Event: 55.054 Thread 0x00000218930ad6e0 flushing nmethod 0x000002188353eb90
Event: 55.213 loading class java/util/Vector$Itr
Event: 55.213 loading class java/util/Vector$Itr done


Dynamic libraries:
0x00007ff773df0000 - 0x00007ff773dfa000 	D:\Android\jbr\bin\java.exe
0x00007ffff8cf0000 - 0x00007ffff8f07000 	C:\windows\SYSTEM32\ntdll.dll
0x00007ffff7c80000 - 0x00007ffff7d44000 	C:\windows\System32\KERNEL32.DLL
0x00007ffff6560000 - 0x00007ffff690d000 	C:\windows\System32\KERNELBASE.dll
0x00007ffff60c0000 - 0x00007ffff61d1000 	C:\windows\System32\ucrtbase.dll
0x00007fffcf440000 - 0x00007fffcf457000 	D:\Android\jbr\bin\jli.dll
0x00007fffa6630000 - 0x00007fffa664b000 	D:\Android\jbr\bin\VCRUNTIME140.dll
0x00007ffff7d50000 - 0x00007ffff7efe000 	C:\windows\System32\USER32.dll
0x00007fffd9b90000 - 0x00007fffd9e23000 	C:\windows\WinSxS\amd64_microsoft.windows.common-controls_6595b64144ccf1df_6.0.22621.3672_none_2713b9d173822955\COMCTL32.dll
0x00007ffff6010000 - 0x00007ffff6036000 	C:\windows\System32\win32u.dll
0x00007ffff8bf0000 - 0x00007ffff8c97000 	C:\windows\System32\msvcrt.dll
0x00007ffff7f00000 - 0x00007ffff7f29000 	C:\windows\System32\GDI32.dll
0x00007ffff6410000 - 0x00007ffff6529000 	C:\windows\System32\gdi32full.dll
0x00007ffff6980000 - 0x00007ffff6a1a000 	C:\windows\System32\msvcp_win.dll
0x00007ffff8bb0000 - 0x00007ffff8be1000 	C:\windows\System32\IMM32.DLL
0x00007fffe0990000 - 0x00007fffe099c000 	D:\Android\jbr\bin\vcruntime140_1.dll
0x00007fffa65a0000 - 0x00007fffa662d000 	D:\Android\jbr\bin\msvcp140.dll
0x00007fff74ce0000 - 0x00007fff75963000 	D:\Android\jbr\bin\server\jvm.dll
0x00007ffff70a0000 - 0x00007ffff7152000 	C:\windows\System32\ADVAPI32.dll
0x00007ffff7390000 - 0x00007ffff7439000 	C:\windows\System32\sechost.dll
0x00007ffff6530000 - 0x00007ffff6558000 	C:\windows\System32\bcrypt.dll
0x00007ffff7270000 - 0x00007ffff7384000 	C:\windows\System32\RPCRT4.dll
0x00007fffee360000 - 0x00007fffee394000 	C:\windows\SYSTEM32\WINMM.dll
0x00007fffeb9c0000 - 0x00007fffeb9ca000 	C:\windows\SYSTEM32\VERSION.dll
0x00007ffff5c70000 - 0x00007ffff5cbd000 	C:\windows\SYSTEM32\POWRPROF.dll
0x00007ffff00c0000 - 0x00007ffff00c9000 	C:\windows\SYSTEM32\WSOCK32.dll
0x00007ffff8160000 - 0x00007ffff81d1000 	C:\windows\System32\WS2_32.dll
0x00007ffff5c50000 - 0x00007ffff5c63000 	C:\windows\SYSTEM32\UMPDC.dll
0x00007ffff5040000 - 0x00007ffff5058000 	C:\windows\SYSTEM32\kernel.appcore.dll
0x00007fffee460000 - 0x00007fffee46a000 	D:\Android\jbr\bin\jimage.dll
0x00007fffeba20000 - 0x00007fffebc52000 	C:\windows\SYSTEM32\DBGHELP.DLL
0x00007ffff75a0000 - 0x00007ffff792d000 	C:\windows\System32\combase.dll
0x00007ffff6f30000 - 0x00007ffff7007000 	C:\windows\System32\OLEAUT32.dll
0x00007fffda9e0000 - 0x00007fffdaa12000 	C:\windows\SYSTEM32\dbgcore.DLL
0x00007ffff6040000 - 0x00007ffff60bb000 	C:\windows\System32\bcryptPrimitives.dll
0x00007fffba820000 - 0x00007fffba845000 	D:\Android\jbr\bin\java.dll
0x00007fffee230000 - 0x00007fffee248000 	D:\Android\jbr\bin\zip.dll
0x00007ffff8240000 - 0x00007ffff8aa8000 	C:\windows\System32\SHELL32.dll
0x00007ffff3f20000 - 0x00007ffff481e000 	C:\windows\SYSTEM32\windows.storage.dll
0x00007ffff3de0000 - 0x00007ffff3f1f000 	C:\windows\SYSTEM32\wintypes.dll
0x00007ffff7440000 - 0x00007ffff7539000 	C:\windows\System32\SHCORE.dll
0x00007ffff81e0000 - 0x00007ffff823e000 	C:\windows\System32\shlwapi.dll
0x00007ffff5f40000 - 0x00007ffff5f61000 	C:\windows\SYSTEM32\profapi.dll
0x00007fffe42a0000 - 0x00007fffe42b9000 	D:\Android\jbr\bin\net.dll
0x00007ffff1e10000 - 0x00007ffff1f46000 	C:\windows\SYSTEM32\WINHTTP.dll
0x00007ffff54b0000 - 0x00007ffff5519000 	C:\windows\system32\mswsock.dll
0x00007fffdff70000 - 0x00007fffdff86000 	D:\Android\jbr\bin\nio.dll
0x00007fffdc870000 - 0x00007fffdc880000 	D:\Android\jbr\bin\verify.dll

dbghelp: loaded successfully - version: 4.0.5 - missing functions: none
symbol engine: initialized successfully - sym options: 0x614 - pdb path: .;D:\Android\jbr\bin;C:\windows\SYSTEM32;C:\windows\WinSxS\amd64_microsoft.windows.common-controls_6595b64144ccf1df_6.0.22621.3672_none_2713b9d173822955;D:\Android\jbr\bin\server

VM Arguments:
java_command: org.jetbrains.kotlin.cli.jvm.K2JVMCompiler @D:\Sea\app\build\20240823_14162813821602579647.compiler.options
java_class_path (initial): D:\LoginSignUpKotlin-master\caches\modules-2\files-2.1\org.jetbrains.kotlin\kotlin-compiler-embeddable\1.9.22\9cd4dc7773cf2a99ecd961a88fbbc9a2da3fb5e1\kotlin-compiler-embeddable-1.9.22.jar;D:\LoginSignUpKotlin-master\caches\modules-2\files-2.1\org.jetbrains.kotlin\kotlin-stdlib\1.9.22\d6c44cd08d8f3f9bece8101216dbe6553365c6e3\kotlin-stdlib-1.9.22.jar;D:\LoginSignUpKotlin-master\caches\modules-2\files-2.1\org.jetbrains.kotlin\kotlin-script-runtime\1.9.22\f8139a46fc677ec9badc49ae954392f4f5e7e7c7\kotlin-script-runtime-1.9.22.jar;D:\LoginSignUpKotlin-master\caches\modules-2\files-2.1\org.jetbrains.kotlin\kotlin-reflect\1.6.10\1cbe9c92c12a94eea200d23c2bbaedaf3daf5132\kotlin-reflect-1.6.10.jar;D:\LoginSignUpKotlin-master\caches\modules-2\files-2.1\org.jetbrains.kotlin\kotlin-daemon-embeddable\1.9.22\20e2c5df715f3240c765cfc222530e2796542021\kotlin-daemon-embeddable-1.9.22.jar;D:\LoginSignUpKotlin-master\caches\modules-2\files-2.1\org.jetbrains.intellij.deps\trove4j\1.0.20200330\3afb14d5f9ceb459d724e907a21145e8ff394f02\trove4j-1.0.20200330.jar;D:\LoginSignUpKotlin-master\caches\modules-2\files-2.1\org.jetbrains\annotations\13.0\919f0dfe192fb4e063e7dacadee7f8bb9a2672a9\annotations-13.0.jar
Launcher Type: SUN_STANDARD

[Global flags]
     intx CICompilerCount                          = 4                                         {product} {ergonomic}
     uint ConcGCThreads                            = 3                                         {product} {ergonomic}
     uint G1ConcRefinementThreads                  = 10                                        {product} {ergonomic}
   size_t G1HeapRegionSize                         = 2097152                                   {product} {ergonomic}
    uintx GCDrainStackTargetSize                   = 64                                        {product} {ergonomic}
   size_t InitialHeapSize                          = 257949696                                 {product} {ergonomic}
   size_t MarkStackSize                            = 4194304                                   {product} {ergonomic}
   size_t MaxHeapSize                              = 4114612224                                {product} {ergonomic}
   size_t MaxNewSize                               = 2468347904                                {product} {ergonomic}
   size_t MinHeapDeltaBytes                        = 2097152                                   {product} {ergonomic}
   size_t MinHeapSize                              = 8388608                                   {product} {ergonomic}
    uintx NonNMethodCodeHeapSize                   = 5839372                                {pd product} {ergonomic}
    uintx NonProfiledCodeHeapSize                  = 122909434                              {pd product} {ergonomic}
    uintx ProfiledCodeHeapSize                     = 122909434                              {pd product} {ergonomic}
    uintx ReservedCodeCacheSize                    = 251658240                              {pd product} {ergonomic}
     bool SegmentedCodeCache                       = true                                      {product} {ergonomic}
   size_t SoftMaxHeapSize                          = 4114612224                             {manageable} {ergonomic}
     bool UseCompressedClassPointers               = true                           {product lp64_product} {ergonomic}
     bool UseCompressedOops                        = true                           {product lp64_product} {ergonomic}
     bool UseG1GC                                  = true                                      {product} {ergonomic}
     bool UseLargePagesIndividualAllocation        = false                                  {pd product} {ergonomic}

Logging:
Log output configuration:
 #0: stdout all=warning uptime,level,tags
 #1: stderr all=off uptime,level,tags

Environment Variables:
PATH=C:\windows\system32;C:\windows;C:\windows\System32\Wbem;C:\windows\System32\WindowsPowerShell\v1.0\;C:\windows\System32\OpenSSH\;C:\Program Files\Git\cmd;C:\flutter\bin;C:\Users\Muthu\AppData\Local\Microsoft\WindowsApps;
USERNAME=Muthu
OS=Windows_NT
PROCESSOR_IDENTIFIER=AMD64 Family 23 Model 104 Stepping 1, AuthenticAMD
TMP=C:\Users\Muthu\AppData\Local\Temp
TEMP=C:\Users\Muthu\AppData\Local\Temp



Periodic native trim disabled

JNI global refs:
JNI global refs: 13, weak refs: 8

JNI global refs memory usage: 843, weak refs: 841

OOME stack traces (most recent first):
Classloader memory used:
Loader jdk.internal.loader.ClassLoaders$AppClassLoader                                 : 10174K
Loader bootstrap                                                                       : 1431K
Loader jdk.internal.reflect.DelegatingClassLoader                                      : 101K
Loader java.net.URLClassLoader                                                         : 16358B
Loader jdk.internal.loader.ClassLoaders$PlatformClassLoader                            : 2276B


---------------  S Y S T E M  ---------------

OS:
 Windows 11 , 64 bit Build 22621 (10.0.22621.3958)
OS uptime: 1 days 22:42 hours
Hyper-V role detected

CPU: total 12 (initial active 12) (12 cores per cpu, 2 threads per core) family 23 model 104 stepping 1 microcode 0x0, cx8, cmov, fxsr, ht, mmx, 3dnowpref, sse, sse2, sse3, ssse3, sse4a, sse4.1, sse4.2, popcnt, lzcnt, tsc, tscinvbit, avx, avx2, aes, clmul, bmi1, bmi2, adx, sha, fma, vzeroupper, clflush, clflushopt, hv
Processor Information for processor 0
  Max Mhz: 2100, Current Mhz: 2100, Mhz Limit: 2100
Processor Information for processor 1
  Max Mhz: 2100, Current Mhz: 2100, Mhz Limit: 2100
Processor Information for processor 2
  Max Mhz: 2100, Current Mhz: 2100, Mhz Limit: 2100
Processor Information for processor 3
  Max Mhz: 2100, Current Mhz: 2100, Mhz Limit: 2100
Processor Information for processor 4
  Max Mhz: 2100, Current Mhz: 1813, Mhz Limit: 2100
Processor Information for processor 5
  Max Mhz: 2100, Current Mhz: 2100, Mhz Limit: 2100
Processor Information for processor 6
  Max Mhz: 2100, Current Mhz: 2100, Mhz Limit: 2100
Processor Information for processor 7
  Max Mhz: 2100, Current Mhz: 2100, Mhz Limit: 2100
Processor Information for processor 8
  Max Mhz: 2100, Current Mhz: 2100, Mhz Limit: 2100
Processor Information for processor 9
  Max Mhz: 2100, Current Mhz: 1813, Mhz Limit: 2100
Processor Information for processor 10
  Max Mhz: 2100, Current Mhz: 2100, Mhz Limit: 2100
Processor Information for processor 11
  Max Mhz: 2100, Current Mhz: 2100, Mhz Limit: 2100

Memory: 4k page, system-wide physical 15694M (3298M free)
TotalPageFile size 17742M (AvailPageFile size 8M)
current process WorkingSet (physical memory assigned to process): 662M, peak: 664M
current process commit charge ("private bytes"): 703M, peak: 705M

vm_info: OpenJDK 64-Bit Server VM (17.0.9+0--11185874) for windows-amd64 JRE (17.0.9+0--11185874), built on Dec  6 2023 18:57:44 by "androidbuild" with MS VC++ 16.10 / 16.11 (VS2019)

END.
