#
# There is insufficient memory for the Java Runtime Environment to continue.
# Native memory allocation (mmap) failed to map 31457280 bytes for G1 virtual space
# Possible reasons:
#   The system is out of physical RAM or swap space
#   The process is running with CompressedOops enabled, and the Java Heap may be blocking the growth of the native heap
# Possible solutions:
#   Reduce memory load on the system
#   Increase physical memory or swap space
#   Check if swap backing store is full
#   Decrease Java heap size (-Xmx/-Xms)
#   Decrease number of Java threads
#   Decrease Java thread stack sizes (-Xss)
#   Set larger code cache with -XX:ReservedCodeCacheSize=
#   JVM is running with Zero Based Compressed Oops mode in which the Java heap is
#     placed in the first 32GB address space. The Java Heap base address is the
#     maximum limit for the native heap growth. Please use -XX:HeapBaseMinAddress
#     to set the Java Heap base and to place the Java Heap above 32GB virtual address.
# This output file may be truncated or incomplete.
#
#  Out of Memory Error (os_windows.cpp:3825), pid=11720, tid=13112
#
# JRE version: OpenJDK Runtime Environment (17.0.9) (build 17.0.9+0--11185874)
# Java VM: OpenJDK 64-Bit Server VM (17.0.9+0--11185874, mixed mode, tiered, compressed oops, compressed class ptrs, g1 gc, windows-amd64)
# No core dump will be written. Minidumps are not enabled by default on client versions of Windows
#

---------------  S U M M A R Y ------------

Command Line: org.jetbrains.kotlin.cli.jvm.K2JVMCompiler @D:\Sea\app\build\20240814_15557121155040948675.compiler.options

Host: AMD Ryzen 5 5500U with Radeon Graphics         , 12 cores, 15G,  Windows 11 , 64 bit Build 22621 (10.0.22621.3672)
Time: Wed Aug 14 13:11:18 2024 India Standard Time elapsed time: 10.140972 seconds (0d 0h 0m 10s)

---------------  T H R E A D  ---------------

Current thread (0x000001af4ab6ed20):  VMThread "VM Thread" [stack: 0x00000044d6e00000,0x00000044d6f00000] [id=13112]

Stack: [0x00000044d6e00000,0x00000044d6f00000]
Native frames: (J=compiled Java code, j=interpreted, Vv=VM code, C=native code)
V  [jvm.dll+0x6886e9]
V  [jvm.dll+0x841e4a]
V  [jvm.dll+0x843a8e]
V  [jvm.dll+0x8440f3]
V  [jvm.dll+0x24c14f]
V  [jvm.dll+0x685499]
V  [jvm.dll+0x679c2a]
V  [jvm.dll+0x30cf9b]
V  [jvm.dll+0x314446]
V  [jvm.dll+0x36425e]
V  [jvm.dll+0x36448f]
V  [jvm.dll+0x2e2d68]
V  [jvm.dll+0x2e0f44]
V  [jvm.dll+0x2e054c]
V  [jvm.dll+0x3253fb]
V  [jvm.dll+0x8487eb]
V  [jvm.dll+0x849531]
V  [jvm.dll+0x849a4d]
V  [jvm.dll+0x849e24]
V  [jvm.dll+0x849ef0]
V  [jvm.dll+0x7f06aa]
V  [jvm.dll+0x687565]
C  [ucrtbase.dll+0x29333]
C  [KERNEL32.DLL+0x1257d]
C  [ntdll.dll+0x5af28]

VM_Operation (0x00000044d68fd5a0): G1CollectForAllocation, mode: safepoint, requested by thread 0x000001af2c2c6a60


---------------  P R O C E S S  ---------------

Threads class SMR info:
_java_thread_list=0x000001af4fd93940, length=14, elements={
0x000001af2c2c6a60, 0x000001af4f06e250, 0x000001af4f06eb20, 0x000001af4f0ab680,
0x000001af4f0ae050, 0x000001af4f0aea10, 0x000001af4f0b27f0, 0x000001af4f0b34e0,
0x000001af4f0b3f90, 0x000001af4f0b4990, 0x000001af4f21aa30, 0x000001af4f232010,
0x000001af4f583080, 0x000001af4fcdedf0
}

Java Threads: ( => current thread )
  0x000001af2c2c6a60 JavaThread "main" [_thread_blocked, id=12472, stack(0x00000044d6800000,0x00000044d6900000)]
  0x000001af4f06e250 JavaThread "Reference Handler" daemon [_thread_blocked, id=11908, stack(0x00000044d6f00000,0x00000044d7000000)]
  0x000001af4f06eb20 JavaThread "Finalizer" daemon [_thread_blocked, id=996, stack(0x00000044d7000000,0x00000044d7100000)]
  0x000001af4f0ab680 JavaThread "Signal Dispatcher" daemon [_thread_blocked, id=19460, stack(0x00000044d7100000,0x00000044d7200000)]
  0x000001af4f0ae050 JavaThread "Attach Listener" daemon [_thread_blocked, id=19236, stack(0x00000044d7200000,0x00000044d7300000)]
  0x000001af4f0aea10 JavaThread "Service Thread" daemon [_thread_blocked, id=10768, stack(0x00000044d7300000,0x00000044d7400000)]
  0x000001af4f0b27f0 JavaThread "Monitor Deflation Thread" daemon [_thread_blocked, id=12260, stack(0x00000044d7400000,0x00000044d7500000)]
  0x000001af4f0b34e0 JavaThread "C2 CompilerThread0" daemon [_thread_in_native, id=7212, stack(0x00000044d7500000,0x00000044d7600000)]
  0x000001af4f0b3f90 JavaThread "C1 CompilerThread0" daemon [_thread_blocked, id=20612, stack(0x00000044d7600000,0x00000044d7700000)]
  0x000001af4f0b4990 JavaThread "Sweeper thread" daemon [_thread_blocked, id=16520, stack(0x00000044d7700000,0x00000044d7800000)]
  0x000001af4f21aa30 JavaThread "Notification Thread" daemon [_thread_blocked, id=3500, stack(0x00000044d7800000,0x00000044d7900000)]
  0x000001af4f232010 JavaThread "Common-Cleaner" daemon [_thread_blocked, id=21916, stack(0x00000044d7a00000,0x00000044d7b00000)]
  0x000001af4f583080 JavaThread "C2 CompilerThread1" daemon [_thread_blocked, id=12800, stack(0x00000044d7b00000,0x00000044d7c00000)]
  0x000001af4fcdedf0 JavaThread "C2 CompilerThread2" daemon [_thread_blocked, id=14332, stack(0x00000044d8600000,0x00000044d8700000)]

Other Threads:
=>0x000001af4ab6ed20 VMThread "VM Thread" [stack: 0x00000044d6e00000,0x00000044d6f00000] [id=13112]
  0x000001af4f21e330 WatcherThread [stack: 0x00000044d7900000,0x00000044d7a00000] [id=8540]
  0x000001af2c3331b0 GCTaskThread "GC Thread#0" [stack: 0x00000044d6900000,0x00000044d6a00000] [id=7548]
  0x000001af4f900700 GCTaskThread "GC Thread#1" [stack: 0x00000044d7c00000,0x00000044d7d00000] [id=13996]
  0x000001af4f8fe650 GCTaskThread "GC Thread#2" [stack: 0x00000044d7d00000,0x00000044d7e00000] [id=17360]
  0x000001af4f8fe910 GCTaskThread "GC Thread#3" [stack: 0x00000044d7e00000,0x00000044d7f00000] [id=8216]
  0x000001af4f8febd0 GCTaskThread "GC Thread#4" [stack: 0x00000044d7f00000,0x00000044d8000000] [id=14160]
  0x000001af4f8d6140 GCTaskThread "GC Thread#5" [stack: 0x00000044d8000000,0x00000044d8100000] [id=17216]
  0x000001af4fc8fd80 GCTaskThread "GC Thread#6" [stack: 0x00000044d8100000,0x00000044d8200000] [id=5188]
  0x000001af4fb431f0 GCTaskThread "GC Thread#7" [stack: 0x00000044d8200000,0x00000044d8300000] [id=15756]
  0x000001af4fc77350 GCTaskThread "GC Thread#8" [stack: 0x00000044d8300000,0x00000044d8400000] [id=18712]
  0x000001af4fcdd630 GCTaskThread "GC Thread#9" [stack: 0x00000044d8700000,0x00000044d8800000] [id=20412]
  0x000001af2c343640 ConcurrentGCThread "G1 Main Marker" [stack: 0x00000044d6a00000,0x00000044d6b00000] [id=22020]
  0x000001af2c344060 ConcurrentGCThread "G1 Conc#0" [stack: 0x00000044d6b00000,0x00000044d6c00000] [id=22272]
  0x000001af4fc8f3d0 ConcurrentGCThread "G1 Conc#1" [stack: 0x00000044d8400000,0x00000044d8500000] [id=21212]
  0x000001af4fc8f690 ConcurrentGCThread "G1 Conc#2" [stack: 0x00000044d8500000,0x00000044d8600000] [id=5492]
  0x000001af4aa171c0 ConcurrentGCThread "G1 Refine#0" [stack: 0x00000044d6c00000,0x00000044d6d00000] [id=17272]
  0x000001af52a1e300 ConcurrentGCThread "G1 Refine#1" [stack: 0x00000044d8800000,0x00000044d8900000] [id=21016]
  0x000001af52a1da30 ConcurrentGCThread "G1 Refine#2" [stack: 0x00000044d8900000,0x00000044d8a00000] [id=17588]
  0x000001af4aa188b0 ConcurrentGCThread "G1 Service" [stack: 0x00000044d6d00000,0x00000044d6e00000] [id=18852]

Threads with active compile tasks:
C2 CompilerThread0    10151 10133       4       org.jetbrains.kotlin.descriptors.impl.FunctionDescriptorImpl::getSubstitutedValueParameters (270 bytes)
C1 CompilerThread0    10151 10194       2       org.jetbrains.kotlin.resolve.jvm.platform.JavaGenericVarianceViolationTypeChecker::checkType (653 bytes)
C2 CompilerThread1    10151 10146       4       java.lang.AbstractStringBuilder::isLatin1 (19 bytes)
C2 CompilerThread2    10151 10125       4       org.jetbrains.kotlin.descriptors.impl.FunctionDescriptorImpl::doSubstitute (1003 bytes)

VM state: at safepoint (normal execution)

VM Mutex/Monitor currently owned by a thread:  ([mutex/lock_event])
[0x000001af2c2c2460] Threads_lock - owner thread: 0x000001af4ab6ed20
[0x000001af2c2c31e0] Heap_lock - owner thread: 0x000001af2c2c6a60

Heap address: 0x000000070ac00000, size: 3924 MB, Compressed Oops mode: Zero based, Oop shift amount: 3

CDS archive(s) not mapped
Compressed class space mapped at: 0x0000000800000000-0x0000000840000000, reserved size: 1073741824
Narrow klass base: 0x0000000800000000, Narrow klass shift: 0, Narrow klass range: 0x40000000

GC Precious Log:
 CPUs: 12 total, 12 available
 Memory: 15694M
 Large Page Support: Disabled
 NUMA Support: Disabled
 Compressed Oops: Enabled (Zero based)
 Heap Region Size: 2M
 Heap Min Capacity: 8M
 Heap Initial Capacity: 246M
 Heap Max Capacity: 3924M
 Pre-touch: Disabled
 Parallel Workers: 10
 Concurrent Workers: 3
 Concurrent Refinement Workers: 10
 Periodic GC: Disabled

Heap:
 garbage-first heap   total 251904K, used 91735K [0x000000070ac00000, 0x0000000800000000)
  region size 2048K, 2 young (4096K), 2 survivors (4096K)
 Metaspace       used 61950K, committed 62208K, reserved 1114112K
  class space    used 7149K, committed 7296K, reserved 1048576K

Heap Regions: E=young(eden), S=young(survivor), O=old, HS=humongous(starts), HC=humongous(continues), CS=collection set, F=free, OA=open archive, CA=closed archive, TAMS=top-at-mark-start (previous, next)
|   0|0x000000070ac00000, 0x000000070ae00000, 0x000000070ae00000|100%|HS|  |TAMS 0x000000070ae00000, 0x000000070ae00000| Complete 
|   1|0x000000070ae00000, 0x000000070b000000, 0x000000070b000000|100%|HC|  |TAMS 0x000000070b000000, 0x000000070b000000| Complete 
|   2|0x000000070b000000, 0x000000070b200000, 0x000000070b200000|100%| O|  |TAMS 0x000000070b200000, 0x000000070b200000| Untracked 
|   3|0x000000070b200000, 0x000000070b400000, 0x000000070b400000|100%| O|  |TAMS 0x000000070b400000, 0x000000070b400000| Untracked 
|   4|0x000000070b400000, 0x000000070b600000, 0x000000070b600000|100%| O|  |TAMS 0x000000070b600000, 0x000000070b600000| Untracked 
|   5|0x000000070b600000, 0x000000070b800000, 0x000000070b800000|100%|HS|  |TAMS 0x000000070b800000, 0x000000070b800000| Complete 
|   6|0x000000070b800000, 0x000000070b995e00, 0x000000070ba00000| 79%| O|  |TAMS 0x000000070b800000, 0x000000070b800000| Untracked 
|   7|0x000000070ba00000, 0x000000070bc00000, 0x000000070bc00000|100%| O|  |TAMS 0x000000070bc00000, 0x000000070bc00000| Untracked 
|   8|0x000000070bc00000, 0x000000070be00000, 0x000000070be00000|100%| O|  |TAMS 0x000000070be00000, 0x000000070be00000| Untracked 
|   9|0x000000070be00000, 0x000000070c000000, 0x000000070c000000|100%| O|  |TAMS 0x000000070c000000, 0x000000070c000000| Untracked 
|  10|0x000000070c000000, 0x000000070c200000, 0x000000070c200000|100%| O|  |TAMS 0x000000070c200000, 0x000000070c200000| Untracked 
|  11|0x000000070c200000, 0x000000070c400000, 0x000000070c400000|100%| O|  |TAMS 0x000000070c400000, 0x000000070c400000| Untracked 
|  12|0x000000070c400000, 0x000000070c600000, 0x000000070c600000|100%| O|  |TAMS 0x000000070c600000, 0x000000070c600000| Untracked 
|  13|0x000000070c600000, 0x000000070c800000, 0x000000070c800000|100%| O|  |TAMS 0x000000070c800000, 0x000000070c800000| Untracked 
|  14|0x000000070c800000, 0x000000070ca00000, 0x000000070ca00000|100%| O|  |TAMS 0x000000070ca00000, 0x000000070ca00000| Untracked 
|  15|0x000000070ca00000, 0x000000070cc00000, 0x000000070cc00000|100%| O|  |TAMS 0x000000070cc00000, 0x000000070cc00000| Untracked 
|  16|0x000000070cc00000, 0x000000070ce00000, 0x000000070ce00000|100%| O|  |TAMS 0x000000070ce00000, 0x000000070ce00000| Untracked 
|  17|0x000000070ce00000, 0x000000070d000000, 0x000000070d000000|100%| O|  |TAMS 0x000000070d000000, 0x000000070d000000| Untracked 
|  18|0x000000070d000000, 0x000000070d200000, 0x000000070d200000|100%| O|  |TAMS 0x000000070d200000, 0x000000070d200000| Untracked 
|  19|0x000000070d200000, 0x000000070d400000, 0x000000070d400000|100%| O|  |TAMS 0x000000070d400000, 0x000000070d400000| Untracked 
|  20|0x000000070d400000, 0x000000070d600000, 0x000000070d600000|100%| O|  |TAMS 0x000000070d600000, 0x000000070d600000| Untracked 
|  21|0x000000070d600000, 0x000000070d800000, 0x000000070d800000|100%| O|  |TAMS 0x000000070d800000, 0x000000070d800000| Untracked 
|  22|0x000000070d800000, 0x000000070da00000, 0x000000070da00000|100%| O|  |TAMS 0x000000070da00000, 0x000000070da00000| Untracked 
|  23|0x000000070da00000, 0x000000070dc00000, 0x000000070dc00000|100%| O|  |TAMS 0x000000070dc00000, 0x000000070dc00000| Untracked 
|  24|0x000000070dc00000, 0x000000070de00000, 0x000000070de00000|100%| O|  |TAMS 0x000000070de00000, 0x000000070de00000| Untracked 
|  25|0x000000070de00000, 0x000000070e000000, 0x000000070e000000|100%| O|  |TAMS 0x000000070e000000, 0x000000070e000000| Untracked 
|  26|0x000000070e000000, 0x000000070e200000, 0x000000070e200000|100%| O|  |TAMS 0x000000070e200000, 0x000000070e200000| Untracked 
|  27|0x000000070e200000, 0x000000070e400000, 0x000000070e400000|100%| O|  |TAMS 0x000000070e400000, 0x000000070e400000| Untracked 
|  28|0x000000070e400000, 0x000000070e600000, 0x000000070e600000|100%| O|  |TAMS 0x000000070e600000, 0x000000070e600000| Untracked 
|  29|0x000000070e600000, 0x000000070e800000, 0x000000070e800000|100%| O|  |TAMS 0x000000070e800000, 0x000000070e800000| Untracked 
|  30|0x000000070e800000, 0x000000070ea00000, 0x000000070ea00000|100%| O|  |TAMS 0x000000070ea00000, 0x000000070ea00000| Untracked 
|  31|0x000000070ea00000, 0x000000070ec00000, 0x000000070ec00000|100%|HS|  |TAMS 0x000000070ec00000, 0x000000070ec00000| Complete 
|  32|0x000000070ec00000, 0x000000070ee00000, 0x000000070ee00000|100%| O|  |TAMS 0x000000070ee00000, 0x000000070ee00000| Untracked 
|  33|0x000000070ee00000, 0x000000070f000000, 0x000000070f000000|100%| O|  |TAMS 0x000000070ef75c00, 0x000000070f000000| Untracked 
|  34|0x000000070f000000, 0x000000070f200000, 0x000000070f200000|100%| O|  |TAMS 0x000000070f000000, 0x000000070f200000| Untracked 
|  35|0x000000070f200000, 0x000000070f400000, 0x000000070f400000|100%| O|  |TAMS 0x000000070f200000, 0x000000070f400000| Untracked 
|  36|0x000000070f400000, 0x000000070f600000, 0x000000070f600000|100%| O|  |TAMS 0x000000070f400000, 0x000000070f600000| Untracked 
|  37|0x000000070f600000, 0x000000070f800000, 0x000000070f800000|100%| O|  |TAMS 0x000000070f600000, 0x000000070f800000| Untracked 
|  38|0x000000070f800000, 0x000000070fa00000, 0x000000070fa00000|100%| O|  |TAMS 0x000000070f800000, 0x000000070fa00000| Untracked 
|  39|0x000000070fa00000, 0x000000070fc00000, 0x000000070fc00000|100%| O|  |TAMS 0x000000070fa00000, 0x000000070fc00000| Untracked 
|  40|0x000000070fc00000, 0x000000070fe00000, 0x000000070fe00000|100%| O|  |TAMS 0x000000070fc00000, 0x000000070fe00000| Untracked 
|  41|0x000000070fe00000, 0x0000000710000000, 0x0000000710000000|100%| O|  |TAMS 0x000000070fe00000, 0x0000000710000000| Untracked 
|  42|0x0000000710000000, 0x0000000710200000, 0x0000000710200000|100%| O|  |TAMS 0x0000000710000000, 0x00000007101e9a00| Untracked 
|  43|0x0000000710200000, 0x0000000710200000, 0x0000000710400000|  0%| F|  |TAMS 0x0000000710200000, 0x0000000710200000| Untracked 
|  44|0x0000000710400000, 0x0000000710400000, 0x0000000710600000|  0%| F|  |TAMS 0x0000000710400000, 0x0000000710400000| Untracked 
|  45|0x0000000710600000, 0x0000000710600000, 0x0000000710800000|  0%| F|  |TAMS 0x0000000710600000, 0x0000000710600000| Untracked 
|  46|0x0000000710800000, 0x0000000710800000, 0x0000000710a00000|  0%| F|  |TAMS 0x0000000710800000, 0x0000000710800000| Untracked 
|  47|0x0000000710a00000, 0x0000000710a00000, 0x0000000710c00000|  0%| F|  |TAMS 0x0000000710a00000, 0x0000000710a00000| Untracked 
|  48|0x0000000710c00000, 0x0000000710c00000, 0x0000000710e00000|  0%| F|  |TAMS 0x0000000710c00000, 0x0000000710c00000| Untracked 
|  49|0x0000000710e00000, 0x0000000710e00000, 0x0000000711000000|  0%| F|  |TAMS 0x0000000710e00000, 0x0000000710e00000| Untracked 
|  50|0x0000000711000000, 0x0000000711000000, 0x0000000711200000|  0%| F|  |TAMS 0x0000000711000000, 0x0000000711000000| Untracked 
|  51|0x0000000711200000, 0x0000000711200000, 0x0000000711400000|  0%| F|  |TAMS 0x0000000711200000, 0x0000000711200000| Untracked 
|  52|0x0000000711400000, 0x0000000711400000, 0x0000000711600000|  0%| F|  |TAMS 0x0000000711400000, 0x0000000711400000| Untracked 
|  53|0x0000000711600000, 0x0000000711600000, 0x0000000711800000|  0%| F|  |TAMS 0x0000000711600000, 0x0000000711600000| Untracked 
|  54|0x0000000711800000, 0x0000000711800000, 0x0000000711a00000|  0%| F|  |TAMS 0x0000000711800000, 0x0000000711800000| Untracked 
|  55|0x0000000711a00000, 0x0000000711c00000, 0x0000000711c00000|100%| S|CS|TAMS 0x0000000711a00000, 0x0000000711a00000| Complete 
|  56|0x0000000711c00000, 0x0000000711e00000, 0x0000000711e00000|100%| S|CS|TAMS 0x0000000711c00000, 0x0000000711c00000| Complete 
|  57|0x0000000711e00000, 0x0000000711e00000, 0x0000000712000000|  0%| F|  |TAMS 0x0000000711e00000, 0x0000000711e00000| Untracked 
|  58|0x0000000712000000, 0x0000000712000000, 0x0000000712200000|  0%| F|  |TAMS 0x0000000712000000, 0x0000000712000000| Untracked 
|  59|0x0000000712200000, 0x0000000712200000, 0x0000000712400000|  0%| F|  |TAMS 0x0000000712200000, 0x0000000712200000| Untracked 
|  60|0x0000000712400000, 0x0000000712400000, 0x0000000712600000|  0%| F|  |TAMS 0x0000000712400000, 0x0000000712400000| Untracked 
|  61|0x0000000712600000, 0x0000000712600000, 0x0000000712800000|  0%| F|  |TAMS 0x0000000712600000, 0x0000000712600000| Untracked 
|  62|0x0000000712800000, 0x0000000712800000, 0x0000000712a00000|  0%| F|  |TAMS 0x0000000712800000, 0x0000000712800000| Untracked 
|  63|0x0000000712a00000, 0x0000000712a00000, 0x0000000712c00000|  0%| F|  |TAMS 0x0000000712a00000, 0x0000000712a00000| Untracked 
|  64|0x0000000712c00000, 0x0000000712c00000, 0x0000000712e00000|  0%| F|  |TAMS 0x0000000712c00000, 0x0000000712c00000| Untracked 
|  65|0x0000000712e00000, 0x0000000712e00000, 0x0000000713000000|  0%| F|  |TAMS 0x0000000712e00000, 0x0000000712e00000| Untracked 
|  66|0x0000000713000000, 0x0000000713000000, 0x0000000713200000|  0%| F|  |TAMS 0x0000000713000000, 0x0000000713000000| Untracked 
|  67|0x0000000713200000, 0x0000000713200000, 0x0000000713400000|  0%| F|  |TAMS 0x0000000713200000, 0x0000000713200000| Untracked 
|  68|0x0000000713400000, 0x0000000713400000, 0x0000000713600000|  0%| F|  |TAMS 0x0000000713400000, 0x0000000713400000| Untracked 
|  69|0x0000000713600000, 0x0000000713600000, 0x0000000713800000|  0%| F|  |TAMS 0x0000000713600000, 0x0000000713600000| Untracked 
|  70|0x0000000713800000, 0x0000000713800000, 0x0000000713a00000|  0%| F|  |TAMS 0x0000000713800000, 0x0000000713800000| Untracked 
|  71|0x0000000713a00000, 0x0000000713a00000, 0x0000000713c00000|  0%| F|  |TAMS 0x0000000713a00000, 0x0000000713a00000| Untracked 
|  72|0x0000000713c00000, 0x0000000713c00000, 0x0000000713e00000|  0%| F|  |TAMS 0x0000000713c00000, 0x0000000713c00000| Untracked 
|  73|0x0000000713e00000, 0x0000000713e00000, 0x0000000714000000|  0%| F|  |TAMS 0x0000000713e00000, 0x0000000713e00000| Untracked 
|  74|0x0000000714000000, 0x0000000714000000, 0x0000000714200000|  0%| F|  |TAMS 0x0000000714000000, 0x0000000714000000| Untracked 
|  75|0x0000000714200000, 0x0000000714200000, 0x0000000714400000|  0%| F|  |TAMS 0x0000000714200000, 0x0000000714200000| Untracked 
|  76|0x0000000714400000, 0x0000000714400000, 0x0000000714600000|  0%| F|  |TAMS 0x0000000714400000, 0x0000000714400000| Untracked 
|  77|0x0000000714600000, 0x0000000714600000, 0x0000000714800000|  0%| F|  |TAMS 0x0000000714600000, 0x0000000714600000| Untracked 
|  78|0x0000000714800000, 0x0000000714800000, 0x0000000714a00000|  0%| F|  |TAMS 0x0000000714800000, 0x0000000714800000| Untracked 
|  79|0x0000000714a00000, 0x0000000714a00000, 0x0000000714c00000|  0%| F|  |TAMS 0x0000000714a00000, 0x0000000714a00000| Untracked 
|  80|0x0000000714c00000, 0x0000000714c00000, 0x0000000714e00000|  0%| F|  |TAMS 0x0000000714c00000, 0x0000000714c00000| Untracked 
|  81|0x0000000714e00000, 0x0000000714e00000, 0x0000000715000000|  0%| F|  |TAMS 0x0000000714e00000, 0x0000000714e00000| Untracked 
|  82|0x0000000715000000, 0x0000000715000000, 0x0000000715200000|  0%| F|  |TAMS 0x0000000715000000, 0x0000000715000000| Untracked 
|  83|0x0000000715200000, 0x0000000715200000, 0x0000000715400000|  0%| F|  |TAMS 0x0000000715200000, 0x0000000715200000| Untracked 
|  84|0x0000000715400000, 0x0000000715400000, 0x0000000715600000|  0%| F|  |TAMS 0x0000000715400000, 0x0000000715400000| Untracked 
|  85|0x0000000715600000, 0x0000000715600000, 0x0000000715800000|  0%| F|  |TAMS 0x0000000715600000, 0x0000000715600000| Untracked 
|  86|0x0000000715800000, 0x0000000715800000, 0x0000000715a00000|  0%| F|  |TAMS 0x0000000715800000, 0x0000000715800000| Untracked 
|  87|0x0000000715a00000, 0x0000000715a00000, 0x0000000715c00000|  0%| F|  |TAMS 0x0000000715a00000, 0x0000000715a00000| Untracked 
|  88|0x0000000715c00000, 0x0000000715c00000, 0x0000000715e00000|  0%| F|  |TAMS 0x0000000715c00000, 0x0000000715c00000| Untracked 
|  89|0x0000000715e00000, 0x0000000715e00000, 0x0000000716000000|  0%| F|  |TAMS 0x0000000715e00000, 0x0000000715e00000| Untracked 
|  90|0x0000000716000000, 0x0000000716000000, 0x0000000716200000|  0%| F|  |TAMS 0x0000000716000000, 0x0000000716000000| Untracked 
|  91|0x0000000716200000, 0x0000000716200000, 0x0000000716400000|  0%| F|  |TAMS 0x0000000716200000, 0x0000000716200000| Untracked 
|  92|0x0000000716400000, 0x0000000716400000, 0x0000000716600000|  0%| F|  |TAMS 0x0000000716400000, 0x0000000716400000| Untracked 
|  93|0x0000000716600000, 0x0000000716600000, 0x0000000716800000|  0%| F|  |TAMS 0x0000000716600000, 0x0000000716600000| Untracked 
|  94|0x0000000716800000, 0x0000000716800000, 0x0000000716a00000|  0%| F|  |TAMS 0x0000000716800000, 0x0000000716800000| Untracked 
|  95|0x0000000716a00000, 0x0000000716a00000, 0x0000000716c00000|  0%| F|  |TAMS 0x0000000716a00000, 0x0000000716a00000| Untracked 
|  96|0x0000000716c00000, 0x0000000716c00000, 0x0000000716e00000|  0%| F|  |TAMS 0x0000000716c00000, 0x0000000716c00000| Untracked 
|  97|0x0000000716e00000, 0x0000000716e00000, 0x0000000717000000|  0%| F|  |TAMS 0x0000000716e00000, 0x0000000716e00000| Untracked 
|  98|0x0000000717000000, 0x0000000717000000, 0x0000000717200000|  0%| F|  |TAMS 0x0000000717000000, 0x0000000717000000| Untracked 
|  99|0x0000000717200000, 0x0000000717200000, 0x0000000717400000|  0%| F|  |TAMS 0x0000000717200000, 0x0000000717200000| Untracked 
| 100|0x0000000717400000, 0x0000000717400000, 0x0000000717600000|  0%| F|  |TAMS 0x0000000717400000, 0x0000000717400000| Untracked 
| 101|0x0000000717600000, 0x0000000717600000, 0x0000000717800000|  0%| F|  |TAMS 0x0000000717600000, 0x0000000717600000| Untracked 
| 102|0x0000000717800000, 0x0000000717800000, 0x0000000717a00000|  0%| F|  |TAMS 0x0000000717800000, 0x0000000717800000| Untracked 
| 103|0x0000000717a00000, 0x0000000717a00000, 0x0000000717c00000|  0%| F|  |TAMS 0x0000000717a00000, 0x0000000717a00000| Untracked 
| 104|0x0000000717c00000, 0x0000000717c00000, 0x0000000717e00000|  0%| F|  |TAMS 0x0000000717c00000, 0x0000000717c00000| Untracked 
| 105|0x0000000717e00000, 0x0000000717e00000, 0x0000000718000000|  0%| F|  |TAMS 0x0000000717e00000, 0x0000000717e00000| Untracked 
| 106|0x0000000718000000, 0x0000000718000000, 0x0000000718200000|  0%| F|  |TAMS 0x0000000718000000, 0x0000000718000000| Untracked 
| 107|0x0000000718200000, 0x0000000718200000, 0x0000000718400000|  0%| F|  |TAMS 0x0000000718200000, 0x0000000718200000| Untracked 
| 108|0x0000000718400000, 0x0000000718400000, 0x0000000718600000|  0%| F|  |TAMS 0x0000000718400000, 0x0000000718400000| Untracked 
| 109|0x0000000718600000, 0x0000000718600000, 0x0000000718800000|  0%| F|  |TAMS 0x0000000718600000, 0x0000000718600000| Untracked 
| 110|0x0000000718800000, 0x0000000718800000, 0x0000000718a00000|  0%| F|  |TAMS 0x0000000718800000, 0x0000000718800000| Untracked 
| 111|0x0000000718a00000, 0x0000000718a00000, 0x0000000718c00000|  0%| F|  |TAMS 0x0000000718a00000, 0x0000000718a00000| Untracked 
| 112|0x0000000718c00000, 0x0000000718c00000, 0x0000000718e00000|  0%| F|  |TAMS 0x0000000718c00000, 0x0000000718c00000| Untracked 
| 113|0x0000000718e00000, 0x0000000718e00000, 0x0000000719000000|  0%| F|  |TAMS 0x0000000718e00000, 0x0000000718e00000| Untracked 
| 114|0x0000000719000000, 0x0000000719000000, 0x0000000719200000|  0%| F|  |TAMS 0x0000000719000000, 0x0000000719000000| Untracked 
| 115|0x0000000719200000, 0x0000000719200000, 0x0000000719400000|  0%| F|  |TAMS 0x0000000719200000, 0x0000000719200000| Untracked 
| 116|0x0000000719400000, 0x0000000719400000, 0x0000000719600000|  0%| F|  |TAMS 0x0000000719400000, 0x0000000719400000| Untracked 
| 117|0x0000000719600000, 0x0000000719600000, 0x0000000719800000|  0%| F|  |TAMS 0x0000000719600000, 0x0000000719600000| Untracked 
| 118|0x0000000719800000, 0x0000000719800000, 0x0000000719a00000|  0%| F|  |TAMS 0x0000000719800000, 0x0000000719800000| Untracked 
| 119|0x0000000719a00000, 0x0000000719a00000, 0x0000000719c00000|  0%| F|  |TAMS 0x0000000719a00000, 0x0000000719a00000| Untracked 
| 120|0x0000000719c00000, 0x0000000719c00000, 0x0000000719e00000|  0%| F|  |TAMS 0x0000000719c00000, 0x0000000719c00000| Untracked 
| 121|0x0000000719e00000, 0x0000000719e00000, 0x000000071a000000|  0%| F|  |TAMS 0x0000000719e00000, 0x0000000719e00000| Untracked 
| 122|0x000000071a000000, 0x000000071a000000, 0x000000071a200000|  0%| F|  |TAMS 0x000000071a000000, 0x000000071a000000| Untracked 

Card table byte_map: [0x000001af3f4c0000,0x000001af3fc70000] _byte_map_base: 0x000001af3bc6a000

Marking Bits (Prev, Next): (CMBitMap*) 0x000001af2c3337d0, (CMBitMap*) 0x000001af2c333810
 Prev Bits: [0x000001af40420000, 0x000001af44170000)
 Next Bits: [0x000001af44170000, 0x000001af47ec0000)

Polling page: 0x000001af2a280000

Metaspace:

Usage:
  Non-class:     53.52 MB used.
      Class:      6.98 MB used.
       Both:     60.50 MB used.

Virtual space:
  Non-class space:       64.00 MB reserved,      53.62 MB ( 84%) committed,  1 nodes.
      Class space:        1.00 GB reserved,       7.12 MB ( <1%) committed,  1 nodes.
             Both:        1.06 GB reserved,      60.75 MB (  6%) committed. 

Chunk freelists:
   Non-Class:  10.13 MB
       Class:  8.91 MB
        Both:  19.04 MB

MaxMetaspaceSize: unlimited
CompressedClassSpaceSize: 1.00 GB
Initial GC threshold: 21.00 MB
Current GC threshold: 98.12 MB
CDS: off
MetaspaceReclaimPolicy: balanced
 - commit_granule_bytes: 65536.
 - commit_granule_words: 8192.
 - virtual_space_node_default_size: 8388608.
 - enlarge_chunks_in_place: 1.
 - new_chunks_are_fully_committed: 0.
 - uncommit_free_chunks: 1.
 - use_allocation_guard: 0.
 - handle_deallocations: 1.


Internal statistics:

num_allocs_failed_limit: 6.
num_arena_births: 290.
num_arena_deaths: 0.
num_vsnodes_births: 2.
num_vsnodes_deaths: 0.
num_space_committed: 970.
num_space_uncommitted: 0.
num_chunks_returned_to_freelist: 6.
num_chunks_taken_from_freelist: 2309.
num_chunk_merges: 6.
num_chunk_splits: 1807.
num_chunks_enlarged: 1557.
num_inconsistent_stats: 0.

CodeHeap 'non-profiled nmethods': size=120000Kb used=4823Kb max_used=4823Kb free=115176Kb
 bounds [0x000001af37270000, 0x000001af37730000, 0x000001af3e7a0000]
CodeHeap 'profiled nmethods': size=120000Kb used=19918Kb max_used=19918Kb free=100081Kb
 bounds [0x000001af2f7a0000, 0x000001af30b20000, 0x000001af36cd0000]
CodeHeap 'non-nmethods': size=5760Kb used=1301Kb max_used=1391Kb free=4458Kb
 bounds [0x000001af36cd0000, 0x000001af36f40000, 0x000001af37270000]
 total_blobs=9200 nmethods=8591 adapters=519
 compilation: enabled
              stopped_count=0, restarted_count=0
 full_count=0

Compilation events (20 events):
Event: 10.117 Thread 0x000001af4f0b3f90 nmethod 10182 0x000001af30b04c10 code [0x000001af30b04e60, 0x000001af30b05458]
Event: 10.117 Thread 0x000001af4f0b3f90 10183       2       org.jetbrains.kotlin.resolve.jvm.checkers.WarningAwareUpperBoundChecker::checkBounds (216 bytes)
Event: 10.120 Thread 0x000001af4f0b3f90 nmethod 10183 0x000001af30b05790 code [0x000001af30b05c60, 0x000001af30b07178]
Event: 10.120 Thread 0x000001af4f0b3f90 10185       2       org.jetbrains.kotlin.resolve.UpperBoundViolatedReporter::<init> (64 bytes)
Event: 10.121 Thread 0x000001af4f583080 nmethod 9886 0x000001af37717510 code [0x000001af37717bc0, 0x000001af3771ebc0]
Event: 10.121 Thread 0x000001af4f583080 10134       4       kotlin.collections.CollectionsKt___CollectionsKt::toList (103 bytes)
Event: 10.121 Thread 0x000001af4f0b3f90 nmethod 10185 0x000001af30b07f10 code [0x000001af30b08220, 0x000001af30b08d98]
Event: 10.121 Thread 0x000001af4f0b3f90 10184       2       org.jetbrains.kotlin.resolve.UpperBoundViolatedReporter::<init> (50 bytes)
Event: 10.122 Thread 0x000001af4f0b3f90 nmethod 10184 0x000001af30b09390 code [0x000001af30b09540, 0x000001af30b09748]
Event: 10.123 Thread 0x000001af4f0b3f90 10186       2       org.jetbrains.kotlin.load.java.structure.JavaLoadingKt::isObjectMethod (104 bytes)
Event: 10.124 Thread 0x000001af4f0b3f90 nmethod 10186 0x000001af30b09890 code [0x000001af30b09aa0, 0x000001af30b09d68]
Event: 10.125 Thread 0x000001af4f0b3f90 10187       2       org.jetbrains.kotlin.load.java.typeEnhancement.AbstractSignatureParts::getBoundsNullability (575 bytes)
Event: 10.128 Thread 0x000001af4f0b3f90 nmethod 10187 0x000001af30b09f10 code [0x000001af30b0a4a0, 0x000001af30b0c3b8]
Event: 10.128 Thread 0x000001af4f0b3f90 10188       2       org.jetbrains.kotlin.types.DelegatingSimpleType::getAttributes (8 bytes)
Event: 10.128 Thread 0x000001af4f0b3f90 nmethod 10188 0x000001af30b0d410 code [0x000001af30b0d5c0, 0x000001af30b0d718]
Event: 10.128 Thread 0x000001af4f0b3f90 10189 %     3       org.jetbrains.kotlin.psi.KtPsiUtil::getEnclosingElementForLocalDeclaration @ 164 (401 bytes)
Event: 10.130 Thread 0x000001af4f0b3f90 nmethod 10189% 0x000001af30b0d810 code [0x000001af30b0de80, 0x000001af30b12d98]
Event: 10.130 Thread 0x000001af4f0b3f90 10194       2       org.jetbrains.kotlin.resolve.jvm.platform.JavaGenericVarianceViolationTypeChecker::checkType (653 bytes)
Event: 10.131 Thread 0x000001af4f583080 nmethod 10134 0x000001af37724e90 code [0x000001af37725080, 0x000001af37725978]
Event: 10.131 Thread 0x000001af4f583080 10146       4       java.lang.AbstractStringBuilder::isLatin1 (19 bytes)

GC Heap History (20 events):
Event: 4.024 GC heap after
{Heap after GC invocations=12 (full 0):
 garbage-first heap   total 110592K, used 39872K [0x000000070ac00000, 0x0000000800000000)
  region size 2048K, 2 young (4096K), 2 survivors (4096K)
 Metaspace       used 46802K, committed 47104K, reserved 1114112K
  class space    used 5626K, committed 5760K, reserved 1048576K
}
Event: 4.624 GC heap before
{Heap before GC invocations=12 (full 0):
 garbage-first heap   total 110592K, used 76736K [0x000000070ac00000, 0x0000000800000000)
  region size 2048K, 20 young (40960K), 2 survivors (4096K)
 Metaspace       used 48203K, committed 48448K, reserved 1114112K
  class space    used 5761K, committed 5888K, reserved 1048576K
}
Event: 4.643 GC heap after
{Heap after GC invocations=13 (full 0):
 garbage-first heap   total 110592K, used 50001K [0x000000070ac00000, 0x0000000800000000)
  region size 2048K, 3 young (6144K), 3 survivors (6144K)
 Metaspace       used 48203K, committed 48448K, reserved 1114112K
  class space    used 5761K, committed 5888K, reserved 1048576K
}
Event: 5.353 GC heap before
{Heap before GC invocations=13 (full 0):
 garbage-first heap   total 110592K, used 78673K [0x000000070ac00000, 0x0000000800000000)
  region size 2048K, 17 young (34816K), 3 survivors (6144K)
 Metaspace       used 50088K, committed 50368K, reserved 1114112K
  class space    used 5870K, committed 6016K, reserved 1048576K
}
Event: 5.371 GC heap after
{Heap after GC invocations=14 (full 0):
 garbage-first heap   total 110592K, used 55072K [0x000000070ac00000, 0x0000000800000000)
  region size 2048K, 3 young (6144K), 3 survivors (6144K)
 Metaspace       used 50088K, committed 50368K, reserved 1114112K
  class space    used 5870K, committed 6016K, reserved 1048576K
}
Event: 5.845 GC heap before
{Heap before GC invocations=14 (full 0):
 garbage-first heap   total 110592K, used 81696K [0x000000070ac00000, 0x0000000800000000)
  region size 2048K, 16 young (32768K), 3 survivors (6144K)
 Metaspace       used 51908K, committed 52160K, reserved 1114112K
  class space    used 6066K, committed 6208K, reserved 1048576K
}
Event: 5.862 GC heap after
{Heap after GC invocations=15 (full 0):
 garbage-first heap   total 110592K, used 58717K [0x000000070ac00000, 0x0000000800000000)
  region size 2048K, 2 young (4096K), 2 survivors (4096K)
 Metaspace       used 51908K, committed 52160K, reserved 1114112K
  class space    used 6066K, committed 6208K, reserved 1048576K
}
Event: 6.309 GC heap before
{Heap before GC invocations=16 (full 0):
 garbage-first heap   total 112640K, used 83293K [0x000000070ac00000, 0x0000000800000000)
  region size 2048K, 14 young (28672K), 2 survivors (4096K)
 Metaspace       used 53688K, committed 53952K, reserved 1114112K
  class space    used 6291K, committed 6400K, reserved 1048576K
}
Event: 6.322 GC heap after
{Heap after GC invocations=17 (full 0):
 garbage-first heap   total 112640K, used 62417K [0x000000070ac00000, 0x0000000800000000)
  region size 2048K, 2 young (4096K), 2 survivors (4096K)
 Metaspace       used 53688K, committed 53952K, reserved 1114112K
  class space    used 6291K, committed 6400K, reserved 1048576K
}
Event: 6.480 GC heap before
{Heap before GC invocations=17 (full 0):
 garbage-first heap   total 112640K, used 70609K [0x000000070ac00000, 0x0000000800000000)
  region size 2048K, 7 young (14336K), 2 survivors (4096K)
 Metaspace       used 53852K, committed 54080K, reserved 1114112K
  class space    used 6298K, committed 6400K, reserved 1048576K
}
Event: 6.487 GC heap after
{Heap after GC invocations=18 (full 0):
 garbage-first heap   total 149504K, used 63896K [0x000000070ac00000, 0x0000000800000000)
  region size 2048K, 1 young (2048K), 1 survivors (2048K)
 Metaspace       used 53852K, committed 54080K, reserved 1114112K
  class space    used 6298K, committed 6400K, reserved 1048576K
}
Event: 7.296 GC heap before
{Heap before GC invocations=18 (full 0):
 garbage-first heap   total 149504K, used 113048K [0x000000070ac00000, 0x0000000800000000)
  region size 2048K, 24 young (49152K), 1 survivors (2048K)
 Metaspace       used 55224K, committed 55488K, reserved 1114112K
  class space    used 6468K, committed 6592K, reserved 1048576K
}
Event: 7.306 GC heap after
{Heap after GC invocations=19 (full 0):
 garbage-first heap   total 149504K, used 74024K [0x000000070ac00000, 0x0000000800000000)
  region size 2048K, 3 young (6144K), 3 survivors (6144K)
 Metaspace       used 55224K, committed 55488K, reserved 1114112K
  class space    used 6468K, committed 6592K, reserved 1048576K
}
Event: 8.597 GC heap before
{Heap before GC invocations=19 (full 0):
 garbage-first heap   total 149504K, used 112936K [0x000000070ac00000, 0x0000000800000000)
  region size 2048K, 22 young (45056K), 3 survivors (6144K)
 Metaspace       used 59579K, committed 59840K, reserved 1114112K
  class space    used 6983K, committed 7104K, reserved 1048576K
}
Event: 8.614 GC heap after
{Heap after GC invocations=20 (full 0):
 garbage-first heap   total 149504K, used 79627K [0x000000070ac00000, 0x0000000800000000)
  region size 2048K, 3 young (6144K), 3 survivors (6144K)
 Metaspace       used 59579K, committed 59840K, reserved 1114112K
  class space    used 6983K, committed 7104K, reserved 1048576K
}
Event: 9.551 GC heap before
{Heap before GC invocations=21 (full 0):
 garbage-first heap   total 149504K, used 114443K [0x000000070ac00000, 0x0000000800000000)
  region size 2048K, 20 young (40960K), 3 survivors (6144K)
 Metaspace       used 61081K, committed 61376K, reserved 1114112K
  class space    used 7099K, committed 7232K, reserved 1048576K
}
Event: 9.566 GC heap after
{Heap after GC invocations=22 (full 0):
 garbage-first heap   total 149504K, used 85894K [0x000000070ac00000, 0x0000000800000000)
  region size 2048K, 3 young (6144K), 3 survivors (6144K)
 Metaspace       used 61081K, committed 61376K, reserved 1114112K
  class space    used 7099K, committed 7232K, reserved 1048576K
}
Event: 9.591 GC heap before
{Heap before GC invocations=22 (full 0):
 garbage-first heap   total 149504K, used 87942K [0x000000070ac00000, 0x0000000800000000)
  region size 2048K, 4 young (8192K), 3 survivors (6144K)
 Metaspace       used 61116K, committed 61376K, reserved 1114112K
  class space    used 7100K, committed 7232K, reserved 1048576K
}
Event: 9.599 GC heap after
{Heap after GC invocations=23 (full 0):
 garbage-first heap   total 149504K, used 87042K [0x000000070ac00000, 0x0000000800000000)
  region size 2048K, 1 young (2048K), 1 survivors (2048K)
 Metaspace       used 61116K, committed 61376K, reserved 1114112K
  class space    used 7100K, committed 7232K, reserved 1048576K
}
Event: 10.131 GC heap before
{Heap before GC invocations=23 (full 0):
 garbage-first heap   total 149504K, used 117762K [0x000000070ac00000, 0x0000000800000000)
  region size 2048K, 16 young (32768K), 1 survivors (2048K)
 Metaspace       used 61950K, committed 62208K, reserved 1114112K
  class space    used 7149K, committed 7296K, reserved 1048576K
}

Dll operation events (2 events):
Event: 0.005 Loaded shared library D:\Android\jbr\bin\java.dll
Event: 0.865 Loaded shared library D:\Android\jbr\bin\verify.dll

Deoptimization events (20 events):
Event: 10.104 Thread 0x000001af2c2c6a60 Uncommon trap: trap_request=0xffffffc6 fr.pc=0x000001af3768a6c8 relative=0x00000000000000a8
Event: 10.104 Thread 0x000001af2c2c6a60 Uncommon trap: reason=bimorphic_or_optimized_type_check action=maybe_recompile pc=0x000001af3768a6c8 method=org.jetbrains.kotlin.types.DelegatingSimpleType.getAttributes()Lorg/jetbrains/kotlin/types/TypeAttributes; @ 4 c2
Event: 10.104 Thread 0x000001af2c2c6a60 DEOPT PACKING pc=0x000001af3768a6c8 sp=0x00000044d68fdca0
Event: 10.104 Thread 0x000001af2c2c6a60 DEOPT UNPACKING pc=0x000001af36d269a3 sp=0x00000044d68fdc28 mode 2
Event: 10.105 Thread 0x000001af2c2c6a60 Uncommon trap: trap_request=0xffffffc6 fr.pc=0x000001af3768a6c8 relative=0x00000000000000a8
Event: 10.105 Thread 0x000001af2c2c6a60 Uncommon trap: reason=bimorphic_or_optimized_type_check action=maybe_recompile pc=0x000001af3768a6c8 method=org.jetbrains.kotlin.types.DelegatingSimpleType.getAttributes()Lorg/jetbrains/kotlin/types/TypeAttributes; @ 4 c2
Event: 10.105 Thread 0x000001af2c2c6a60 DEOPT PACKING pc=0x000001af3768a6c8 sp=0x00000044d68fdca0
Event: 10.105 Thread 0x000001af2c2c6a60 DEOPT UNPACKING pc=0x000001af36d269a3 sp=0x00000044d68fdc28 mode 2
Event: 10.105 Thread 0x000001af2c2c6a60 Uncommon trap: trap_request=0xffffffc6 fr.pc=0x000001af3768a6c8 relative=0x00000000000000a8
Event: 10.105 Thread 0x000001af2c2c6a60 Uncommon trap: reason=bimorphic_or_optimized_type_check action=maybe_recompile pc=0x000001af3768a6c8 method=org.jetbrains.kotlin.types.DelegatingSimpleType.getAttributes()Lorg/jetbrains/kotlin/types/TypeAttributes; @ 4 c2
Event: 10.105 Thread 0x000001af2c2c6a60 DEOPT PACKING pc=0x000001af3768a6c8 sp=0x00000044d68fdbb0
Event: 10.105 Thread 0x000001af2c2c6a60 DEOPT UNPACKING pc=0x000001af36d269a3 sp=0x00000044d68fdb38 mode 2
Event: 10.129 Thread 0x000001af2c2c6a60 Uncommon trap: trap_request=0xffffffde fr.pc=0x000001af3763d804 relative=0x0000000000000f84
Event: 10.129 Thread 0x000001af2c2c6a60 Uncommon trap: reason=class_check action=maybe_recompile pc=0x000001af3763d804 method=org.jetbrains.kotlin.parsing.KotlinParserDefinition.createElement(Lorg/jetbrains/kotlin/com/intellij/lang/ASTNode;)Lorg/jetbrains/kotlin/com/intellij/psi/PsiElement; @ 1
Event: 10.129 Thread 0x000001af2c2c6a60 DEOPT PACKING pc=0x000001af3763d804 sp=0x00000044d68fdee0
Event: 10.129 Thread 0x000001af2c2c6a60 DEOPT UNPACKING pc=0x000001af36d269a3 sp=0x00000044d68fdde8 mode 2
Event: 10.129 Thread 0x000001af2c2c6a60 Uncommon trap: trap_request=0xffffffde fr.pc=0x000001af3763d804 relative=0x0000000000000f84
Event: 10.129 Thread 0x000001af2c2c6a60 Uncommon trap: reason=class_check action=maybe_recompile pc=0x000001af3763d804 method=org.jetbrains.kotlin.parsing.KotlinParserDefinition.createElement(Lorg/jetbrains/kotlin/com/intellij/lang/ASTNode;)Lorg/jetbrains/kotlin/com/intellij/psi/PsiElement; @ 1
Event: 10.129 Thread 0x000001af2c2c6a60 DEOPT PACKING pc=0x000001af3763d804 sp=0x00000044d68fdee0
Event: 10.129 Thread 0x000001af2c2c6a60 DEOPT UNPACKING pc=0x000001af36d269a3 sp=0x00000044d68fdde8 mode 2

Classes unloaded (0 events):
No events

Classes redefined (0 events):
No events

Internal exceptions (20 events):
Event: 5.449 Thread 0x000001af2c2c6a60 Exception <a 'java/lang/NoSuchMethodError'{0x0000000711287318}: 'int java.lang.invoke.DirectMethodHandle$Holder.invokeInterface(java.lang.Object, java.lang.Object)'> (0x0000000711287318) 
thrown [s\src\hotspot\share\interpreter\linkResolver.cpp, line 771]
Event: 5.621 Thread 0x000001af2c2c6a60 Exception <a 'java/lang/NoSuchMethodError'{0x0000000710ac4178}: 'java.lang.Object java.lang.invoke.DirectMethodHandle$Holder.newInvokeSpecial(java.lang.Object, java.lang.Object, java.lang.Object, java.lang.Object, java.lang.Object)'> (0x0000000710ac4178) 
thrown [s\src\hotspot\share\interpreter\linkResolver.cpp, line 771]
Event: 6.010 Thread 0x000001af2c2c6a60 Exception <a 'java/lang/NoSuchMethodError'{0x00000007117c02a0}: 'int java.lang.invoke.DirectMethodHandle$Holder.invokeStaticInit(java.lang.Object, int)'> (0x00000007117c02a0) 
thrown [s\src\hotspot\share\interpreter\linkResolver.cpp, line 771]
Event: 6.867 Thread 0x000001af2c2c6a60 Implicit null exception at 0x000001af3737b14c to 0x000001af3737b234
Event: 7.451 Thread 0x000001af2c2c6a60 Exception <a 'java/lang/NoSuchMethodError'{0x0000000713b90f48}: 'java.lang.Object java.lang.invoke.DirectMethodHandle$Holder.invokeInterface(java.lang.Object, java.lang.Object, java.lang.Object)'> (0x0000000713b90f48) 
thrown [s\src\hotspot\share\interpreter\linkResolver.cpp, line 771]
Event: 7.452 Thread 0x000001af2c2c6a60 Exception <a 'java/lang/IncompatibleClassChangeError'{0x0000000713b94e08}: Found class java.lang.Object, but interface was expected> (0x0000000713b94e08) 
thrown [s\src\hotspot\share\interpreter\linkResolver.cpp, line 838]
Event: 7.543 Thread 0x000001af2c2c6a60 Implicit null exception at 0x000001af3745e8e5 to 0x000001af37460028
Event: 7.543 Thread 0x000001af2c2c6a60 Implicit null exception at 0x000001af372d639b to 0x000001af372d6af0
Event: 7.770 Thread 0x000001af2c2c6a60 Exception <a 'java/lang/NoSuchMethodError'{0x0000000712c101e8}: 'java.lang.Object java.lang.invoke.DirectMethodHandle$Holder.newInvokeSpecial(java.lang.Object, java.lang.Object, java.lang.Object, java.lang.Object, java.lang.Object, java.lang.Object, java.lang.Object)'> (0x0000000712c101e8) 
thrown [s\src\hotspot\share\interpreter\linkResolver.cpp, line 771]
Event: 7.770 Thread 0x000001af2c2c6a60 Exception <a 'java/lang/NoSuchMethodError'{0x0000000712c14968}: 'java.lang.Object java.lang.invoke.Invokers$Holder.linkToTargetMethod(java.lang.Object, java.lang.Object, java.lang.Object, java.lang.Object, java.lang.Object, java.lang.Object, java.lang.Object)'> (0x0000000712c14968) 
thrown [s\src\hotspot\share\interpreter\linkResolver.cpp, line 771]
Event: 8.293 Thread 0x000001af2c2c6a60 Exception <a 'java/lang/NoSuchMethodError'{0x0000000712091480}: 'java.lang.Object java.lang.invoke.DirectMethodHandle$Holder.newInvokeSpecial(java.lang.Object, java.lang.Object, java.lang.Object, java.lang.Object, java.lang.Object, java.lang.Object, java.lang.Object, java.lang.Object)'> (0x0000000712091480) 
thrown [s\src\hotspot\share\interpreter\linkResolver.cpp, line 771]
Event: 8.294 Thread 0x000001af2c2c6a60 Exception <a 'java/lang/NoSuchMethodError'{0x0000000712096a98}: 'java.lang.Object java.lang.invoke.DirectMethodHandle$Holder.invokeSpecial(java.lang.Object, java.lang.Object, java.lang.Object, java.lang.Object, java.lang.Object, java.lang.Object, java.lang.Object, java.lang.Object, java.lang.Object)'> (0x0000000712096a98) 
thrown [s\src\hotspot\share\interpreter\linkResolver.cpp, line 771]
Event: 8.295 Thread 0x000001af2c2c6a60 Exception <a 'java/lang/NoSuchMethodError'{0x000000071209b9c8}: 'java.lang.Object java.lang.invoke.Invokers$Holder.linkToTargetMethod(java.lang.Object, java.lang.Object, java.lang.Object, java.lang.Object, java.lang.Object, java.lang.Object, java.lang.Object, java.lang.Object)'> (0x000000071209b9c8) 
thrown [s\src\hotspot\share\interpreter\linkResolver.cpp, line 771]
Event: 8.522 Thread 0x000001af2c2c6a60 Exception <a 'java/lang/NoSuchMethodError'{0x000000071182f308}: 'void java.lang.invoke.DirectMethodHandle$Holder.invokeSpecial(java.lang.Object, java.lang.Object, int, java.lang.Object)'> (0x000000071182f308) 
thrown [s\src\hotspot\share\interpreter\linkResolver.cpp, line 771]
Event: 8.547 Thread 0x000001af2c2c6a60 Exception <a 'java/lang/NoSuchMethodError'{0x00000007118a2688}: 'java.lang.Object java.lang.invoke.DirectMethodHandle$Holder.invokeStatic(java.lang.Object, java.lang.Object, java.lang.Object, java.lang.Object, int)'> (0x00000007118a2688) 
thrown [s\src\hotspot\share\interpreter\linkResolver.cpp, line 771]
Event: 8.548 Thread 0x000001af2c2c6a60 Exception <a 'java/lang/NoSuchMethodError'{0x00000007118ac278}: 'java.lang.Object java.lang.invoke.DirectMethodHandle$Holder.newInvokeSpecial(java.lang.Object, java.lang.Object, java.lang.Object, java.lang.Object, int)'> (0x00000007118ac278) 
thrown [s\src\hotspot\share\interpreter\linkResolver.cpp, line 771]
Event: 8.548 Thread 0x000001af2c2c6a60 Exception <a 'java/lang/NoSuchMethodError'{0x00000007118b4348}: 'java.lang.Object java.lang.invoke.Invokers$Holder.linkToTargetMethod(java.lang.Object, java.lang.Object, java.lang.Object, int, java.lang.Object)'> (0x00000007118b4348) 
thrown [s\src\hotspot\share\interpreter\linkResolver.cpp, line 771]
Event: 8.630 Thread 0x000001af2c2c6a60 Exception <a 'java/lang/NoSuchMethodError'{0x000000071a0712a8}: 'void java.lang.invoke.DirectMethodHandle$Holder.invokeInterface(java.lang.Object, java.lang.Object)'> (0x000000071a0712a8) 
thrown [s\src\hotspot\share\interpreter\linkResolver.cpp, line 771]
Event: 8.702 Thread 0x000001af2c2c6a60 Exception <a 'java/lang/IncompatibleClassChangeError'{0x000000071a1be058}: Found class java.lang.Object, but interface was expected> (0x000000071a1be058) 
thrown [s\src\hotspot\share\interpreter\linkResolver.cpp, line 838]
Event: 8.750 Thread 0x000001af2c2c6a60 Exception <a 'java/lang/NoSuchMethodError'{0x0000000713b5c4d8}: 'java.lang.Object java.lang.invoke.DirectMethodHandle$Holder.newInvokeSpecial(java.lang.Object, int, java.lang.Object, java.lang.Object)'> (0x0000000713b5c4d8) 
thrown [s\src\hotspot\share\interpreter\linkResolver.cpp, line 771]

VM Operations (20 events):
Event: 9.296 Executing VM operation: ICBufferFull done
Event: 9.349 Executing VM operation: HandshakeAllThreads
Event: 9.349 Executing VM operation: HandshakeAllThreads done
Event: 9.426 Executing VM operation: ICBufferFull
Event: 9.427 Executing VM operation: ICBufferFull done
Event: 9.550 Executing VM operation: G1CollectForAllocation
Event: 9.566 Executing VM operation: G1CollectForAllocation done
Event: 9.591 Executing VM operation: G1CollectForAllocation
Event: 9.599 Executing VM operation: G1CollectForAllocation done
Event: 9.710 Executing VM operation: HandshakeAllThreads
Event: 9.710 Executing VM operation: HandshakeAllThreads done
Event: 9.716 Executing VM operation: ICBufferFull
Event: 9.716 Executing VM operation: ICBufferFull done
Event: 9.720 Executing VM operation: HandshakeAllThreads
Event: 9.720 Executing VM operation: HandshakeAllThreads done
Event: 9.806 Executing VM operation: ICBufferFull
Event: 9.806 Executing VM operation: ICBufferFull done
Event: 10.064 Executing VM operation: ICBufferFull
Event: 10.064 Executing VM operation: ICBufferFull done
Event: 10.131 Executing VM operation: G1CollectForAllocation

Events (20 events):
Event: 8.636 loading class java/util/stream/AbstractSpinedBuffer
Event: 8.637 loading class java/util/stream/AbstractSpinedBuffer done
Event: 8.637 loading class java/util/stream/SpinedBuffer done
Event: 8.637 loading class java/util/stream/Nodes$SpinedNodeBuilder done
Event: 9.350 Thread 0x000001af4f0b4990 flushing nmethod 0x000001af373f9d10
Event: 9.359 Thread 0x000001af4f0b4990 flushing nmethod 0x000001af30141f90
Event: 9.361 Thread 0x000001af4f0b4990 flushing nmethod 0x000001af303b7b10
Event: 9.362 Thread 0x000001af4f0b4990 flushing nmethod 0x000001af30406910
Event: 9.362 Thread 0x000001af4f0b4990 flushing nmethod 0x000001af30420a90
Event: 9.362 Thread 0x000001af4f0b4990 flushing nmethod 0x000001af3046f010
Event: 9.362 Thread 0x000001af4f0b4990 flushing nmethod 0x000001af30473390
Event: 9.363 Thread 0x000001af4f0b4990 flushing nmethod 0x000001af30505290
Event: 9.363 Thread 0x000001af4f0b4990 flushing nmethod 0x000001af30507d10
Event: 9.363 Thread 0x000001af4f0b4990 flushing nmethod 0x000001af3054cd90
Event: 9.363 Thread 0x000001af4f0b4990 flushing nmethod 0x000001af30555f10
Event: 9.363 Thread 0x000001af4f0b4990 flushing nmethod 0x000001af30565e90
Event: 9.363 Thread 0x000001af4f0b4990 flushing nmethod 0x000001af305ade10
Event: 9.364 Thread 0x000001af4f0b4990 flushing nmethod 0x000001af305cb810
Event: 9.364 Thread 0x000001af4f0b4990 flushing nmethod 0x000001af305cd090
Event: 9.364 Thread 0x000001af4f0b4990 flushing nmethod 0x000001af30649610


Dynamic libraries:
0x00007ff7b71d0000 - 0x00007ff7b71da000 	D:\Android\jbr\bin\java.exe
0x00007ff839150000 - 0x00007ff839367000 	C:\windows\SYSTEM32\ntdll.dll
0x00007ff837070000 - 0x00007ff837134000 	C:\windows\System32\KERNEL32.DLL
0x00007ff836690000 - 0x00007ff836a3d000 	C:\windows\System32\KERNELBASE.dll
0x00007ff836d40000 - 0x00007ff836e51000 	C:\windows\System32\ucrtbase.dll
0x00007ffff53b0000 - 0x00007ffff53c7000 	D:\Android\jbr\bin\jli.dll
0x00007ff821870000 - 0x00007ff82188b000 	D:\Android\jbr\bin\VCRUNTIME140.dll
0x00007ff8388d0000 - 0x00007ff838a7e000 	C:\windows\System32\USER32.dll
0x00007ff836e60000 - 0x00007ff836e86000 	C:\windows\System32\win32u.dll
0x00007ff8386f0000 - 0x00007ff838719000 	C:\windows\System32\GDI32.dll
0x00007ff836570000 - 0x00007ff836689000 	C:\windows\System32\gdi32full.dll
0x00007ff817c90000 - 0x00007ff817f23000 	C:\windows\WinSxS\amd64_microsoft.windows.common-controls_6595b64144ccf1df_6.0.22621.3672_none_2713b9d173822955\COMCTL32.dll
0x00007ff836ca0000 - 0x00007ff836d3a000 	C:\windows\System32\msvcp_win.dll
0x00007ff8376e0000 - 0x00007ff837787000 	C:\windows\System32\msvcrt.dll
0x00007ff8390d0000 - 0x00007ff839101000 	C:\windows\System32\IMM32.DLL
0x00007ff830d90000 - 0x00007ff830d9c000 	D:\Android\jbr\bin\vcruntime140_1.dll
0x00007ffff9e40000 - 0x00007ffff9ecd000 	D:\Android\jbr\bin\msvcp140.dll
0x00007fffd98b0000 - 0x00007fffda533000 	D:\Android\jbr\bin\server\jvm.dll
0x00007ff837880000 - 0x00007ff837932000 	C:\windows\System32\ADVAPI32.dll
0x00007ff838720000 - 0x00007ff8387c9000 	C:\windows\System32\sechost.dll
0x00007ff836a40000 - 0x00007ff836a68000 	C:\windows\System32\bcrypt.dll
0x00007ff837a20000 - 0x00007ff837b34000 	C:\windows\System32\RPCRT4.dll
0x00007ff830c60000 - 0x00007ff830c94000 	C:\windows\SYSTEM32\WINMM.dll
0x00007ff830ff0000 - 0x00007ff830ff9000 	C:\windows\SYSTEM32\WSOCK32.dll
0x00007ff82bd30000 - 0x00007ff82bd3a000 	C:\windows\SYSTEM32\VERSION.dll
0x00007ff836190000 - 0x00007ff8361dd000 	C:\windows\SYSTEM32\POWRPROF.dll
0x00007ff837b40000 - 0x00007ff837bb1000 	C:\windows\System32\WS2_32.dll
0x00007ff836170000 - 0x00007ff836183000 	C:\windows\SYSTEM32\UMPDC.dll
0x00007ff8354b0000 - 0x00007ff8354c8000 	C:\windows\SYSTEM32\kernel.appcore.dll
0x00007ff820820000 - 0x00007ff82082a000 	D:\Android\jbr\bin\jimage.dll
0x00007ff82c5b0000 - 0x00007ff82c7e2000 	C:\windows\SYSTEM32\DBGHELP.DLL
0x00007ff8371f0000 - 0x00007ff837578000 	C:\windows\System32\combase.dll
0x00007ff836e90000 - 0x00007ff836f67000 	C:\windows\System32\OLEAUT32.dll
0x00007ff81ca00000 - 0x00007ff81ca32000 	C:\windows\SYSTEM32\dbgcore.DLL
0x00007ff8364f0000 - 0x00007ff83656b000 	C:\windows\System32\bcryptPrimitives.dll
0x00007ffff7100000 - 0x00007ffff7125000 	D:\Android\jbr\bin\java.dll
0x00007ff816d10000 - 0x00007ff816d28000 	D:\Android\jbr\bin\zip.dll
0x00007ff837c30000 - 0x00007ff83848f000 	C:\windows\System32\SHELL32.dll
0x00007ff834390000 - 0x00007ff834c8c000 	C:\windows\SYSTEM32\windows.storage.dll
0x00007ff834250000 - 0x00007ff83438f000 	C:\windows\SYSTEM32\wintypes.dll
0x00007ff836f70000 - 0x00007ff837064000 	C:\windows\System32\SHCORE.dll
0x00007ff8379c0000 - 0x00007ff837a1e000 	C:\windows\System32\shlwapi.dll
0x00007ff8363b0000 - 0x00007ff8363d1000 	C:\windows\SYSTEM32\profapi.dll
0x00007ff80d230000 - 0x00007ff80d249000 	D:\Android\jbr\bin\net.dll
0x00007ff832250000 - 0x00007ff832386000 	C:\windows\SYSTEM32\WINHTTP.dll
0x00007ff835920000 - 0x00007ff835989000 	C:\windows\system32\mswsock.dll
0x00007ffff6b20000 - 0x00007ffff6b36000 	D:\Android\jbr\bin\nio.dll
0x00007ff80b3b0000 - 0x00007ff80b3c0000 	D:\Android\jbr\bin\verify.dll

dbghelp: loaded successfully - version: 4.0.5 - missing functions: none
symbol engine: initialized successfully - sym options: 0x614 - pdb path: .;D:\Android\jbr\bin;C:\windows\SYSTEM32;C:\windows\WinSxS\amd64_microsoft.windows.common-controls_6595b64144ccf1df_6.0.22621.3672_none_2713b9d173822955;D:\Android\jbr\bin\server

VM Arguments:
java_command: org.jetbrains.kotlin.cli.jvm.K2JVMCompiler @D:\Sea\app\build\20240814_15557121155040948675.compiler.options
java_class_path (initial): D:\LoginSignUpKotlin-master\caches\modules-2\files-2.1\org.jetbrains.kotlin\kotlin-compiler-embeddable\1.9.22\9cd4dc7773cf2a99ecd961a88fbbc9a2da3fb5e1\kotlin-compiler-embeddable-1.9.22.jar;D:\LoginSignUpKotlin-master\caches\modules-2\files-2.1\org.jetbrains.kotlin\kotlin-stdlib\1.9.22\d6c44cd08d8f3f9bece8101216dbe6553365c6e3\kotlin-stdlib-1.9.22.jar;D:\LoginSignUpKotlin-master\caches\modules-2\files-2.1\org.jetbrains.kotlin\kotlin-script-runtime\1.9.22\f8139a46fc677ec9badc49ae954392f4f5e7e7c7\kotlin-script-runtime-1.9.22.jar;D:\LoginSignUpKotlin-master\caches\modules-2\files-2.1\org.jetbrains.kotlin\kotlin-reflect\1.6.10\1cbe9c92c12a94eea200d23c2bbaedaf3daf5132\kotlin-reflect-1.6.10.jar;D:\LoginSignUpKotlin-master\caches\modules-2\files-2.1\org.jetbrains.kotlin\kotlin-daemon-embeddable\1.9.22\20e2c5df715f3240c765cfc222530e2796542021\kotlin-daemon-embeddable-1.9.22.jar;D:\LoginSignUpKotlin-master\caches\modules-2\files-2.1\org.jetbrains.intellij.deps\trove4j\1.0.20200330\3afb14d5f9ceb459d724e907a21145e8ff394f02\trove4j-1.0.20200330.jar;D:\LoginSignUpKotlin-master\caches\modules-2\files-2.1\org.jetbrains\annotations\13.0\919f0dfe192fb4e063e7dacadee7f8bb9a2672a9\annotations-13.0.jar
Launcher Type: SUN_STANDARD

[Global flags]
     intx CICompilerCount                          = 4                                         {product} {ergonomic}
     uint ConcGCThreads                            = 3                                         {product} {ergonomic}
     uint G1ConcRefinementThreads                  = 10                                        {product} {ergonomic}
   size_t G1HeapRegionSize                         = 2097152                                   {product} {ergonomic}
    uintx GCDrainStackTargetSize                   = 64                                        {product} {ergonomic}
   size_t InitialHeapSize                          = 257949696                                 {product} {ergonomic}
   size_t MarkStackSize                            = 4194304                                   {product} {ergonomic}
   size_t MaxHeapSize                              = 4114612224                                {product} {ergonomic}
   size_t MaxNewSize                               = 2468347904                                {product} {ergonomic}
   size_t MinHeapDeltaBytes                        = 2097152                                   {product} {ergonomic}
   size_t MinHeapSize                              = 8388608                                   {product} {ergonomic}
    uintx NonNMethodCodeHeapSize                   = 5839372                                {pd product} {ergonomic}
    uintx NonProfiledCodeHeapSize                  = 122909434                              {pd product} {ergonomic}
    uintx ProfiledCodeHeapSize                     = 122909434                              {pd product} {ergonomic}
    uintx ReservedCodeCacheSize                    = 251658240                              {pd product} {ergonomic}
     bool SegmentedCodeCache                       = true                                      {product} {ergonomic}
   size_t SoftMaxHeapSize                          = 4114612224                             {manageable} {ergonomic}
     bool UseCompressedClassPointers               = true                           {product lp64_product} {ergonomic}
     bool UseCompressedOops                        = true                           {product lp64_product} {ergonomic}
     bool UseG1GC                                  = true                                      {product} {ergonomic}
     bool UseLargePagesIndividualAllocation        = false                                  {pd product} {ergonomic}

Logging:
Log output configuration:
 #0: stdout all=warning uptime,level,tags
 #1: stderr all=off uptime,level,tags

Environment Variables:
PATH=C:\windows\system32;C:\windows;C:\windows\System32\Wbem;C:\windows\System32\WindowsPowerShell\v1.0\;C:\windows\System32\OpenSSH\;C:\Program Files\Git\cmd;C:\Users\Muthu\AppData\Local\Microsoft\WindowsApps;
USERNAME=Muthu
OS=Windows_NT
PROCESSOR_IDENTIFIER=AMD64 Family 23 Model 104 Stepping 1, AuthenticAMD
TMP=C:\Users\Muthu\AppData\Local\Temp
TEMP=C:\Users\Muthu\AppData\Local\Temp



Periodic native trim disabled

JNI global refs:
JNI global refs: 12, weak refs: 22

JNI global refs memory usage: 843, weak refs: 841

OOME stack traces (most recent first):
Classloader memory used:
Loader jdk.internal.loader.ClassLoaders$AppClassLoader                                 : 6301K
Loader bootstrap                                                                       : 1396K
Loader java.net.URLClassLoader                                                         : 25761B
Loader jdk.internal.reflect.DelegatingClassLoader                                      : 18650B
Loader jdk.internal.loader.ClassLoaders$PlatformClassLoader                            : 2276B


---------------  S Y S T E M  ---------------

OS:
 Windows 11 , 64 bit Build 22621 (10.0.22621.3672)
OS uptime: 4 days 4:32 hours
Hyper-V role detected

CPU: total 12 (initial active 12) (12 cores per cpu, 2 threads per core) family 23 model 104 stepping 1 microcode 0x0, cx8, cmov, fxsr, ht, mmx, 3dnowpref, sse, sse2, sse3, ssse3, sse4a, sse4.1, sse4.2, popcnt, lzcnt, tsc, tscinvbit, avx, avx2, aes, clmul, bmi1, bmi2, adx, sha, fma, vzeroupper, clflush, clflushopt, hv
Processor Information for processor 0
  Max Mhz: 2100, Current Mhz: 2100, Mhz Limit: 2100
Processor Information for processor 1
  Max Mhz: 2100, Current Mhz: 1813, Mhz Limit: 2100
Processor Information for processor 2
  Max Mhz: 2100, Current Mhz: 1813, Mhz Limit: 2100
Processor Information for processor 3
  Max Mhz: 2100, Current Mhz: 1813, Mhz Limit: 2100
Processor Information for processor 4
  Max Mhz: 2100, Current Mhz: 1813, Mhz Limit: 2100
Processor Information for processor 5
  Max Mhz: 2100, Current Mhz: 2100, Mhz Limit: 2100
Processor Information for processor 6
  Max Mhz: 2100, Current Mhz: 2100, Mhz Limit: 2100
Processor Information for processor 7
  Max Mhz: 2100, Current Mhz: 1813, Mhz Limit: 2100
Processor Information for processor 8
  Max Mhz: 2100, Current Mhz: 1813, Mhz Limit: 2100
Processor Information for processor 9
  Max Mhz: 2100, Current Mhz: 1813, Mhz Limit: 2100
Processor Information for processor 10
  Max Mhz: 2100, Current Mhz: 1813, Mhz Limit: 2100
Processor Information for processor 11
  Max Mhz: 2100, Current Mhz: 1813, Mhz Limit: 2100

Memory: 4k page, system-wide physical 15694M (2046M free)
TotalPageFile size 17742M (AvailPageFile size 11M)
current process WorkingSet (physical memory assigned to process): 349M, peak: 356M
current process commit charge ("private bytes"): 492M, peak: 521M

vm_info: OpenJDK 64-Bit Server VM (17.0.9+0--11185874) for windows-amd64 JRE (17.0.9+0--11185874), built on Dec  6 2023 18:57:44 by "androidbuild" with MS VC++ 16.10 / 16.11 (VS2019)

END.
