#
# There is insufficient memory for the Java Runtime Environment to continue.
# Native memory allocation (mmap) failed to map 243269632 bytes for G1 virtual space
# Possible reasons:
#   The system is out of physical RAM or swap space
#   The process is running with CompressedOops enabled, and the Java Heap may be blocking the growth of the native heap
# Possible solutions:
#   Reduce memory load on the system
#   Increase physical memory or swap space
#   Check if swap backing store is full
#   Decrease Java heap size (-Xmx/-Xms)
#   Decrease number of Java threads
#   Decrease Java thread stack sizes (-Xss)
#   Set larger code cache with -XX:ReservedCodeCacheSize=
#   JVM is running with Zero Based Compressed Oops mode in which the Java heap is
#     placed in the first 32GB address space. The Java Heap base address is the
#     maximum limit for the native heap growth. Please use -XX:HeapBaseMinAddress
#     to set the Java Heap base and to place the Java Heap above 32GB virtual address.
# This output file may be truncated or incomplete.
#
#  Out of Memory Error (os_windows.cpp:3825), pid=18548, tid=6456
#
# JRE version: OpenJDK Runtime Environment (17.0.9) (build 17.0.9+0--11185874)
# Java VM: OpenJDK 64-Bit Server VM (17.0.9+0--11185874, mixed mode, tiered, compressed oops, compressed class ptrs, g1 gc, windows-amd64)
# No core dump will be written. Minidumps are not enabled by default on client versions of Windows
#

---------------  S U M M A R Y ------------

Command Line: org.jetbrains.kotlin.cli.jvm.K2JVMCompiler @D:\Sea\app\build\20240814_682991144819695481.compiler.options

Host: AMD Ryzen 5 5500U with Radeon Graphics         , 12 cores, 15G,  Windows 11 , 64 bit Build 22621 (10.0.22621.3672)
Time: Wed Aug 14 13:09:38 2024 India Standard Time elapsed time: 15.747617 seconds (0d 0h 0m 15s)

---------------  T H R E A D  ---------------

Current thread (0x00000268513b8a20):  VMThread "VM Thread" [stack: 0x000000f4df700000,0x000000f4df800000] [id=6456]

Stack: [0x000000f4df700000,0x000000f4df800000]
Native frames: (J=compiled Java code, j=interpreted, Vv=VM code, C=native code)
V  [jvm.dll+0x6886e9]
V  [jvm.dll+0x841e4a]
V  [jvm.dll+0x843a8e]
V  [jvm.dll+0x8440f3]
V  [jvm.dll+0x24c14f]
V  [jvm.dll+0x685499]
V  [jvm.dll+0x679c2a]
V  [jvm.dll+0x30cf9b]
V  [jvm.dll+0x314446]
V  [jvm.dll+0x36425e]
V  [jvm.dll+0x36448f]
V  [jvm.dll+0x2e2d68]
V  [jvm.dll+0x2e0f44]
V  [jvm.dll+0x2e054c]
V  [jvm.dll+0x3253fb]
V  [jvm.dll+0x8487eb]
V  [jvm.dll+0x849531]
V  [jvm.dll+0x849a4d]
V  [jvm.dll+0x849e24]
V  [jvm.dll+0x849ef0]
V  [jvm.dll+0x7f06aa]
V  [jvm.dll+0x687565]
C  [ucrtbase.dll+0x29333]
C  [KERNEL32.DLL+0x1257d]
C  [ntdll.dll+0x5af28]

VM_Operation (0x000000f4df1fccf0): G1CollectForAllocation, mode: safepoint, requested by thread 0x00000268329a8220


---------------  P R O C E S S  ---------------

Threads class SMR info:
_java_thread_list=0x00000268568ae1c0, length=14, elements={
0x00000268329a8220, 0x00000268513cd250, 0x00000268513d0410, 0x00000268513f7670,
0x000002685141e8b0, 0x0000026851410af0, 0x00000268514113c0, 0x0000026851411fc0,
0x00000268514128d0, 0x00000268514151f0, 0x000002685158f4f0, 0x00000268515a02d0,
0x00000268568abf20, 0x0000026858b6ac60
}

Java Threads: ( => current thread )
  0x00000268329a8220 JavaThread "main" [_thread_blocked, id=18772, stack(0x000000f4df100000,0x000000f4df200000)]
  0x00000268513cd250 JavaThread "Reference Handler" daemon [_thread_blocked, id=22408, stack(0x000000f4df800000,0x000000f4df900000)]
  0x00000268513d0410 JavaThread "Finalizer" daemon [_thread_blocked, id=20276, stack(0x000000f4df900000,0x000000f4dfa00000)]
  0x00000268513f7670 JavaThread "Signal Dispatcher" daemon [_thread_blocked, id=19944, stack(0x000000f4dfa00000,0x000000f4dfb00000)]
  0x000002685141e8b0 JavaThread "Attach Listener" daemon [_thread_blocked, id=2100, stack(0x000000f4dfb00000,0x000000f4dfc00000)]
  0x0000026851410af0 JavaThread "Service Thread" daemon [_thread_blocked, id=4568, stack(0x000000f4dfc00000,0x000000f4dfd00000)]
  0x00000268514113c0 JavaThread "Monitor Deflation Thread" daemon [_thread_blocked, id=8960, stack(0x000000f4dfd00000,0x000000f4dfe00000)]
  0x0000026851411fc0 JavaThread "C2 CompilerThread0" daemon [_thread_blocked, id=20348, stack(0x000000f4dfe00000,0x000000f4dff00000)]
  0x00000268514128d0 JavaThread "C1 CompilerThread0" daemon [_thread_blocked, id=18352, stack(0x000000f4dff00000,0x000000f4e0000000)]
  0x00000268514151f0 JavaThread "Sweeper thread" daemon [_thread_blocked, id=10100, stack(0x000000f4e0000000,0x000000f4e0100000)]
  0x000002685158f4f0 JavaThread "Notification Thread" daemon [_thread_blocked, id=20092, stack(0x000000f4e0100000,0x000000f4e0200000)]
  0x00000268515a02d0 JavaThread "Common-Cleaner" daemon [_thread_blocked, id=2700, stack(0x000000f4e0300000,0x000000f4e0400000)]
  0x00000268568abf20 JavaThread "C2 CompilerThread1" daemon [_thread_blocked, id=2084, stack(0x000000f4e0e00000,0x000000f4e0f00000)]
  0x0000026858b6ac60 JavaThread "C2 CompilerThread2" daemon [_thread_blocked, id=7580, stack(0x000000f4e0f00000,0x000000f4e1000000)]

Other Threads:
=>0x00000268513b8a20 VMThread "VM Thread" [stack: 0x000000f4df700000,0x000000f4df800000] [id=6456]
  0x0000026851593ff0 WatcherThread [stack: 0x000000f4e0200000,0x000000f4e0300000] [id=17640]
  0x0000026832a13870 GCTaskThread "GC Thread#0" [stack: 0x000000f4df200000,0x000000f4df300000] [id=8404]
  0x00000268563c1650 GCTaskThread "GC Thread#1" [stack: 0x000000f4e0500000,0x000000f4e0600000] [id=3144]
  0x00000268563c1f70 GCTaskThread "GC Thread#2" [stack: 0x000000f4e0600000,0x000000f4e0700000] [id=8788]
  0x00000268563c2a50 GCTaskThread "GC Thread#3" [stack: 0x000000f4e0700000,0x000000f4e0800000] [id=12504]
  0x00000268563c2d10 GCTaskThread "GC Thread#4" [stack: 0x000000f4e0800000,0x000000f4e0900000] [id=19980]
  0x00000268563f5310 GCTaskThread "GC Thread#5" [stack: 0x000000f4e0900000,0x000000f4e0a00000] [id=16592]
  0x000002685658bc60 GCTaskThread "GC Thread#6" [stack: 0x000000f4e0400000,0x000000f4e0500000] [id=2784]
  0x000002685651c7c0 GCTaskThread "GC Thread#7" [stack: 0x000000f4e0a00000,0x000000f4e0b00000] [id=13972]
  0x00000268564d9f30 GCTaskThread "GC Thread#8" [stack: 0x000000f4e0b00000,0x000000f4e0c00000] [id=10232]
  0x00000268568e4660 GCTaskThread "GC Thread#9" [stack: 0x000000f4e1000000,0x000000f4e1100000] [id=12212]
  0x0000026832a23c10 ConcurrentGCThread "G1 Main Marker" [stack: 0x000000f4df300000,0x000000f4df400000] [id=10944]
  0x0000026832a245b0 ConcurrentGCThread "G1 Conc#0" [stack: 0x000000f4df400000,0x000000f4df500000] [id=11540]
  0x00000268565e5c70 ConcurrentGCThread "G1 Conc#1" [stack: 0x000000f4e0c00000,0x000000f4e0d00000] [id=15548]
  0x00000268564ee750 ConcurrentGCThread "G1 Conc#2" [stack: 0x000000f4e0d00000,0x000000f4e0e00000] [id=20016]
  0x00000268510d75c0 ConcurrentGCThread "G1 Refine#0" [stack: 0x000000f4df500000,0x000000f4df600000] [id=17008]
  0x000002685981e1c0 ConcurrentGCThread "G1 Refine#1" [stack: 0x000000f4e1100000,0x000000f4e1200000] [id=12832]
  0x000002685981e7a0 ConcurrentGCThread "G1 Refine#2" [stack: 0x000000f4e1200000,0x000000f4e1300000] [id=9928]
  0x000002685981dbe0 ConcurrentGCThread "G1 Refine#3" [stack: 0x000000f4e1300000,0x000000f4e1400000] [id=9056]
  0x000002685981ded0 ConcurrentGCThread "G1 Refine#4" [stack: 0x000000f4e1400000,0x000000f4e1500000] [id=8888]
  0x000002685981d310 ConcurrentGCThread "G1 Refine#5" [stack: 0x000000f4e1500000,0x000000f4e1600000] [id=15208]
  0x00000268510d82b0 ConcurrentGCThread "G1 Service" [stack: 0x000000f4df600000,0x000000f4df700000] [id=11172]

Threads with active compile tasks:
C2 CompilerThread0    15757 14464       4       org.jetbrains.kotlin.backend.jvm.mapping.MethodSignatureMapper::mapSignature (587 bytes)
C1 CompilerThread0    15757 14785       2       org.jetbrains.kotlin.serialization.DescriptorSerializer::propertyProto (956 bytes)
C2 CompilerThread1    15757 14463       4       org.jetbrains.kotlin.backend.jvm.mapping.MethodSignatureMapper::mapReturnType (164 bytes)
C2 CompilerThread2    15757 14731       4       org.jetbrains.kotlin.backend.jvm.mapping.MethodSignatureMapper::mapFunctionName (342 bytes)

VM state: at safepoint (normal execution)

VM Mutex/Monitor currently owned by a thread:  ([mutex/lock_event])
[0x00000268329a2b80] Threads_lock - owner thread: 0x00000268513b8a20
[0x00000268329a3d80] Heap_lock - owner thread: 0x00000268329a8220

Heap address: 0x000000070ac00000, size: 3924 MB, Compressed Oops mode: Zero based, Oop shift amount: 3

CDS archive(s) not mapped
Compressed class space mapped at: 0x0000000800000000-0x0000000840000000, reserved size: 1073741824
Narrow klass base: 0x0000000800000000, Narrow klass shift: 0, Narrow klass range: 0x40000000

GC Precious Log:
 CPUs: 12 total, 12 available
 Memory: 15694M
 Large Page Support: Disabled
 NUMA Support: Disabled
 Compressed Oops: Enabled (Zero based)
 Heap Region Size: 2M
 Heap Min Capacity: 8M
 Heap Initial Capacity: 246M
 Heap Max Capacity: 3924M
 Pre-touch: Disabled
 Parallel Workers: 10
 Concurrent Workers: 3
 Concurrent Refinement Workers: 10
 Periodic GC: Disabled

Heap:
 garbage-first heap   total 299008K, used 129111K [0x000000070ac00000, 0x0000000800000000)
  region size 2048K, 6 young (12288K), 6 survivors (12288K)
 Metaspace       used 79807K, committed 80128K, reserved 1179648K
  class space    used 8733K, committed 8896K, reserved 1048576K

Heap Regions: E=young(eden), S=young(survivor), O=old, HS=humongous(starts), HC=humongous(continues), CS=collection set, F=free, OA=open archive, CA=closed archive, TAMS=top-at-mark-start (previous, next)
|   0|0x000000070ac00000, 0x000000070ae00000, 0x000000070ae00000|100%|HS|  |TAMS 0x000000070ae00000, 0x000000070ac00000| Complete 
|   1|0x000000070ae00000, 0x000000070b000000, 0x000000070b000000|100%|HC|  |TAMS 0x000000070b000000, 0x000000070ae00000| Complete 
|   2|0x000000070b000000, 0x000000070b200000, 0x000000070b200000|100%| O|  |TAMS 0x000000070b200000, 0x000000070b000000| Untracked 
|   3|0x000000070b200000, 0x000000070b400000, 0x000000070b400000|100%| O|  |TAMS 0x000000070b400000, 0x000000070b200000| Untracked 
|   4|0x000000070b400000, 0x000000070b600000, 0x000000070b600000|100%| O|  |TAMS 0x000000070b600000, 0x000000070b400000| Untracked 
|   5|0x000000070b600000, 0x000000070b800000, 0x000000070b800000|100%|HS|  |TAMS 0x000000070b800000, 0x000000070b600000| Complete 
|   6|0x000000070b800000, 0x000000070ba00000, 0x000000070ba00000|100%| O|  |TAMS 0x000000070b800000, 0x000000070b800000| Untracked 
|   7|0x000000070ba00000, 0x000000070bc00000, 0x000000070bc00000|100%| O|  |TAMS 0x000000070bc00000, 0x000000070ba00000| Untracked 
|   8|0x000000070bc00000, 0x000000070be00000, 0x000000070be00000|100%| O|  |TAMS 0x000000070be00000, 0x000000070bc00000| Untracked 
|   9|0x000000070be00000, 0x000000070c000000, 0x000000070c000000|100%| O|  |TAMS 0x000000070c000000, 0x000000070be00000| Untracked 
|  10|0x000000070c000000, 0x000000070c200000, 0x000000070c200000|100%| O|  |TAMS 0x000000070c200000, 0x000000070c000000| Untracked 
|  11|0x000000070c200000, 0x000000070c400000, 0x000000070c400000|100%| O|  |TAMS 0x000000070c400000, 0x000000070c200000| Untracked 
|  12|0x000000070c400000, 0x000000070c600000, 0x000000070c600000|100%| O|  |TAMS 0x000000070c600000, 0x000000070c400000| Untracked 
|  13|0x000000070c600000, 0x000000070c800000, 0x000000070c800000|100%| O|  |TAMS 0x000000070c800000, 0x000000070c600000| Untracked 
|  14|0x000000070c800000, 0x000000070ca00000, 0x000000070ca00000|100%| O|  |TAMS 0x000000070ca00000, 0x000000070c800000| Untracked 
|  15|0x000000070ca00000, 0x000000070cc00000, 0x000000070cc00000|100%| O|  |TAMS 0x000000070cc00000, 0x000000070ca00000| Untracked 
|  16|0x000000070cc00000, 0x000000070ce00000, 0x000000070ce00000|100%| O|  |TAMS 0x000000070ce00000, 0x000000070cc00000| Untracked 
|  17|0x000000070ce00000, 0x000000070d000000, 0x000000070d000000|100%| O|  |TAMS 0x000000070d000000, 0x000000070ce00000| Untracked 
|  18|0x000000070d000000, 0x000000070d200000, 0x000000070d200000|100%| O|  |TAMS 0x000000070d200000, 0x000000070d000000| Untracked 
|  19|0x000000070d200000, 0x000000070d400000, 0x000000070d400000|100%| O|  |TAMS 0x000000070d400000, 0x000000070d200000| Untracked 
|  20|0x000000070d400000, 0x000000070d600000, 0x000000070d600000|100%| O|  |TAMS 0x000000070d600000, 0x000000070d400000| Untracked 
|  21|0x000000070d600000, 0x000000070d800000, 0x000000070d800000|100%| O|  |TAMS 0x000000070d800000, 0x000000070d600000| Untracked 
|  22|0x000000070d800000, 0x000000070da00000, 0x000000070da00000|100%| O|  |TAMS 0x000000070da00000, 0x000000070d800000| Untracked 
|  23|0x000000070da00000, 0x000000070dc00000, 0x000000070dc00000|100%| O|  |TAMS 0x000000070dc00000, 0x000000070da00000| Untracked 
|  24|0x000000070dc00000, 0x000000070de00000, 0x000000070de00000|100%| O|  |TAMS 0x000000070de00000, 0x000000070dc00000| Untracked 
|  25|0x000000070de00000, 0x000000070e000000, 0x000000070e000000|100%| O|  |TAMS 0x000000070e000000, 0x000000070de00000| Untracked 
|  26|0x000000070e000000, 0x000000070e200000, 0x000000070e200000|100%| O|  |TAMS 0x000000070e200000, 0x000000070e000000| Untracked 
|  27|0x000000070e200000, 0x000000070e400000, 0x000000070e400000|100%| O|  |TAMS 0x000000070e400000, 0x000000070e200000| Untracked 
|  28|0x000000070e400000, 0x000000070e600000, 0x000000070e600000|100%| O|  |TAMS 0x000000070e600000, 0x000000070e400000| Untracked 
|  29|0x000000070e600000, 0x000000070e800000, 0x000000070e800000|100%| O|  |TAMS 0x000000070e800000, 0x000000070e600000| Untracked 
|  30|0x000000070e800000, 0x000000070ea00000, 0x000000070ea00000|100%| O|  |TAMS 0x000000070ea00000, 0x000000070e800000| Untracked 
|  31|0x000000070ea00000, 0x000000070ec00000, 0x000000070ec00000|100%| O|  |TAMS 0x000000070ea00000, 0x000000070ea00000| Untracked 
|  32|0x000000070ec00000, 0x000000070ee00000, 0x000000070ee00000|100%|HS|  |TAMS 0x000000070ee00000, 0x000000070ec00000| Complete 
|  33|0x000000070ee00000, 0x000000070f000000, 0x000000070f000000|100%| O|  |TAMS 0x000000070f000000, 0x000000070ee00000| Untracked 
|  34|0x000000070f000000, 0x000000070f200000, 0x000000070f200000|100%| O|  |TAMS 0x000000070f200000, 0x000000070f000000| Untracked 
|  35|0x000000070f200000, 0x000000070f400000, 0x000000070f400000|100%| O|  |TAMS 0x000000070f400000, 0x000000070f200000| Untracked 
|  36|0x000000070f400000, 0x000000070f600000, 0x000000070f600000|100%| O|  |TAMS 0x000000070f600000, 0x000000070f400000| Untracked 
|  37|0x000000070f600000, 0x000000070f800000, 0x000000070f800000|100%| O|  |TAMS 0x000000070f800000, 0x000000070f600000| Untracked 
|  38|0x000000070f800000, 0x000000070fa00000, 0x000000070fa00000|100%| O|  |TAMS 0x000000070fa00000, 0x000000070f800000| Untracked 
|  39|0x000000070fa00000, 0x000000070fc00000, 0x000000070fc00000|100%| O|  |TAMS 0x000000070fc00000, 0x000000070fa00000| Untracked 
|  40|0x000000070fc00000, 0x000000070fe00000, 0x000000070fe00000|100%| O|  |TAMS 0x000000070fe00000, 0x000000070fc00000| Untracked 
|  41|0x000000070fe00000, 0x0000000710000000, 0x0000000710000000|100%| O|  |TAMS 0x0000000710000000, 0x000000070fe00000| Untracked 
|  42|0x0000000710000000, 0x0000000710200000, 0x0000000710200000|100%| O|  |TAMS 0x000000071014c800, 0x0000000710000000| Untracked 
|  43|0x0000000710200000, 0x0000000710400000, 0x0000000710400000|100%| O|  |TAMS 0x0000000710200000, 0x0000000710200000| Untracked 
|  44|0x0000000710400000, 0x0000000710600000, 0x0000000710600000|100%| O|  |TAMS 0x0000000710400000, 0x0000000710400000| Untracked 
|  45|0x0000000710600000, 0x0000000710800000, 0x0000000710800000|100%| O|  |TAMS 0x0000000710600000, 0x0000000710600000| Untracked 
|  46|0x0000000710800000, 0x0000000710a00000, 0x0000000710a00000|100%| O|  |TAMS 0x0000000710800000, 0x0000000710800000| Untracked 
|  47|0x0000000710a00000, 0x0000000710c00000, 0x0000000710c00000|100%| O|  |TAMS 0x0000000710a00000, 0x0000000710a00000| Untracked 
|  48|0x0000000710c00000, 0x0000000710e00000, 0x0000000710e00000|100%| O|  |TAMS 0x0000000710c00000, 0x0000000710c00000| Untracked 
|  49|0x0000000710e00000, 0x0000000711000000, 0x0000000711000000|100%| O|  |TAMS 0x0000000710e00000, 0x0000000710e00000| Untracked 
|  50|0x0000000711000000, 0x0000000711200000, 0x0000000711200000|100%| O|  |TAMS 0x0000000711000000, 0x0000000711000000| Untracked 
|  51|0x0000000711200000, 0x0000000711400000, 0x0000000711400000|100%| O|  |TAMS 0x0000000711200000, 0x0000000711200000| Untracked 
|  52|0x0000000711400000, 0x0000000711600000, 0x0000000711600000|100%| O|  |TAMS 0x0000000711400000, 0x0000000711400000| Untracked 
|  53|0x0000000711600000, 0x0000000711800000, 0x0000000711800000|100%| O|  |TAMS 0x0000000711600000, 0x0000000711600000| Untracked 
|  54|0x0000000711800000, 0x0000000711a00000, 0x0000000711a00000|100%| O|  |TAMS 0x0000000711800000, 0x0000000711800000| Untracked 
|  55|0x0000000711a00000, 0x0000000711c00000, 0x0000000711c00000|100%| O|  |TAMS 0x0000000711a00000, 0x0000000711a00000| Untracked 
|  56|0x0000000711c00000, 0x0000000711e00000, 0x0000000711e00000|100%| O|  |TAMS 0x0000000711c00000, 0x0000000711c00000| Untracked 
|  57|0x0000000711e00000, 0x0000000711f07600, 0x0000000712000000| 51%| O|  |TAMS 0x0000000711e00000, 0x0000000711e00000| Untracked 
|  58|0x0000000712000000, 0x0000000712000000, 0x0000000712200000|  0%| F|  |TAMS 0x0000000712000000, 0x0000000712000000| Untracked 
|  59|0x0000000712200000, 0x0000000712200000, 0x0000000712400000|  0%| F|  |TAMS 0x0000000712200000, 0x0000000712200000| Untracked 
|  60|0x0000000712400000, 0x0000000712400000, 0x0000000712600000|  0%| F|  |TAMS 0x0000000712400000, 0x0000000712400000| Untracked 
|  61|0x0000000712600000, 0x0000000712600000, 0x0000000712800000|  0%| F|  |TAMS 0x0000000712600000, 0x0000000712600000| Untracked 
|  62|0x0000000712800000, 0x0000000712800000, 0x0000000712a00000|  0%| F|  |TAMS 0x0000000712800000, 0x0000000712800000| Untracked 
|  63|0x0000000712a00000, 0x0000000712a00000, 0x0000000712c00000|  0%| F|  |TAMS 0x0000000712a00000, 0x0000000712a00000| Untracked 
|  64|0x0000000712c00000, 0x0000000712c00000, 0x0000000712e00000|  0%| F|  |TAMS 0x0000000712c00000, 0x0000000712c00000| Untracked 
|  65|0x0000000712e00000, 0x0000000712e00000, 0x0000000713000000|  0%| F|  |TAMS 0x0000000712e00000, 0x0000000712e00000| Untracked 
|  66|0x0000000713000000, 0x0000000713000000, 0x0000000713200000|  0%| F|  |TAMS 0x0000000713000000, 0x0000000713000000| Untracked 
|  67|0x0000000713200000, 0x0000000713200000, 0x0000000713400000|  0%| F|  |TAMS 0x0000000713200000, 0x0000000713200000| Untracked 
|  68|0x0000000713400000, 0x0000000713400000, 0x0000000713600000|  0%| F|  |TAMS 0x0000000713400000, 0x0000000713400000| Untracked 
|  69|0x0000000713600000, 0x0000000713600000, 0x0000000713800000|  0%| F|  |TAMS 0x0000000713600000, 0x0000000713600000| Untracked 
|  70|0x0000000713800000, 0x0000000713800000, 0x0000000713a00000|  0%| F|  |TAMS 0x0000000713800000, 0x0000000713800000| Untracked 
|  71|0x0000000713a00000, 0x0000000713a00000, 0x0000000713c00000|  0%| F|  |TAMS 0x0000000713a00000, 0x0000000713a00000| Untracked 
|  72|0x0000000713c00000, 0x0000000713c00000, 0x0000000713e00000|  0%| F|  |TAMS 0x0000000713c00000, 0x0000000713c00000| Untracked 
|  73|0x0000000713e00000, 0x0000000713e00000, 0x0000000714000000|  0%| F|  |TAMS 0x0000000713e00000, 0x0000000713e00000| Untracked 
|  74|0x0000000714000000, 0x0000000714000000, 0x0000000714200000|  0%| F|  |TAMS 0x0000000714000000, 0x0000000714000000| Untracked 
|  75|0x0000000714200000, 0x0000000714200000, 0x0000000714400000|  0%| F|  |TAMS 0x0000000714200000, 0x0000000714200000| Untracked 
|  76|0x0000000714400000, 0x0000000714400000, 0x0000000714600000|  0%| F|  |TAMS 0x0000000714400000, 0x0000000714400000| Untracked 
|  77|0x0000000714600000, 0x0000000714600000, 0x0000000714800000|  0%| F|  |TAMS 0x0000000714600000, 0x0000000714600000| Untracked 
|  78|0x0000000714800000, 0x0000000714800000, 0x0000000714a00000|  0%| F|  |TAMS 0x0000000714800000, 0x0000000714800000| Untracked 
|  79|0x0000000714a00000, 0x0000000714a00000, 0x0000000714c00000|  0%| F|  |TAMS 0x0000000714a00000, 0x0000000714a00000| Untracked 
|  80|0x0000000714c00000, 0x0000000714c00000, 0x0000000714e00000|  0%| F|  |TAMS 0x0000000714c00000, 0x0000000714c00000| Untracked 
|  81|0x0000000714e00000, 0x0000000714e00000, 0x0000000715000000|  0%| F|  |TAMS 0x0000000714e00000, 0x0000000714e00000| Untracked 
|  82|0x0000000715000000, 0x000000071510e810, 0x0000000715200000| 52%| S|CS|TAMS 0x0000000715000000, 0x0000000715000000| Complete 
|  83|0x0000000715200000, 0x0000000715400000, 0x0000000715400000|100%| S|CS|TAMS 0x0000000715200000, 0x0000000715200000| Complete 
|  84|0x0000000715400000, 0x0000000715400000, 0x0000000715600000|  0%| F|  |TAMS 0x0000000715400000, 0x0000000715400000| Untracked 
|  85|0x0000000715600000, 0x0000000715600000, 0x0000000715800000|  0%| F|  |TAMS 0x0000000715600000, 0x0000000715600000| Untracked 
|  86|0x0000000715800000, 0x0000000715800000, 0x0000000715a00000|  0%| F|  |TAMS 0x0000000715800000, 0x0000000715800000| Untracked 
|  87|0x0000000715a00000, 0x0000000715a00000, 0x0000000715c00000|  0%| F|  |TAMS 0x0000000715a00000, 0x0000000715a00000| Untracked 
|  88|0x0000000715c00000, 0x0000000715e00000, 0x0000000715e00000|100%| S|CS|TAMS 0x0000000715c00000, 0x0000000715c00000| Complete 
|  89|0x0000000715e00000, 0x0000000716000000, 0x0000000716000000|100%| S|CS|TAMS 0x0000000715e00000, 0x0000000715e00000| Complete 
|  90|0x0000000716000000, 0x0000000716200000, 0x0000000716200000|100%| S|CS|TAMS 0x0000000716000000, 0x0000000716000000| Complete 
|  91|0x0000000716200000, 0x0000000716400000, 0x0000000716400000|100%| S|CS|TAMS 0x0000000716200000, 0x0000000716200000| Complete 
|  92|0x0000000716400000, 0x0000000716400000, 0x0000000716600000|  0%| F|  |TAMS 0x0000000716400000, 0x0000000716400000| Untracked 
|  93|0x0000000716600000, 0x0000000716600000, 0x0000000716800000|  0%| F|  |TAMS 0x0000000716600000, 0x0000000716600000| Untracked 
|  94|0x0000000716800000, 0x0000000716800000, 0x0000000716a00000|  0%| F|  |TAMS 0x0000000716800000, 0x0000000716800000| Untracked 
|  95|0x0000000716a00000, 0x0000000716a00000, 0x0000000716c00000|  0%| F|  |TAMS 0x0000000716a00000, 0x0000000716a00000| Untracked 
|  96|0x0000000716c00000, 0x0000000716c00000, 0x0000000716e00000|  0%| F|  |TAMS 0x0000000716c00000, 0x0000000716c00000| Untracked 
|  97|0x0000000716e00000, 0x0000000716e00000, 0x0000000717000000|  0%| F|  |TAMS 0x0000000716e00000, 0x0000000716e00000| Untracked 
|  98|0x0000000717000000, 0x0000000717000000, 0x0000000717200000|  0%| F|  |TAMS 0x0000000717000000, 0x0000000717000000| Untracked 
|  99|0x0000000717200000, 0x0000000717200000, 0x0000000717400000|  0%| F|  |TAMS 0x0000000717200000, 0x0000000717200000| Untracked 
| 100|0x0000000717400000, 0x0000000717400000, 0x0000000717600000|  0%| F|  |TAMS 0x0000000717400000, 0x0000000717400000| Untracked 
| 101|0x0000000717600000, 0x0000000717600000, 0x0000000717800000|  0%| F|  |TAMS 0x0000000717600000, 0x0000000717600000| Untracked 
| 102|0x0000000717800000, 0x0000000717800000, 0x0000000717a00000|  0%| F|  |TAMS 0x0000000717800000, 0x0000000717800000| Untracked 
| 103|0x0000000717a00000, 0x0000000717a00000, 0x0000000717c00000|  0%| F|  |TAMS 0x0000000717a00000, 0x0000000717a00000| Untracked 
| 104|0x0000000717c00000, 0x0000000717c00000, 0x0000000717e00000|  0%| F|  |TAMS 0x0000000717c00000, 0x0000000717c00000| Untracked 
| 105|0x0000000717e00000, 0x0000000717e00000, 0x0000000718000000|  0%| F|  |TAMS 0x0000000717e00000, 0x0000000717e00000| Untracked 
| 106|0x0000000718000000, 0x0000000718000000, 0x0000000718200000|  0%| F|  |TAMS 0x0000000718000000, 0x0000000718000000| Untracked 
| 107|0x0000000718200000, 0x0000000718200000, 0x0000000718400000|  0%| F|  |TAMS 0x0000000718200000, 0x0000000718200000| Untracked 
| 108|0x0000000718400000, 0x0000000718400000, 0x0000000718600000|  0%| F|  |TAMS 0x0000000718400000, 0x0000000718400000| Untracked 
| 109|0x0000000718600000, 0x0000000718600000, 0x0000000718800000|  0%| F|  |TAMS 0x0000000718600000, 0x0000000718600000| Untracked 
| 110|0x0000000718800000, 0x0000000718800000, 0x0000000718a00000|  0%| F|  |TAMS 0x0000000718800000, 0x0000000718800000| Untracked 
| 111|0x0000000718a00000, 0x0000000718a00000, 0x0000000718c00000|  0%| F|  |TAMS 0x0000000718a00000, 0x0000000718a00000| Untracked 
| 112|0x0000000718c00000, 0x0000000718c00000, 0x0000000718e00000|  0%| F|  |TAMS 0x0000000718c00000, 0x0000000718c00000| Untracked 
| 113|0x0000000718e00000, 0x0000000718e00000, 0x0000000719000000|  0%| F|  |TAMS 0x0000000718e00000, 0x0000000718e00000| Untracked 
| 114|0x0000000719000000, 0x0000000719000000, 0x0000000719200000|  0%| F|  |TAMS 0x0000000719000000, 0x0000000719000000| Untracked 
| 115|0x0000000719200000, 0x0000000719200000, 0x0000000719400000|  0%| F|  |TAMS 0x0000000719200000, 0x0000000719200000| Untracked 
| 116|0x0000000719400000, 0x0000000719400000, 0x0000000719600000|  0%| F|  |TAMS 0x0000000719400000, 0x0000000719400000| Untracked 
| 117|0x0000000719600000, 0x0000000719600000, 0x0000000719800000|  0%| F|  |TAMS 0x0000000719600000, 0x0000000719600000| Untracked 
| 118|0x0000000719800000, 0x0000000719800000, 0x0000000719a00000|  0%| F|  |TAMS 0x0000000719800000, 0x0000000719800000| Untracked 
| 119|0x0000000719a00000, 0x0000000719a00000, 0x0000000719c00000|  0%| F|  |TAMS 0x0000000719a00000, 0x0000000719a00000| Untracked 
| 120|0x0000000719c00000, 0x0000000719c00000, 0x0000000719e00000|  0%| F|  |TAMS 0x0000000719c00000, 0x0000000719c00000| Untracked 
| 121|0x0000000719e00000, 0x0000000719e00000, 0x000000071a000000|  0%| F|  |TAMS 0x0000000719e00000, 0x0000000719e00000| Untracked 
| 122|0x000000071a000000, 0x000000071a000000, 0x000000071a200000|  0%| F|  |TAMS 0x000000071a000000, 0x000000071a000000| Untracked 
| 123|0x000000071a200000, 0x000000071a200000, 0x000000071a400000|  0%| F|  |TAMS 0x000000071a200000, 0x000000071a200000| Untracked 
| 124|0x000000071a400000, 0x000000071a400000, 0x000000071a600000|  0%| F|  |TAMS 0x000000071a400000, 0x000000071a400000| Untracked 
| 125|0x000000071a600000, 0x000000071a600000, 0x000000071a800000|  0%| F|  |TAMS 0x000000071a600000, 0x000000071a600000| Untracked 
| 126|0x000000071a800000, 0x000000071a800000, 0x000000071aa00000|  0%| F|  |TAMS 0x000000071a800000, 0x000000071a800000| Untracked 
| 127|0x000000071aa00000, 0x000000071aa00000, 0x000000071ac00000|  0%| F|  |TAMS 0x000000071aa00000, 0x000000071aa00000| Untracked 
| 128|0x000000071ac00000, 0x000000071ac00000, 0x000000071ae00000|  0%| F|  |TAMS 0x000000071ac00000, 0x000000071ac00000| Untracked 
| 129|0x000000071ae00000, 0x000000071ae00000, 0x000000071b000000|  0%| F|  |TAMS 0x000000071ae00000, 0x000000071ae00000| Untracked 
| 130|0x000000071b000000, 0x000000071b000000, 0x000000071b200000|  0%| F|  |TAMS 0x000000071b000000, 0x000000071b000000| Untracked 
| 131|0x000000071b200000, 0x000000071b200000, 0x000000071b400000|  0%| F|  |TAMS 0x000000071b200000, 0x000000071b200000| Untracked 
| 132|0x000000071b400000, 0x000000071b400000, 0x000000071b600000|  0%| F|  |TAMS 0x000000071b400000, 0x000000071b400000| Untracked 
| 133|0x000000071b600000, 0x000000071b600000, 0x000000071b800000|  0%| F|  |TAMS 0x000000071b600000, 0x000000071b600000| Untracked 
| 134|0x000000071b800000, 0x000000071b800000, 0x000000071ba00000|  0%| F|  |TAMS 0x000000071b800000, 0x000000071b800000| Untracked 
| 135|0x000000071ba00000, 0x000000071ba00000, 0x000000071bc00000|  0%| F|  |TAMS 0x000000071ba00000, 0x000000071ba00000| Untracked 
| 136|0x000000071bc00000, 0x000000071bc00000, 0x000000071be00000|  0%| F|  |TAMS 0x000000071bc00000, 0x000000071bc00000| Untracked 
| 137|0x000000071be00000, 0x000000071be00000, 0x000000071c000000|  0%| F|  |TAMS 0x000000071be00000, 0x000000071be00000| Untracked 
| 138|0x000000071c000000, 0x000000071c000000, 0x000000071c200000|  0%| F|  |TAMS 0x000000071c000000, 0x000000071c000000| Untracked 
| 139|0x000000071c200000, 0x000000071c200000, 0x000000071c400000|  0%| F|  |TAMS 0x000000071c200000, 0x000000071c200000| Untracked 
| 140|0x000000071c400000, 0x000000071c400000, 0x000000071c600000|  0%| F|  |TAMS 0x000000071c400000, 0x000000071c400000| Untracked 
| 141|0x000000071c600000, 0x000000071c600000, 0x000000071c800000|  0%| F|  |TAMS 0x000000071c600000, 0x000000071c600000| Untracked 
| 142|0x000000071c800000, 0x000000071c800000, 0x000000071ca00000|  0%| F|  |TAMS 0x000000071c800000, 0x000000071c800000| Untracked 
| 143|0x000000071ca00000, 0x000000071ca00000, 0x000000071cc00000|  0%| F|  |TAMS 0x000000071ca00000, 0x000000071ca00000| Untracked 
| 144|0x000000071cc00000, 0x000000071cc00000, 0x000000071ce00000|  0%| F|  |TAMS 0x000000071cc00000, 0x000000071cc00000| Untracked 
| 145|0x000000071ce00000, 0x000000071ce00000, 0x000000071d000000|  0%| F|  |TAMS 0x000000071ce00000, 0x000000071ce00000| Untracked 

Card table byte_map: [0x0000026845b80000,0x0000026846330000] _byte_map_base: 0x000002684232a000

Marking Bits (Prev, Next): (CMBitMap*) 0x0000026832a13de0, (CMBitMap*) 0x0000026832a13da0
 Prev Bits: [0x000002684a830000, 0x000002684e580000)
 Next Bits: [0x0000026846ae0000, 0x000002684a830000)

Polling page: 0x0000026832160000

Metaspace:

Usage:
  Non-class:     69.41 MB used.
      Class:      8.53 MB used.
       Both:     77.94 MB used.

Virtual space:
  Non-class space:      128.00 MB reserved,      69.56 MB ( 54%) committed,  2 nodes.
      Class space:        1.00 GB reserved,       8.69 MB ( <1%) committed,  1 nodes.
             Both:        1.12 GB reserved,      78.25 MB (  7%) committed. 

Chunk freelists:
   Non-Class:  10.34 MB
       Class:  7.36 MB
        Both:  17.70 MB

MaxMetaspaceSize: unlimited
CompressedClassSpaceSize: 1.00 GB
Initial GC threshold: 21.00 MB
Current GC threshold: 101.06 MB
CDS: off
MetaspaceReclaimPolicy: balanced
 - commit_granule_bytes: 65536.
 - commit_granule_words: 8192.
 - virtual_space_node_default_size: 8388608.
 - enlarge_chunks_in_place: 1.
 - new_chunks_are_fully_committed: 0.
 - uncommit_free_chunks: 1.
 - use_allocation_guard: 0.
 - handle_deallocations: 1.


Internal statistics:

num_allocs_failed_limit: 6.
num_arena_births: 292.
num_arena_deaths: 0.
num_vsnodes_births: 3.
num_vsnodes_deaths: 0.
num_space_committed: 1250.
num_space_uncommitted: 0.
num_chunks_returned_to_freelist: 6.
num_chunks_taken_from_freelist: 2858.
num_chunk_merges: 6.
num_chunk_splits: 2372.
num_chunks_enlarged: 2107.
num_inconsistent_stats: 0.

CodeHeap 'non-profiled nmethods': size=120000Kb used=7209Kb max_used=7209Kb free=112790Kb
 bounds [0x000002683d950000, 0x000002683e060000, 0x0000026844e80000]
CodeHeap 'profiled nmethods': size=120000Kb used=30417Kb max_used=30417Kb free=89582Kb
 bounds [0x0000026835e80000, 0x0000026837c40000, 0x000002683d3b0000]
CodeHeap 'non-nmethods': size=5760Kb used=1389Kb max_used=1457Kb free=4370Kb
 bounds [0x000002683d3b0000, 0x000002683d620000, 0x000002683d950000]
 total_blobs=12705 nmethods=11995 adapters=619
 compilation: enabled
              stopped_count=0, restarted_count=0
 full_count=0

Compilation events (20 events):
Event: 15.706 Thread 0x00000268514128d0 nmethod 14769 0x0000026837c2d890 code [0x0000026837c2da40, 0x0000026837c2dc28]
Event: 15.706 Thread 0x00000268514128d0 14770       2       org.jetbrains.kotlin.backend.jvm.codegen.FunctionCodegen$generateParameterAnnotations$1$1::visitAnnotation (31 bytes)
Event: 15.707 Thread 0x00000268514128d0 nmethod 14770 0x0000026837c2dd10 code [0x0000026837c2df00, 0x0000026837c2e258]
Event: 15.708 Thread 0x00000268514128d0 14772       2       org.jetbrains.kotlin.metadata.ProtoBuf$Property$Builder::maybeForceBuilderInitialization (1 bytes)
Event: 15.708 Thread 0x00000268514128d0 nmethod 14772 0x0000026837c2e490 code [0x0000026837c2e620, 0x0000026837c2e718]
Event: 15.708 Thread 0x00000268514128d0 14773       2       org.jetbrains.kotlin.metadata.ProtoBuf$Property$Builder::build (19 bytes)
Event: 15.709 Thread 0x00000268514128d0 nmethod 14773 0x0000026837c2e790 code [0x0000026837c2e940, 0x0000026837c2eb48]
Event: 15.709 Thread 0x00000268514128d0 14774       2       org.jetbrains.kotlin.metadata.ProtoBuf$Property$Builder::buildPartial (438 bytes)
Event: 15.710 Thread 0x00000268514128d0 nmethod 14774 0x0000026837c2ec90 code [0x0000026837c2eea0, 0x0000026837c2f868]
Event: 15.710 Thread 0x00000268514128d0 14775       2       org.jetbrains.kotlin.metadata.ProtoBuf$Property::<init> (6 bytes)
Event: 15.710 Thread 0x00000268514128d0 nmethod 14775 0x0000026837c2fa90 code [0x0000026837c2fc40, 0x0000026837c2fec8]
Event: 15.710 Thread 0x00000268514128d0 14776       2       org.jetbrains.kotlin.metadata.ProtoBuf$Property::<init> (29 bytes)
Event: 15.710 Thread 0x00000268514128d0 nmethod 14776 0x0000026837c30010 code [0x0000026837c301c0, 0x0000026837c30448]
Event: 15.710 Thread 0x00000268514128d0 14777       2       org.jetbrains.kotlin.metadata.ProtoBuf$Property::access$16202 (7 bytes)
Event: 15.710 Thread 0x00000268514128d0 nmethod 14777 0x0000026837c30590 code [0x0000026837c30720, 0x0000026837c30818]
Event: 15.717 Thread 0x00000268514128d0 14778       2       org.jetbrains.kotlin.backend.jvm.codegen.JvmSignatureClashDetector::collectOverridesOf (49 bytes)
Event: 15.717 Thread 0x00000268514128d0 nmethod 14778 0x0000026837c30910 code [0x0000026837c30b20, 0x0000026837c30ec8]
Event: 15.717 Thread 0x00000268514128d0 14779       2       org.jetbrains.kotlin.backend.jvm.codegen.ClassCodegen::generate (660 bytes)
Event: 15.720 Thread 0x00000268514128d0 nmethod 14779 0x0000026837c31110 code [0x0000026837c31740, 0x0000026837c334e8]
Event: 15.721 Thread 0x00000268514128d0 14785       2       org.jetbrains.kotlin.serialization.DescriptorSerializer::propertyProto (956 bytes)

GC Heap History (20 events):
Event: 7.726 GC heap after
{Heap after GC invocations=19 (full 0):
 garbage-first heap   total 149504K, used 74999K [0x000000070ac00000, 0x0000000800000000)
  region size 2048K, 3 young (6144K), 3 survivors (6144K)
 Metaspace       used 55236K, committed 55488K, reserved 1114112K
  class space    used 6460K, committed 6592K, reserved 1048576K
}
Event: 8.785 GC heap before
{Heap before GC invocations=19 (full 0):
 garbage-first heap   total 149504K, used 111863K [0x000000070ac00000, 0x0000000800000000)
  region size 2048K, 21 young (43008K), 3 survivors (6144K)
 Metaspace       used 58187K, committed 58432K, reserved 1114112K
  class space    used 6752K, committed 6912K, reserved 1048576K
}
Event: 8.799 GC heap after
{Heap after GC invocations=20 (full 0):
 garbage-first heap   total 149504K, used 80634K [0x000000070ac00000, 0x0000000800000000)
  region size 2048K, 3 young (6144K), 3 survivors (6144K)
 Metaspace       used 58187K, committed 58432K, reserved 1114112K
  class space    used 6752K, committed 6912K, reserved 1048576K
}
Event: 9.766 GC heap before
{Heap before GC invocations=21 (full 0):
 garbage-first heap   total 149504K, used 113402K [0x000000070ac00000, 0x0000000800000000)
  region size 2048K, 19 young (38912K), 3 survivors (6144K)
 Metaspace       used 61018K, committed 61312K, reserved 1114112K
  class space    used 7095K, committed 7232K, reserved 1048576K
}
Event: 9.777 GC heap after
{Heap after GC invocations=22 (full 0):
 garbage-first heap   total 149504K, used 86054K [0x000000070ac00000, 0x0000000800000000)
  region size 2048K, 3 young (6144K), 3 survivors (6144K)
 Metaspace       used 61018K, committed 61312K, reserved 1114112K
  class space    used 7095K, committed 7232K, reserved 1048576K
}
Event: 9.793 GC heap before
{Heap before GC invocations=22 (full 0):
 garbage-first heap   total 149504K, used 88102K [0x000000070ac00000, 0x0000000800000000)
  region size 2048K, 4 young (8192K), 3 survivors (6144K)
 Metaspace       used 61022K, committed 61312K, reserved 1114112K
  class space    used 7095K, committed 7232K, reserved 1048576K
}
Event: 9.801 GC heap after
{Heap after GC invocations=23 (full 0):
 garbage-first heap   total 149504K, used 86283K [0x000000070ac00000, 0x0000000800000000)
  region size 2048K, 1 young (2048K), 1 survivors (2048K)
 Metaspace       used 61022K, committed 61312K, reserved 1114112K
  class space    used 7095K, committed 7232K, reserved 1048576K
}
Event: 10.315 GC heap before
{Heap before GC invocations=23 (full 0):
 garbage-first heap   total 149504K, used 117003K [0x000000070ac00000, 0x0000000800000000)
  region size 2048K, 16 young (32768K), 1 survivors (2048K)
 Metaspace       used 61767K, committed 62016K, reserved 1114112K
  class space    used 7139K, committed 7296K, reserved 1048576K
}
Event: 10.324 GC heap after
{Heap after GC invocations=24 (full 0):
 garbage-first heap   total 299008K, used 91519K [0x000000070ac00000, 0x0000000800000000)
  region size 2048K, 2 young (4096K), 2 survivors (4096K)
 Metaspace       used 61767K, committed 62016K, reserved 1114112K
  class space    used 7139K, committed 7296K, reserved 1048576K
}
Event: 12.264 GC heap before
{Heap before GC invocations=25 (full 0):
 garbage-first heap   total 299008K, used 216447K [0x000000070ac00000, 0x0000000800000000)
  region size 2048K, 63 young (129024K), 2 survivors (4096K)
 Metaspace       used 69107K, committed 69440K, reserved 1114112K
  class space    used 7854K, committed 8000K, reserved 1048576K
}
Event: 12.288 GC heap after
{Heap after GC invocations=26 (full 0):
 garbage-first heap   total 299008K, used 112770K [0x000000070ac00000, 0x0000000800000000)
  region size 2048K, 8 young (16384K), 8 survivors (16384K)
 Metaspace       used 69107K, committed 69440K, reserved 1114112K
  class space    used 7854K, committed 8000K, reserved 1048576K
}
Event: 12.327 GC heap before
{Heap before GC invocations=26 (full 0):
 garbage-first heap   total 299008K, used 114818K [0x000000070ac00000, 0x0000000800000000)
  region size 2048K, 9 young (18432K), 8 survivors (16384K)
 Metaspace       used 69229K, committed 69504K, reserved 1114112K
  class space    used 7865K, committed 8000K, reserved 1048576K
}
Event: 12.339 GC heap after
{Heap after GC invocations=27 (full 0):
 garbage-first heap   total 299008K, used 114998K [0x000000070ac00000, 0x0000000800000000)
  region size 2048K, 2 young (4096K), 2 survivors (4096K)
 Metaspace       used 69229K, committed 69504K, reserved 1114112K
  class space    used 7865K, committed 8000K, reserved 1048576K
}
Event: 13.487 GC heap before
{Heap before GC invocations=27 (full 0):
 garbage-first heap   total 299008K, used 207158K [0x000000070ac00000, 0x0000000800000000)
  region size 2048K, 47 young (96256K), 2 survivors (4096K)
 Metaspace       used 75611K, committed 75904K, reserved 1179648K
  class space    used 8451K, committed 8576K, reserved 1048576K
}
Event: 13.493 GC heap after
{Heap after GC invocations=28 (full 0):
 garbage-first heap   total 299008K, used 118299K [0x000000070ac00000, 0x0000000800000000)
  region size 2048K, 3 young (6144K), 3 survivors (6144K)
 Metaspace       used 75611K, committed 75904K, reserved 1179648K
  class space    used 8451K, committed 8576K, reserved 1048576K
}
Event: 13.807 GC heap before
{Heap before GC invocations=28 (full 0):
 garbage-first heap   total 299008K, used 218651K [0x000000070ac00000, 0x0000000800000000)
  region size 2048K, 52 young (106496K), 3 survivors (6144K)
 Metaspace       used 75729K, committed 76032K, reserved 1179648K
  class space    used 8452K, committed 8576K, reserved 1048576K
}
Event: 13.816 GC heap after
{Heap after GC invocations=29 (full 0):
 garbage-first heap   total 299008K, used 122138K [0x000000070ac00000, 0x0000000800000000)
  region size 2048K, 5 young (10240K), 5 survivors (10240K)
 Metaspace       used 75729K, committed 76032K, reserved 1179648K
  class space    used 8452K, committed 8576K, reserved 1048576K
}
Event: 14.612 GC heap before
{Heap before GC invocations=29 (full 0):
 garbage-first heap   total 299008K, used 230682K [0x000000070ac00000, 0x0000000800000000)
  region size 2048K, 58 young (118784K), 5 survivors (10240K)
 Metaspace       used 78204K, committed 78464K, reserved 1179648K
  class space    used 8637K, committed 8768K, reserved 1048576K
}
Event: 14.623 GC heap after
{Heap after GC invocations=30 (full 0):
 garbage-first heap   total 299008K, used 124153K [0x000000070ac00000, 0x0000000800000000)
  region size 2048K, 4 young (8192K), 4 survivors (8192K)
 Metaspace       used 78204K, committed 78464K, reserved 1179648K
  class space    used 8637K, committed 8768K, reserved 1048576K
}
Event: 15.723 GC heap before
{Heap before GC invocations=30 (full 0):
 garbage-first heap   total 299008K, used 234745K [0x000000070ac00000, 0x0000000800000000)
  region size 2048K, 58 young (118784K), 4 survivors (8192K)
 Metaspace       used 79807K, committed 80128K, reserved 1179648K
  class space    used 8733K, committed 8896K, reserved 1048576K
}

Dll operation events (2 events):
Event: 0.007 Loaded shared library D:\Android\jbr\bin\java.dll
Event: 1.022 Loaded shared library D:\Android\jbr\bin\verify.dll

Deoptimization events (20 events):
Event: 15.678 Thread 0x00000268329a8220 Uncommon trap: trap_request=0xffffffde fr.pc=0x000002683de7f6ac relative=0x000000000000030c
Event: 15.678 Thread 0x00000268329a8220 Uncommon trap: reason=class_check action=maybe_recompile pc=0x000002683de7f6ac method=org.jetbrains.kotlin.ir.types.IrTypesKt.getClassOrNull(Lorg/jetbrains/kotlin/ir/types/IrType;)Lorg/jetbrains/kotlin/ir/symbols/IrClassSymbol; @ 12 c2
Event: 15.679 Thread 0x00000268329a8220 DEOPT PACKING pc=0x000002683de7f6ac sp=0x000000f4df1fc530
Event: 15.679 Thread 0x00000268329a8220 DEOPT UNPACKING pc=0x000002683d4069a3 sp=0x000000f4df1fc448 mode 2
Event: 15.679 Thread 0x00000268329a8220 Uncommon trap: trap_request=0xffffffde fr.pc=0x000002683e04f35c relative=0x0000000000004e3c
Event: 15.679 Thread 0x00000268329a8220 Uncommon trap: reason=class_check action=maybe_recompile pc=0x000002683e04f35c method=org.jetbrains.kotlin.types.AbstractTypeMapper.mapType(Lorg/jetbrains/kotlin/types/TypeSystemCommonBackendContextForTypeMapping;Lorg/jetbrains/kotlin/types/TypeMappingCon
Event: 15.679 Thread 0x00000268329a8220 DEOPT PACKING pc=0x000002683e04f35c sp=0x000000f4df1fc210
Event: 15.679 Thread 0x00000268329a8220 DEOPT UNPACKING pc=0x000002683d4069a3 sp=0x000000f4df1fc1c8 mode 2
Event: 15.679 Thread 0x00000268329a8220 Uncommon trap: trap_request=0xffffffde fr.pc=0x000002683de7f6ac relative=0x000000000000030c
Event: 15.679 Thread 0x00000268329a8220 Uncommon trap: reason=class_check action=maybe_recompile pc=0x000002683de7f6ac method=org.jetbrains.kotlin.ir.types.IrTypesKt.getClassOrNull(Lorg/jetbrains/kotlin/ir/types/IrType;)Lorg/jetbrains/kotlin/ir/symbols/IrClassSymbol; @ 12 c2
Event: 15.679 Thread 0x00000268329a8220 DEOPT PACKING pc=0x000002683de7f6ac sp=0x000000f4df1fca80
Event: 15.679 Thread 0x00000268329a8220 DEOPT UNPACKING pc=0x000002683d4069a3 sp=0x000000f4df1fc998 mode 2
Event: 15.679 Thread 0x00000268329a8220 Uncommon trap: trap_request=0xffffffde fr.pc=0x000002683e04f35c relative=0x0000000000004e3c
Event: 15.679 Thread 0x00000268329a8220 Uncommon trap: reason=class_check action=maybe_recompile pc=0x000002683e04f35c method=org.jetbrains.kotlin.types.AbstractTypeMapper.mapType(Lorg/jetbrains/kotlin/types/TypeSystemCommonBackendContextForTypeMapping;Lorg/jetbrains/kotlin/types/TypeMappingCon
Event: 15.679 Thread 0x00000268329a8220 DEOPT PACKING pc=0x000002683e04f35c sp=0x000000f4df1fc760
Event: 15.679 Thread 0x00000268329a8220 DEOPT UNPACKING pc=0x000002683d4069a3 sp=0x000000f4df1fc718 mode 2
Event: 15.716 Thread 0x00000268329a8220 Uncommon trap: trap_request=0xffffffde fr.pc=0x000002683dfe4444 relative=0x0000000000000ec4
Event: 15.716 Thread 0x00000268329a8220 Uncommon trap: reason=class_check action=maybe_recompile pc=0x000002683dfe4444 method=org.jetbrains.kotlin.backend.jvm.codegen.JvmSignatureClashDetector.collectOverridesOf(Lorg/jetbrains/kotlin/ir/declarations/IrSimpleFunction;Ljava/util/Set;)V @ 38 c2
Event: 15.716 Thread 0x00000268329a8220 DEOPT PACKING pc=0x000002683dfe4444 sp=0x000000f4df1fd240
Event: 15.716 Thread 0x00000268329a8220 DEOPT UNPACKING pc=0x000002683d4069a3 sp=0x000000f4df1fd200 mode 2

Classes unloaded (0 events):
No events

Classes redefined (0 events):
No events

Internal exceptions (20 events):
Event: 7.380 Thread 0x00000268329a8220 Implicit null exception at 0x000002683da5bacc to 0x000002683da5bbb4
Event: 7.864 Thread 0x00000268329a8220 Exception <a 'java/lang/NoSuchMethodError'{0x00000007136132d8}: 'java.lang.Object java.lang.invoke.DirectMethodHandle$Holder.invokeInterface(java.lang.Object, java.lang.Object, java.lang.Object)'> (0x00000007136132d8) 
thrown [s\src\hotspot\share\interpreter\linkResolver.cpp, line 771]
Event: 7.865 Thread 0x00000268329a8220 Exception <a 'java/lang/IncompatibleClassChangeError'{0x0000000713617198}: Found class java.lang.Object, but interface was expected> (0x0000000713617198) 
thrown [s\src\hotspot\share\interpreter\linkResolver.cpp, line 838]
Event: 7.951 Thread 0x00000268329a8220 Implicit null exception at 0x000002683dc03fa3 to 0x000002683dc05a14
Event: 8.161 Thread 0x00000268329a8220 Exception <a 'java/lang/NoSuchMethodError'{0x0000000712a99f18}: 'java.lang.Object java.lang.invoke.DirectMethodHandle$Holder.newInvokeSpecial(java.lang.Object, java.lang.Object, java.lang.Object, java.lang.Object, java.lang.Object, java.lang.Object, java.lang.Object)'> (0x0000000712a99f18) 
thrown [s\src\hotspot\share\interpreter\linkResolver.cpp, line 771]
Event: 8.162 Thread 0x00000268329a8220 Exception <a 'java/lang/NoSuchMethodError'{0x0000000712a9e698}: 'java.lang.Object java.lang.invoke.Invokers$Holder.linkToTargetMethod(java.lang.Object, java.lang.Object, java.lang.Object, java.lang.Object, java.lang.Object, java.lang.Object, java.lang.Object)'> (0x0000000712a9e698) 
thrown [s\src\hotspot\share\interpreter\linkResolver.cpp, line 771]
Event: 8.655 Thread 0x00000268329a8220 Exception <a 'java/lang/NoSuchMethodError'{0x0000000711f68dc8}: 'java.lang.Object java.lang.invoke.DirectMethodHandle$Holder.newInvokeSpecial(java.lang.Object, java.lang.Object, java.lang.Object, java.lang.Object, java.lang.Object, java.lang.Object, java.lang.Object, java.lang.Object)'> (0x0000000711f68dc8) 
thrown [s\src\hotspot\share\interpreter\linkResolver.cpp, line 771]
Event: 8.655 Thread 0x00000268329a8220 Exception <a 'java/lang/NoSuchMethodError'{0x0000000711f6e3e0}: 'java.lang.Object java.lang.invoke.DirectMethodHandle$Holder.invokeSpecial(java.lang.Object, java.lang.Object, java.lang.Object, java.lang.Object, java.lang.Object, java.lang.Object, java.lang.Object, java.lang.Object, java.lang.Object)'> (0x0000000711f6e3e0) 
thrown [s\src\hotspot\share\interpreter\linkResolver.cpp, line 771]
Event: 8.656 Thread 0x00000268329a8220 Exception <a 'java/lang/NoSuchMethodError'{0x0000000711f73310}: 'java.lang.Object java.lang.invoke.Invokers$Holder.linkToTargetMethod(java.lang.Object, java.lang.Object, java.lang.Object, java.lang.Object, java.lang.Object, java.lang.Object, java.lang.Object, java.lang.Object)'> (0x0000000711f73310) 
thrown [s\src\hotspot\share\interpreter\linkResolver.cpp, line 771]
Event: 8.895 Thread 0x00000268329a8220 Exception <a 'java/lang/NoSuchMethodError'{0x0000000713ae1190}: 'void java.lang.invoke.DirectMethodHandle$Holder.invokeSpecial(java.lang.Object, java.lang.Object, int, java.lang.Object)'> (0x0000000713ae1190) 
thrown [s\src\hotspot\share\interpreter\linkResolver.cpp, line 771]
Event: 8.910 Thread 0x00000268329a8220 Exception <a 'java/lang/NoSuchMethodError'{0x0000000713b54900}: 'java.lang.Object java.lang.invoke.DirectMethodHandle$Holder.invokeStatic(java.lang.Object, java.lang.Object, java.lang.Object, java.lang.Object, int)'> (0x0000000713b54900) 
thrown [s\src\hotspot\share\interpreter\linkResolver.cpp, line 771]
Event: 8.911 Thread 0x00000268329a8220 Exception <a 'java/lang/NoSuchMethodError'{0x0000000713b5e4f0}: 'java.lang.Object java.lang.invoke.DirectMethodHandle$Holder.newInvokeSpecial(java.lang.Object, java.lang.Object, java.lang.Object, java.lang.Object, int)'> (0x0000000713b5e4f0) 
thrown [s\src\hotspot\share\interpreter\linkResolver.cpp, line 771]
Event: 8.912 Thread 0x00000268329a8220 Exception <a 'java/lang/NoSuchMethodError'{0x0000000713b665c0}: 'java.lang.Object java.lang.invoke.Invokers$Holder.linkToTargetMethod(java.lang.Object, java.lang.Object, java.lang.Object, int, java.lang.Object)'> (0x0000000713b665c0) 
thrown [s\src\hotspot\share\interpreter\linkResolver.cpp, line 771]
Event: 8.975 Thread 0x00000268329a8220 Exception <a 'java/lang/NoSuchMethodError'{0x0000000713924278}: 'void java.lang.invoke.DirectMethodHandle$Holder.invokeInterface(java.lang.Object, java.lang.Object)'> (0x0000000713924278) 
thrown [s\src\hotspot\share\interpreter\linkResolver.cpp, line 771]
Event: 9.025 Thread 0x00000268329a8220 Exception <a 'java/lang/IncompatibleClassChangeError'{0x00000007136721b8}: Found class java.lang.Object, but interface was expected> (0x00000007136721b8) 
thrown [s\src\hotspot\share\interpreter\linkResolver.cpp, line 838]
Event: 9.071 Thread 0x00000268329a8220 Exception <a 'java/lang/NoSuchMethodError'{0x00000007134107b8}: 'java.lang.Object java.lang.invoke.DirectMethodHandle$Holder.newInvokeSpecial(java.lang.Object, int, java.lang.Object, java.lang.Object)'> (0x00000007134107b8) 
thrown [s\src\hotspot\share\interpreter\linkResolver.cpp, line 771]
Event: 9.638 Thread 0x00000268329a8220 Implicit null exception at 0x000002683dd85c53 to 0x000002683dd89e3c
Event: 11.695 Thread 0x00000268329a8220 Implicit null exception at 0x000002683dcb92f0 to 0x000002683dcb9c9c
Event: 13.211 Thread 0x00000268329a8220 Implicit null exception at 0x000002683df450b5 to 0x000002683df452d6
Event: 13.839 Thread 0x00000268329a8220 Exception <a 'java/lang/NoSuchMethodError'{0x000000071cfa97d0}: 'java.lang.Object java.lang.invoke.DirectMethodHandle$Holder.invokeStatic(java.lang.Object, int, java.lang.Object)'> (0x000000071cfa97d0) 
thrown [s\src\hotspot\share\interpreter\linkResolver.cpp, line 771]

VM Operations (20 events):
Event: 14.556 Executing VM operation: HandshakeAllThreads done
Event: 14.584 Executing VM operation: HandshakeAllThreads
Event: 14.584 Executing VM operation: HandshakeAllThreads done
Event: 14.612 Executing VM operation: G1CollectForAllocation
Event: 14.623 Executing VM operation: G1CollectForAllocation done
Event: 14.775 Executing VM operation: HandshakeAllThreads
Event: 14.775 Executing VM operation: HandshakeAllThreads done
Event: 14.787 Executing VM operation: ICBufferFull
Event: 14.787 Executing VM operation: ICBufferFull done
Event: 14.898 Executing VM operation: HandshakeAllThreads
Event: 14.898 Executing VM operation: HandshakeAllThreads done
Event: 15.157 Executing VM operation: ICBufferFull
Event: 15.157 Executing VM operation: ICBufferFull done
Event: 15.424 Executing VM operation: ICBufferFull
Event: 15.425 Executing VM operation: ICBufferFull done
Event: 15.582 Executing VM operation: HandshakeAllThreads
Event: 15.582 Executing VM operation: HandshakeAllThreads done
Event: 15.700 Executing VM operation: ICBufferFull
Event: 15.701 Executing VM operation: ICBufferFull done
Event: 15.723 Executing VM operation: G1CollectForAllocation

Events (20 events):
Event: 14.571 Thread 0x00000268514151f0 flushing nmethod 0x00000268376b6410
Event: 14.571 Thread 0x00000268514151f0 flushing nmethod 0x00000268376c2a10
Event: 14.571 Thread 0x00000268514151f0 flushing nmethod 0x00000268376c7690
Event: 14.571 Thread 0x00000268514151f0 flushing nmethod 0x00000268376c9710
Event: 14.571 Thread 0x00000268514151f0 flushing nmethod 0x00000268376f0390
Event: 14.571 Thread 0x00000268514151f0 flushing nmethod 0x00000268376fa410
Event: 14.571 Thread 0x00000268514151f0 flushing nmethod 0x0000026837710a10
Event: 14.572 Thread 0x00000268514151f0 flushing nmethod 0x0000026837758910
Event: 14.572 Thread 0x00000268514151f0 flushing nmethod 0x0000026837767c10
Event: 14.572 Thread 0x00000268514151f0 flushing nmethod 0x000002683776de10
Event: 14.572 Thread 0x00000268514151f0 flushing nmethod 0x000002683776e390
Event: 14.572 Thread 0x00000268514151f0 flushing nmethod 0x0000026837771290
Event: 14.572 Thread 0x00000268514151f0 flushing nmethod 0x000002683777cc10
Event: 14.572 Thread 0x00000268514151f0 flushing nmethod 0x0000026837786990
Event: 14.572 Thread 0x00000268514151f0 flushing nmethod 0x000002683781e710
Event: 14.572 Thread 0x00000268514151f0 flushing nmethod 0x0000026837824210
Event: 14.572 Thread 0x00000268514151f0 flushing nmethod 0x0000026837860090
Event: 14.572 Thread 0x00000268514151f0 flushing nmethod 0x0000026837864390
Event: 14.572 Thread 0x00000268514151f0 flushing nmethod 0x0000026837868f10
Event: 14.572 Thread 0x00000268514151f0 flushing nmethod 0x0000026837884890


Dynamic libraries:
0x00007ff7b71d0000 - 0x00007ff7b71da000 	D:\Android\jbr\bin\java.exe
0x00007ff839150000 - 0x00007ff839367000 	C:\windows\SYSTEM32\ntdll.dll
0x00007ff837070000 - 0x00007ff837134000 	C:\windows\System32\KERNEL32.DLL
0x00007ff836690000 - 0x00007ff836a3d000 	C:\windows\System32\KERNELBASE.dll
0x00007ff836d40000 - 0x00007ff836e51000 	C:\windows\System32\ucrtbase.dll
0x00007ffff53b0000 - 0x00007ffff53c7000 	D:\Android\jbr\bin\jli.dll
0x00007ff821870000 - 0x00007ff82188b000 	D:\Android\jbr\bin\VCRUNTIME140.dll
0x00007ff8388d0000 - 0x00007ff838a7e000 	C:\windows\System32\USER32.dll
0x00007ff836e60000 - 0x00007ff836e86000 	C:\windows\System32\win32u.dll
0x00007ff817c90000 - 0x00007ff817f23000 	C:\windows\WinSxS\amd64_microsoft.windows.common-controls_6595b64144ccf1df_6.0.22621.3672_none_2713b9d173822955\COMCTL32.dll
0x00007ff8386f0000 - 0x00007ff838719000 	C:\windows\System32\GDI32.dll
0x00007ff836570000 - 0x00007ff836689000 	C:\windows\System32\gdi32full.dll
0x00007ff8376e0000 - 0x00007ff837787000 	C:\windows\System32\msvcrt.dll
0x00007ff836ca0000 - 0x00007ff836d3a000 	C:\windows\System32\msvcp_win.dll
0x00007ff8390d0000 - 0x00007ff839101000 	C:\windows\System32\IMM32.DLL
0x00007ff830d90000 - 0x00007ff830d9c000 	D:\Android\jbr\bin\vcruntime140_1.dll
0x00007ffff9e40000 - 0x00007ffff9ecd000 	D:\Android\jbr\bin\msvcp140.dll
0x00007fffd98b0000 - 0x00007fffda533000 	D:\Android\jbr\bin\server\jvm.dll
0x00007ff837880000 - 0x00007ff837932000 	C:\windows\System32\ADVAPI32.dll
0x00007ff838720000 - 0x00007ff8387c9000 	C:\windows\System32\sechost.dll
0x00007ff836a40000 - 0x00007ff836a68000 	C:\windows\System32\bcrypt.dll
0x00007ff837a20000 - 0x00007ff837b34000 	C:\windows\System32\RPCRT4.dll
0x00007ff836190000 - 0x00007ff8361dd000 	C:\windows\SYSTEM32\POWRPROF.dll
0x00007ff830ff0000 - 0x00007ff830ff9000 	C:\windows\SYSTEM32\WSOCK32.dll
0x00007ff830c60000 - 0x00007ff830c94000 	C:\windows\SYSTEM32\WINMM.dll
0x00007ff837b40000 - 0x00007ff837bb1000 	C:\windows\System32\WS2_32.dll
0x00007ff82bd30000 - 0x00007ff82bd3a000 	C:\windows\SYSTEM32\VERSION.dll
0x00007ff836170000 - 0x00007ff836183000 	C:\windows\SYSTEM32\UMPDC.dll
0x00007ff8354b0000 - 0x00007ff8354c8000 	C:\windows\SYSTEM32\kernel.appcore.dll
0x00007ff820820000 - 0x00007ff82082a000 	D:\Android\jbr\bin\jimage.dll
0x00007ff82c5b0000 - 0x00007ff82c7e2000 	C:\windows\SYSTEM32\DBGHELP.DLL
0x00007ff8371f0000 - 0x00007ff837578000 	C:\windows\System32\combase.dll
0x00007ff836e90000 - 0x00007ff836f67000 	C:\windows\System32\OLEAUT32.dll
0x00007ff81ca00000 - 0x00007ff81ca32000 	C:\windows\SYSTEM32\dbgcore.DLL
0x00007ff8364f0000 - 0x00007ff83656b000 	C:\windows\System32\bcryptPrimitives.dll
0x00007ffff7100000 - 0x00007ffff7125000 	D:\Android\jbr\bin\java.dll
0x00007ff816d10000 - 0x00007ff816d28000 	D:\Android\jbr\bin\zip.dll
0x00007ff837c30000 - 0x00007ff83848f000 	C:\windows\System32\SHELL32.dll
0x00007ff834390000 - 0x00007ff834c8c000 	C:\windows\SYSTEM32\windows.storage.dll
0x00007ff834250000 - 0x00007ff83438f000 	C:\windows\SYSTEM32\wintypes.dll
0x00007ff836f70000 - 0x00007ff837064000 	C:\windows\System32\SHCORE.dll
0x00007ff8379c0000 - 0x00007ff837a1e000 	C:\windows\System32\shlwapi.dll
0x00007ff8363b0000 - 0x00007ff8363d1000 	C:\windows\SYSTEM32\profapi.dll
0x00007ff80d230000 - 0x00007ff80d249000 	D:\Android\jbr\bin\net.dll
0x00007ff832250000 - 0x00007ff832386000 	C:\windows\SYSTEM32\WINHTTP.dll
0x00007ff835920000 - 0x00007ff835989000 	C:\windows\system32\mswsock.dll
0x00007ffff6b20000 - 0x00007ffff6b36000 	D:\Android\jbr\bin\nio.dll
0x00007ff80b3b0000 - 0x00007ff80b3c0000 	D:\Android\jbr\bin\verify.dll

dbghelp: loaded successfully - version: 4.0.5 - missing functions: none
symbol engine: initialized successfully - sym options: 0x614 - pdb path: .;D:\Android\jbr\bin;C:\windows\SYSTEM32;C:\windows\WinSxS\amd64_microsoft.windows.common-controls_6595b64144ccf1df_6.0.22621.3672_none_2713b9d173822955;D:\Android\jbr\bin\server

VM Arguments:
java_command: org.jetbrains.kotlin.cli.jvm.K2JVMCompiler @D:\Sea\app\build\20240814_682991144819695481.compiler.options
java_class_path (initial): D:\LoginSignUpKotlin-master\caches\modules-2\files-2.1\org.jetbrains.kotlin\kotlin-compiler-embeddable\1.9.22\9cd4dc7773cf2a99ecd961a88fbbc9a2da3fb5e1\kotlin-compiler-embeddable-1.9.22.jar;D:\LoginSignUpKotlin-master\caches\modules-2\files-2.1\org.jetbrains.kotlin\kotlin-stdlib\1.9.22\d6c44cd08d8f3f9bece8101216dbe6553365c6e3\kotlin-stdlib-1.9.22.jar;D:\LoginSignUpKotlin-master\caches\modules-2\files-2.1\org.jetbrains.kotlin\kotlin-script-runtime\1.9.22\f8139a46fc677ec9badc49ae954392f4f5e7e7c7\kotlin-script-runtime-1.9.22.jar;D:\LoginSignUpKotlin-master\caches\modules-2\files-2.1\org.jetbrains.kotlin\kotlin-reflect\1.6.10\1cbe9c92c12a94eea200d23c2bbaedaf3daf5132\kotlin-reflect-1.6.10.jar;D:\LoginSignUpKotlin-master\caches\modules-2\files-2.1\org.jetbrains.kotlin\kotlin-daemon-embeddable\1.9.22\20e2c5df715f3240c765cfc222530e2796542021\kotlin-daemon-embeddable-1.9.22.jar;D:\LoginSignUpKotlin-master\caches\modules-2\files-2.1\org.jetbrains.intellij.deps\trove4j\1.0.20200330\3afb14d5f9ceb459d724e907a21145e8ff394f02\trove4j-1.0.20200330.jar;D:\LoginSignUpKotlin-master\caches\modules-2\files-2.1\org.jetbrains\annotations\13.0\919f0dfe192fb4e063e7dacadee7f8bb9a2672a9\annotations-13.0.jar
Launcher Type: SUN_STANDARD

[Global flags]
     intx CICompilerCount                          = 4                                         {product} {ergonomic}
     uint ConcGCThreads                            = 3                                         {product} {ergonomic}
     uint G1ConcRefinementThreads                  = 10                                        {product} {ergonomic}
   size_t G1HeapRegionSize                         = 2097152                                   {product} {ergonomic}
    uintx GCDrainStackTargetSize                   = 64                                        {product} {ergonomic}
   size_t InitialHeapSize                          = 257949696                                 {product} {ergonomic}
   size_t MarkStackSize                            = 4194304                                   {product} {ergonomic}
   size_t MaxHeapSize                              = 4114612224                                {product} {ergonomic}
   size_t MaxNewSize                               = 2468347904                                {product} {ergonomic}
   size_t MinHeapDeltaBytes                        = 2097152                                   {product} {ergonomic}
   size_t MinHeapSize                              = 8388608                                   {product} {ergonomic}
    uintx NonNMethodCodeHeapSize                   = 5839372                                {pd product} {ergonomic}
    uintx NonProfiledCodeHeapSize                  = 122909434                              {pd product} {ergonomic}
    uintx ProfiledCodeHeapSize                     = 122909434                              {pd product} {ergonomic}
    uintx ReservedCodeCacheSize                    = 251658240                              {pd product} {ergonomic}
     bool SegmentedCodeCache                       = true                                      {product} {ergonomic}
   size_t SoftMaxHeapSize                          = 4114612224                             {manageable} {ergonomic}
     bool UseCompressedClassPointers               = true                           {product lp64_product} {ergonomic}
     bool UseCompressedOops                        = true                           {product lp64_product} {ergonomic}
     bool UseG1GC                                  = true                                      {product} {ergonomic}
     bool UseLargePagesIndividualAllocation        = false                                  {pd product} {ergonomic}

Logging:
Log output configuration:
 #0: stdout all=warning uptime,level,tags
 #1: stderr all=off uptime,level,tags

Environment Variables:
PATH=C:\windows\system32;C:\windows;C:\windows\System32\Wbem;C:\windows\System32\WindowsPowerShell\v1.0\;C:\windows\System32\OpenSSH\;C:\Program Files\Git\cmd;C:\Users\Muthu\AppData\Local\Microsoft\WindowsApps;
USERNAME=Muthu
OS=Windows_NT
PROCESSOR_IDENTIFIER=AMD64 Family 23 Model 104 Stepping 1, AuthenticAMD
TMP=C:\Users\Muthu\AppData\Local\Temp
TEMP=C:\Users\Muthu\AppData\Local\Temp



Periodic native trim disabled

JNI global refs:
JNI global refs: 13, weak refs: 53

JNI global refs memory usage: 843, weak refs: 841

OOME stack traces (most recent first):
Classloader memory used:
Loader jdk.internal.loader.ClassLoaders$AppClassLoader                                 : 8527K
Loader bootstrap                                                                       : 1403K
Loader java.net.URLClassLoader                                                         : 25810B
Loader jdk.internal.reflect.DelegatingClassLoader                                      : 18650B
Loader jdk.internal.loader.ClassLoaders$PlatformClassLoader                            : 2276B


---------------  S Y S T E M  ---------------

OS:
 Windows 11 , 64 bit Build 22621 (10.0.22621.3672)
OS uptime: 4 days 4:30 hours
Hyper-V role detected

CPU: total 12 (initial active 12) (12 cores per cpu, 2 threads per core) family 23 model 104 stepping 1 microcode 0x0, cx8, cmov, fxsr, ht, mmx, 3dnowpref, sse, sse2, sse3, ssse3, sse4a, sse4.1, sse4.2, popcnt, lzcnt, tsc, tscinvbit, avx, avx2, aes, clmul, bmi1, bmi2, adx, sha, fma, vzeroupper, clflush, clflushopt, hv
Processor Information for processor 0
  Max Mhz: 2100, Current Mhz: 1813, Mhz Limit: 2100
Processor Information for processor 1
  Max Mhz: 2100, Current Mhz: 1813, Mhz Limit: 2100
Processor Information for processor 2
  Max Mhz: 2100, Current Mhz: 1813, Mhz Limit: 2100
Processor Information for processor 3
  Max Mhz: 2100, Current Mhz: 1813, Mhz Limit: 2100
Processor Information for processor 4
  Max Mhz: 2100, Current Mhz: 1813, Mhz Limit: 2100
Processor Information for processor 5
  Max Mhz: 2100, Current Mhz: 1813, Mhz Limit: 2100
Processor Information for processor 6
  Max Mhz: 2100, Current Mhz: 2100, Mhz Limit: 2100
Processor Information for processor 7
  Max Mhz: 2100, Current Mhz: 1813, Mhz Limit: 2100
Processor Information for processor 8
  Max Mhz: 2100, Current Mhz: 1813, Mhz Limit: 2100
Processor Information for processor 9
  Max Mhz: 2100, Current Mhz: 1813, Mhz Limit: 2100
Processor Information for processor 10
  Max Mhz: 2100, Current Mhz: 1813, Mhz Limit: 2100
Processor Information for processor 11
  Max Mhz: 2100, Current Mhz: 1813, Mhz Limit: 2100

Memory: 4k page, system-wide physical 15694M (2439M free)
TotalPageFile size 17742M (AvailPageFile size 80M)
current process WorkingSet (physical memory assigned to process): 512M, peak: 519M
current process commit charge ("private bytes"): 564M, peak: 797M

vm_info: OpenJDK 64-Bit Server VM (17.0.9+0--11185874) for windows-amd64 JRE (17.0.9+0--11185874), built on Dec  6 2023 18:57:44 by "androidbuild" with MS VC++ 16.10 / 16.11 (VS2019)

END.
