#
# There is insufficient memory for the Java Runtime Environment to continue.
# Native memory allocation (mmap) failed to map 104857600 bytes for G1 virtual space
# Possible reasons:
#   The system is out of physical RAM or swap space
#   The process is running with CompressedOops enabled, and the Java Heap may be blocking the growth of the native heap
# Possible solutions:
#   Reduce memory load on the system
#   Increase physical memory or swap space
#   Check if swap backing store is full
#   Decrease Java heap size (-Xmx/-Xms)
#   Decrease number of Java threads
#   Decrease Java thread stack sizes (-Xss)
#   Set larger code cache with -XX:ReservedCodeCacheSize=
#   JVM is running with Zero Based Compressed Oops mode in which the Java heap is
#     placed in the first 32GB address space. The Java Heap base address is the
#     maximum limit for the native heap growth. Please use -XX:HeapBaseMinAddress
#     to set the Java Heap base and to place the Java Heap above 32GB virtual address.
# This output file may be truncated or incomplete.
#
#  Out of Memory Error (os_windows.cpp:3825), pid=10856, tid=13720
#
# JRE version: OpenJDK Runtime Environment (17.0.9) (build 17.0.9+0--11185874)
# Java VM: OpenJDK 64-Bit Server VM (17.0.9+0--11185874, mixed mode, tiered, compressed oops, compressed class ptrs, g1 gc, windows-amd64)
# No core dump will be written. Minidumps are not enabled by default on client versions of Windows
#

---------------  S U M M A R Y ------------

Command Line: org.jetbrains.kotlin.cli.jvm.K2JVMCompiler @D:\Sea\app\build\20240814_14828706767853799953.compiler.options

Host: AMD Ryzen 5 5500U with Radeon Graphics         , 12 cores, 15G,  Windows 11 , 64 bit Build 22621 (10.0.22621.3672)
Time: Wed Aug 14 13:13:10 2024 India Standard Time elapsed time: 10.048661 seconds (0d 0h 0m 10s)

---------------  T H R E A D  ---------------

Current thread (0x000001c7fee29af0):  VMThread "VM Thread" [stack: 0x0000008737f00000,0x0000008738000000] [id=13720]

Stack: [0x0000008737f00000,0x0000008738000000]
Native frames: (J=compiled Java code, j=interpreted, Vv=VM code, C=native code)
V  [jvm.dll+0x6886e9]
V  [jvm.dll+0x841e4a]
V  [jvm.dll+0x843a8e]
V  [jvm.dll+0x8440f3]
V  [jvm.dll+0x24c14f]
V  [jvm.dll+0x685499]
V  [jvm.dll+0x679c2a]
V  [jvm.dll+0x30cf9b]
V  [jvm.dll+0x314446]
V  [jvm.dll+0x36425e]
V  [jvm.dll+0x36448f]
V  [jvm.dll+0x2e2d68]
V  [jvm.dll+0x2e0f44]
V  [jvm.dll+0x2e054c]
V  [jvm.dll+0x3253fb]
V  [jvm.dll+0x8487eb]
V  [jvm.dll+0x849531]
V  [jvm.dll+0x849a4d]
V  [jvm.dll+0x849e24]
V  [jvm.dll+0x849ef0]
V  [jvm.dll+0x7f06aa]
V  [jvm.dll+0x687565]
C  [ucrtbase.dll+0x29333]
C  [KERNEL32.DLL+0x1257d]
C  [ntdll.dll+0x5af28]

VM_Operation (0x00000087379fbd10): G1CollectForAllocation, mode: safepoint, requested by thread 0x000001c7ef5b84d0


---------------  P R O C E S S  ---------------

Threads class SMR info:
_java_thread_list=0x000001c7ffb3a500, length=14, elements={
0x000001c7ef5b84d0, 0x000001c7fefb6060, 0x000001c7fefb7aa0, 0x000001c7ff0085b0,
0x000001c7ff00bea0, 0x000001c7ff00c770, 0x000001c7ff00d040, 0x000001c7ff00dc40,
0x000001c7ff00e550, 0x000001c7ff00f270, 0x000001c7ff191c10, 0x000001c7ff1c1db0,
0x000001c7ff21d420, 0x000001c7ffadb000
}

Java Threads: ( => current thread )
  0x000001c7ef5b84d0 JavaThread "main" [_thread_blocked, id=20560, stack(0x0000008737900000,0x0000008737a00000)]
  0x000001c7fefb6060 JavaThread "Reference Handler" daemon [_thread_blocked, id=18360, stack(0x0000008738000000,0x0000008738100000)]
  0x000001c7fefb7aa0 JavaThread "Finalizer" daemon [_thread_blocked, id=16268, stack(0x0000008738100000,0x0000008738200000)]
  0x000001c7ff0085b0 JavaThread "Signal Dispatcher" daemon [_thread_blocked, id=5616, stack(0x0000008738200000,0x0000008738300000)]
  0x000001c7ff00bea0 JavaThread "Attach Listener" daemon [_thread_blocked, id=15056, stack(0x0000008738300000,0x0000008738400000)]
  0x000001c7ff00c770 JavaThread "Service Thread" daemon [_thread_blocked, id=16616, stack(0x0000008738400000,0x0000008738500000)]
  0x000001c7ff00d040 JavaThread "Monitor Deflation Thread" daemon [_thread_blocked, id=10228, stack(0x0000008738500000,0x0000008738600000)]
  0x000001c7ff00dc40 JavaThread "C2 CompilerThread0" daemon [_thread_in_native, id=13876, stack(0x0000008738600000,0x0000008738700000)]
  0x000001c7ff00e550 JavaThread "C1 CompilerThread0" daemon [_thread_blocked, id=21096, stack(0x0000008738700000,0x0000008738800000)]
  0x000001c7ff00f270 JavaThread "Sweeper thread" daemon [_thread_blocked, id=22136, stack(0x0000008738800000,0x0000008738900000)]
  0x000001c7ff191c10 JavaThread "Notification Thread" daemon [_thread_blocked, id=9472, stack(0x0000008738900000,0x0000008738a00000)]
  0x000001c7ff1c1db0 JavaThread "Common-Cleaner" daemon [_thread_blocked, id=19200, stack(0x0000008738b00000,0x0000008738c00000)]
  0x000001c7ff21d420 JavaThread "C2 CompilerThread1" daemon [_thread_blocked, id=17816, stack(0x0000008738c00000,0x0000008738d00000)]
  0x000001c7ffadb000 JavaThread "C2 CompilerThread2" daemon [_thread_blocked, id=22192, stack(0x0000008739700000,0x0000008739800000)]

Other Threads:
=>0x000001c7fee29af0 VMThread "VM Thread" [stack: 0x0000008737f00000,0x0000008738000000] [id=13720]
  0x000001c7ff1b4110 WatcherThread [stack: 0x0000008738a00000,0x0000008738b00000] [id=22088]
  0x000001c7ef624ba0 GCTaskThread "GC Thread#0" [stack: 0x0000008737a00000,0x0000008737b00000] [id=11644]
  0x000001c7ff7f4b50 GCTaskThread "GC Thread#1" [stack: 0x0000008738d00000,0x0000008738e00000] [id=19044]
  0x000001c7ff86f430 GCTaskThread "GC Thread#2" [stack: 0x0000008738e00000,0x0000008738f00000] [id=18524]
  0x000001c7ff86f6f0 GCTaskThread "GC Thread#3" [stack: 0x0000008738f00000,0x0000008739000000] [id=5132]
  0x000001c7ff86f9b0 GCTaskThread "GC Thread#4" [stack: 0x0000008739000000,0x0000008739100000] [id=13176]
  0x000001c7ff85ac30 GCTaskThread "GC Thread#5" [stack: 0x0000008739100000,0x0000008739200000] [id=9016]
  0x000001c7ff88aa90 GCTaskThread "GC Thread#6" [stack: 0x0000008739200000,0x0000008739300000] [id=14368]
  0x000001c7ff9c8690 GCTaskThread "GC Thread#7" [stack: 0x0000008739300000,0x0000008739400000] [id=20384]
  0x000001c79303cc20 GCTaskThread "GC Thread#8" [stack: 0x0000008739400000,0x0000008739500000] [id=17544]
  0x000001c79306e3b0 GCTaskThread "GC Thread#9" [stack: 0x0000008739800000,0x0000008739900000] [id=2444]
  0x000001c7ef634f40 ConcurrentGCThread "G1 Main Marker" [stack: 0x0000008737b00000,0x0000008737c00000] [id=14156]
  0x000001c7ef635870 ConcurrentGCThread "G1 Conc#0" [stack: 0x0000008737c00000,0x0000008737d00000] [id=20916]
  0x000001c793010c60 ConcurrentGCThread "G1 Conc#1" [stack: 0x0000008739500000,0x0000008739600000] [id=8716]
  0x000001c79303ef00 ConcurrentGCThread "G1 Conc#2" [stack: 0x0000008739600000,0x0000008739700000] [id=14216]
  0x000001c7fecdc200 ConcurrentGCThread "G1 Refine#0" [stack: 0x0000008737d00000,0x0000008737e00000] [id=4636]
  0x000001c79418ca60 ConcurrentGCThread "G1 Refine#1" [stack: 0x0000008739900000,0x0000008739a00000] [id=18952]
  0x000001c79418d040 ConcurrentGCThread "G1 Refine#2" [stack: 0x0000008739a00000,0x0000008739b00000] [id=16832]
  0x000001c79418bea0 ConcurrentGCThread "G1 Refine#3" [stack: 0x0000008739b00000,0x0000008739c00000] [id=20464]
  0x000001c79418c480 ConcurrentGCThread "G1 Refine#4" [stack: 0x0000008739c00000,0x0000008739d00000] [id=7472]
  0x000001c7fecdc8e0 ConcurrentGCThread "G1 Service" [stack: 0x0000008737e00000,0x0000008737f00000] [id=18792]

Threads with active compile tasks:
C2 CompilerThread0    10059 9504       4       org.jetbrains.kotlin.resolve.OverridingUtil::resolveUnknownVisibilityForMember (248 bytes)
C1 CompilerThread0    10059 9845       2       org.jetbrains.kotlin.util.capitalizeDecapitalize.CapitalizeDecapitalizeKt::isLowerCaseCharAt (39 bytes)
C2 CompilerThread1    10059 9797       4       org.jetbrains.kotlin.types.DescriptorSubstitutor::substituteTypeParameters (389 bytes)
C2 CompilerThread2    10059 9446       4       org.jetbrains.kotlin.descriptors.impl.FunctionDescriptorImpl::doSubstitute (1003 bytes)

VM state: at safepoint (normal execution)

VM Mutex/Monitor currently owned by a thread:  ([mutex/lock_event])
[0x000001c7ef5b55e0] Threads_lock - owner thread: 0x000001c7fee29af0
[0x000001c7ef5b59d0] Heap_lock - owner thread: 0x000001c7ef5b84d0

Heap address: 0x000000070ac00000, size: 3924 MB, Compressed Oops mode: Zero based, Oop shift amount: 3

CDS archive(s) not mapped
Compressed class space mapped at: 0x0000000800000000-0x0000000840000000, reserved size: 1073741824
Narrow klass base: 0x0000000800000000, Narrow klass shift: 0, Narrow klass range: 0x40000000

GC Precious Log:
 CPUs: 12 total, 12 available
 Memory: 15694M
 Large Page Support: Disabled
 NUMA Support: Disabled
 Compressed Oops: Enabled (Zero based)
 Heap Region Size: 2M
 Heap Min Capacity: 8M
 Heap Initial Capacity: 246M
 Heap Max Capacity: 3924M
 Pre-touch: Disabled
 Parallel Workers: 10
 Concurrent Workers: 3
 Concurrent Refinement Workers: 10
 Periodic GC: Disabled

Heap:
 garbage-first heap   total 149504K, used 92018K [0x000000070ac00000, 0x0000000800000000)
  region size 2048K, 2 young (4096K), 2 survivors (4096K)
 Metaspace       used 61912K, committed 62208K, reserved 1114112K
  class space    used 7142K, committed 7296K, reserved 1048576K

Heap Regions: E=young(eden), S=young(survivor), O=old, HS=humongous(starts), HC=humongous(continues), CS=collection set, F=free, OA=open archive, CA=closed archive, TAMS=top-at-mark-start (previous, next)
|   0|0x000000070ac00000, 0x000000070ae00000, 0x000000070ae00000|100%|HS|  |TAMS 0x000000070ae00000, 0x000000070ae00000| Complete 
|   1|0x000000070ae00000, 0x000000070b000000, 0x000000070b000000|100%|HC|  |TAMS 0x000000070b000000, 0x000000070b000000| Complete 
|   2|0x000000070b000000, 0x000000070b200000, 0x000000070b200000|100%| O|  |TAMS 0x000000070b200000, 0x000000070b200000| Untracked 
|   3|0x000000070b200000, 0x000000070b400000, 0x000000070b400000|100%| O|  |TAMS 0x000000070b400000, 0x000000070b400000| Untracked 
|   4|0x000000070b400000, 0x000000070b600000, 0x000000070b600000|100%|HS|  |TAMS 0x000000070b600000, 0x000000070b600000| Complete 
|   5|0x000000070b600000, 0x000000070b7dca00, 0x000000070b800000| 93%| O|  |TAMS 0x000000070b600000, 0x000000070b600000| Untracked 
|   6|0x000000070b800000, 0x000000070ba00000, 0x000000070ba00000|100%| O|  |TAMS 0x000000070ba00000, 0x000000070ba00000| Untracked 
|   7|0x000000070ba00000, 0x000000070bc00000, 0x000000070bc00000|100%| O|  |TAMS 0x000000070bc00000, 0x000000070bc00000| Untracked 
|   8|0x000000070bc00000, 0x000000070be00000, 0x000000070be00000|100%| O|  |TAMS 0x000000070be00000, 0x000000070be00000| Untracked 
|   9|0x000000070be00000, 0x000000070c000000, 0x000000070c000000|100%| O|  |TAMS 0x000000070c000000, 0x000000070c000000| Untracked 
|  10|0x000000070c000000, 0x000000070c200000, 0x000000070c200000|100%| O|  |TAMS 0x000000070c200000, 0x000000070c200000| Untracked 
|  11|0x000000070c200000, 0x000000070c400000, 0x000000070c400000|100%| O|  |TAMS 0x000000070c400000, 0x000000070c400000| Untracked 
|  12|0x000000070c400000, 0x000000070c600000, 0x000000070c600000|100%| O|  |TAMS 0x000000070c600000, 0x000000070c600000| Untracked 
|  13|0x000000070c600000, 0x000000070c800000, 0x000000070c800000|100%| O|  |TAMS 0x000000070c800000, 0x000000070c800000| Untracked 
|  14|0x000000070c800000, 0x000000070ca00000, 0x000000070ca00000|100%| O|  |TAMS 0x000000070ca00000, 0x000000070ca00000| Untracked 
|  15|0x000000070ca00000, 0x000000070cc00000, 0x000000070cc00000|100%| O|  |TAMS 0x000000070cc00000, 0x000000070cc00000| Untracked 
|  16|0x000000070cc00000, 0x000000070ce00000, 0x000000070ce00000|100%| O|  |TAMS 0x000000070ce00000, 0x000000070ce00000| Untracked 
|  17|0x000000070ce00000, 0x000000070d000000, 0x000000070d000000|100%| O|  |TAMS 0x000000070d000000, 0x000000070d000000| Untracked 
|  18|0x000000070d000000, 0x000000070d200000, 0x000000070d200000|100%| O|  |TAMS 0x000000070d200000, 0x000000070d200000| Untracked 
|  19|0x000000070d200000, 0x000000070d400000, 0x000000070d400000|100%| O|  |TAMS 0x000000070d400000, 0x000000070d400000| Untracked 
|  20|0x000000070d400000, 0x000000070d600000, 0x000000070d600000|100%| O|  |TAMS 0x000000070d600000, 0x000000070d600000| Untracked 
|  21|0x000000070d600000, 0x000000070d800000, 0x000000070d800000|100%| O|  |TAMS 0x000000070d800000, 0x000000070d800000| Untracked 
|  22|0x000000070d800000, 0x000000070da00000, 0x000000070da00000|100%| O|  |TAMS 0x000000070da00000, 0x000000070da00000| Untracked 
|  23|0x000000070da00000, 0x000000070dc00000, 0x000000070dc00000|100%| O|  |TAMS 0x000000070dc00000, 0x000000070dc00000| Untracked 
|  24|0x000000070dc00000, 0x000000070de00000, 0x000000070de00000|100%| O|  |TAMS 0x000000070de00000, 0x000000070de00000| Untracked 
|  25|0x000000070de00000, 0x000000070e000000, 0x000000070e000000|100%| O|  |TAMS 0x000000070e000000, 0x000000070e000000| Untracked 
|  26|0x000000070e000000, 0x000000070e200000, 0x000000070e200000|100%| O|  |TAMS 0x000000070e200000, 0x000000070e200000| Untracked 
|  27|0x000000070e200000, 0x000000070e400000, 0x000000070e400000|100%| O|  |TAMS 0x000000070e400000, 0x000000070e400000| Untracked 
|  28|0x000000070e400000, 0x000000070e600000, 0x000000070e600000|100%| O|  |TAMS 0x000000070e600000, 0x000000070e600000| Untracked 
|  29|0x000000070e600000, 0x000000070e800000, 0x000000070e800000|100%| O|  |TAMS 0x000000070e800000, 0x000000070e800000| Untracked 
|  30|0x000000070e800000, 0x000000070ea00000, 0x000000070ea00000|100%| O|  |TAMS 0x000000070ea00000, 0x000000070ea00000| Untracked 
|  31|0x000000070ea00000, 0x000000070ec00000, 0x000000070ec00000|100%| O|  |TAMS 0x000000070ec00000, 0x000000070ec00000| Untracked 
|  32|0x000000070ec00000, 0x000000070ee00000, 0x000000070ee00000|100%|HS|  |TAMS 0x000000070ee00000, 0x000000070ee00000| Complete 
|  33|0x000000070ee00000, 0x000000070f000000, 0x000000070f000000|100%| O|  |TAMS 0x000000070efddc00, 0x000000070f000000| Untracked 
|  34|0x000000070f000000, 0x000000070f200000, 0x000000070f200000|100%| O|  |TAMS 0x000000070f000000, 0x000000070f200000| Untracked 
|  35|0x000000070f200000, 0x000000070f400000, 0x000000070f400000|100%| O|  |TAMS 0x000000070f200000, 0x000000070f400000| Untracked 
|  36|0x000000070f400000, 0x000000070f600000, 0x000000070f600000|100%| O|  |TAMS 0x000000070f400000, 0x000000070f600000| Untracked 
|  37|0x000000070f600000, 0x000000070f800000, 0x000000070f800000|100%| O|  |TAMS 0x000000070f600000, 0x000000070f800000| Untracked 
|  38|0x000000070f800000, 0x000000070fa00000, 0x000000070fa00000|100%| O|  |TAMS 0x000000070f800000, 0x000000070fa00000| Untracked 
|  39|0x000000070fa00000, 0x000000070fc00000, 0x000000070fc00000|100%| O|  |TAMS 0x000000070fa00000, 0x000000070fc00000| Untracked 
|  40|0x000000070fc00000, 0x000000070fe00000, 0x000000070fe00000|100%| O|  |TAMS 0x000000070fc00000, 0x000000070fe00000| Untracked 
|  41|0x000000070fe00000, 0x0000000710000000, 0x0000000710000000|100%| O|  |TAMS 0x000000070fe00000, 0x0000000710000000| Untracked 
|  42|0x0000000710000000, 0x0000000710200000, 0x0000000710200000|100%| O|  |TAMS 0x0000000710000000, 0x0000000710200000| Untracked 
|  43|0x0000000710200000, 0x0000000710200000, 0x0000000710400000|  0%| F|  |TAMS 0x0000000710200000, 0x0000000710200000| Untracked 
|  44|0x0000000710400000, 0x0000000710400000, 0x0000000710600000|  0%| F|  |TAMS 0x0000000710400000, 0x0000000710400000| Untracked 
|  45|0x0000000710600000, 0x0000000710600000, 0x0000000710800000|  0%| F|  |TAMS 0x0000000710600000, 0x0000000710600000| Untracked 
|  46|0x0000000710800000, 0x0000000710800000, 0x0000000710a00000|  0%| F|  |TAMS 0x0000000710800000, 0x0000000710800000| Untracked 
|  47|0x0000000710a00000, 0x0000000710a00000, 0x0000000710c00000|  0%| F|  |TAMS 0x0000000710a00000, 0x0000000710a00000| Untracked 
|  48|0x0000000710c00000, 0x0000000710c00000, 0x0000000710e00000|  0%| F|  |TAMS 0x0000000710c00000, 0x0000000710c00000| Untracked 
|  49|0x0000000710e00000, 0x0000000710e00000, 0x0000000711000000|  0%| F|  |TAMS 0x0000000710e00000, 0x0000000710e00000| Untracked 
|  50|0x0000000711000000, 0x0000000711000000, 0x0000000711200000|  0%| F|  |TAMS 0x0000000711000000, 0x0000000711000000| Untracked 
|  51|0x0000000711200000, 0x0000000711200000, 0x0000000711400000|  0%| F|  |TAMS 0x0000000711200000, 0x0000000711200000| Untracked 
|  52|0x0000000711400000, 0x0000000711400000, 0x0000000711600000|  0%| F|  |TAMS 0x0000000711400000, 0x0000000711400000| Untracked 
|  53|0x0000000711600000, 0x0000000711600000, 0x0000000711800000|  0%| F|  |TAMS 0x0000000711600000, 0x0000000711600000| Untracked 
|  54|0x0000000711800000, 0x0000000711800000, 0x0000000711a00000|  0%| F|  |TAMS 0x0000000711800000, 0x0000000711800000| Untracked 
|  55|0x0000000711a00000, 0x0000000711c00000, 0x0000000711c00000|100%| S|CS|TAMS 0x0000000711a00000, 0x0000000711a00000| Complete 
|  56|0x0000000711c00000, 0x0000000711e00000, 0x0000000711e00000|100%| S|CS|TAMS 0x0000000711c00000, 0x0000000711c00000| Complete 
|  57|0x0000000711e00000, 0x0000000711e00000, 0x0000000712000000|  0%| F|  |TAMS 0x0000000711e00000, 0x0000000711e00000| Untracked 
|  58|0x0000000712000000, 0x0000000712000000, 0x0000000712200000|  0%| F|  |TAMS 0x0000000712000000, 0x0000000712000000| Untracked 
|  59|0x0000000712200000, 0x0000000712200000, 0x0000000712400000|  0%| F|  |TAMS 0x0000000712200000, 0x0000000712200000| Untracked 
|  60|0x0000000712400000, 0x0000000712400000, 0x0000000712600000|  0%| F|  |TAMS 0x0000000712400000, 0x0000000712400000| Untracked 
|  61|0x0000000712600000, 0x0000000712600000, 0x0000000712800000|  0%| F|  |TAMS 0x0000000712600000, 0x0000000712600000| Untracked 
|  62|0x0000000712800000, 0x0000000712800000, 0x0000000712a00000|  0%| F|  |TAMS 0x0000000712800000, 0x0000000712800000| Untracked 
|  63|0x0000000712a00000, 0x0000000712a00000, 0x0000000712c00000|  0%| F|  |TAMS 0x0000000712a00000, 0x0000000712a00000| Untracked 
|  64|0x0000000712c00000, 0x0000000712c00000, 0x0000000712e00000|  0%| F|  |TAMS 0x0000000712c00000, 0x0000000712c00000| Untracked 
|  65|0x0000000712e00000, 0x0000000712e00000, 0x0000000713000000|  0%| F|  |TAMS 0x0000000712e00000, 0x0000000712e00000| Untracked 
|  66|0x0000000713000000, 0x0000000713000000, 0x0000000713200000|  0%| F|  |TAMS 0x0000000713000000, 0x0000000713000000| Untracked 
|  67|0x0000000713200000, 0x0000000713200000, 0x0000000713400000|  0%| F|  |TAMS 0x0000000713200000, 0x0000000713200000| Untracked 
|  68|0x0000000713400000, 0x0000000713400000, 0x0000000713600000|  0%| F|  |TAMS 0x0000000713400000, 0x0000000713400000| Untracked 
|  69|0x0000000713600000, 0x0000000713600000, 0x0000000713800000|  0%| F|  |TAMS 0x0000000713600000, 0x0000000713600000| Untracked 
|  70|0x0000000713800000, 0x0000000713800000, 0x0000000713a00000|  0%| F|  |TAMS 0x0000000713800000, 0x0000000713800000| Untracked 
|  71|0x0000000713a00000, 0x0000000713a00000, 0x0000000713c00000|  0%| F|  |TAMS 0x0000000713a00000, 0x0000000713a00000| Untracked 
| 122|0x000000071a000000, 0x000000071a000000, 0x000000071a200000|  0%| F|  |TAMS 0x000000071a000000, 0x000000071a000000| Untracked 

Card table byte_map: [0x000001c7f3790000,0x000001c7f3f40000] _byte_map_base: 0x000001c7eff3a000

Marking Bits (Prev, Next): (CMBitMap*) 0x000001c7ef6250d0, (CMBitMap*) 0x000001c7ef625110
 Prev Bits: [0x000001c7f46f0000, 0x000001c7f8440000)
 Next Bits: [0x000001c7f8440000, 0x000001c7fc190000)

Polling page: 0x000001c7ed520000

Metaspace:

Usage:
  Non-class:     53.49 MB used.
      Class:      6.98 MB used.
       Both:     60.46 MB used.

Virtual space:
  Non-class space:       64.00 MB reserved,      53.62 MB ( 84%) committed,  1 nodes.
      Class space:        1.00 GB reserved,       7.12 MB ( <1%) committed,  1 nodes.
             Both:        1.06 GB reserved,      60.75 MB (  6%) committed. 

Chunk freelists:
   Non-Class:  10.25 MB
       Class:  8.92 MB
        Both:  19.17 MB

MaxMetaspaceSize: unlimited
CompressedClassSpaceSize: 1.00 GB
Initial GC threshold: 21.00 MB
Current GC threshold: 96.69 MB
CDS: off
MetaspaceReclaimPolicy: balanced
 - commit_granule_bytes: 65536.
 - commit_granule_words: 8192.
 - virtual_space_node_default_size: 8388608.
 - enlarge_chunks_in_place: 1.
 - new_chunks_are_fully_committed: 0.
 - uncommit_free_chunks: 1.
 - use_allocation_guard: 0.
 - handle_deallocations: 1.


Internal statistics:

num_allocs_failed_limit: 6.
num_arena_births: 286.
num_arena_deaths: 0.
num_vsnodes_births: 2.
num_vsnodes_deaths: 0.
num_space_committed: 970.
num_space_uncommitted: 0.
num_chunks_returned_to_freelist: 6.
num_chunks_taken_from_freelist: 2292.
num_chunk_merges: 6.
num_chunk_splits: 1797.
num_chunks_enlarged: 1557.
num_inconsistent_stats: 0.

CodeHeap 'non-profiled nmethods': size=120000Kb used=4596Kb max_used=4596Kb free=115403Kb
 bounds [0x000001c787ad0000, 0x000001c787f50000, 0x000001c78f000000]
CodeHeap 'profiled nmethods': size=120000Kb used=18640Kb max_used=18640Kb free=101359Kb
 bounds [0x000001c780000000, 0x000001c781240000, 0x000001c787530000]
CodeHeap 'non-nmethods': size=5760Kb used=1303Kb max_used=1380Kb free=4456Kb
 bounds [0x000001c787530000, 0x000001c7877a0000, 0x000001c787ad0000]
 total_blobs=8958 nmethods=8349 adapters=519
 compilation: enabled
              stopped_count=0, restarted_count=0
 full_count=0

Compilation events (20 events):
Event: 10.006 Thread 0x000001c7ff00e550 nmethod 9834 0x000001c787df4110 code [0x000001c787df42a0, 0x000001c787df4378]
Event: 10.006 Thread 0x000001c7ff00e550 9835       1       org.jetbrains.kotlin.contracts.model.MutableContextInfo::getSubtypes (5 bytes)
Event: 10.006 Thread 0x000001c7ff00e550 nmethod 9835 0x000001c787df3e10 code [0x000001c787df3fa0, 0x000001c787df4078]
Event: 10.006 Thread 0x000001c7ff00e550 9836       2       org.jetbrains.kotlin.resolve.DescriptorToSourceUtils::getSourceFromDescriptor (72 bytes)
Event: 10.007 Thread 0x000001c7ff00e550 nmethod 9836 0x000001c78122cd90 code [0x000001c78122cfa0, 0x000001c78122d488]
Event: 10.007 Thread 0x000001c7ff00e550 9837       2       org.jetbrains.kotlin.resolve.calls.smartcasts.DataFlowInfoImpl::getCollectedTypes (20 bytes)
Event: 10.008 Thread 0x000001c7ff00e550 nmethod 9837 0x000001c78122d710 code [0x000001c78122d940, 0x000001c78122ddc8]
Event: 10.011 Thread 0x000001c7ff00e550 9838       2       org.jetbrains.kotlin.resolve.calls.context.ResolutionContext::replaceContextDependency (85 bytes)
Event: 10.011 Thread 0x000001c7ff00e550 nmethod 9838 0x000001c78122e090 code [0x000001c78122e240, 0x000001c78122e4e8]
Event: 10.019 Thread 0x000001c7ff00e550 9839       2       org.jetbrains.kotlin.descriptors.impl.FunctionDescriptorImpl::getSubstitutedValueParameters (270 bytes)
Event: 10.021 Thread 0x000001c7ff00e550 nmethod 9839 0x000001c78122e610 code [0x000001c78122e900, 0x000001c78122f5e8]
Event: 10.023 Thread 0x000001c7ff00e550 9840       2       org.jetbrains.kotlin.resolve.calls.smartcasts.IdentifierInfoKt::getIdForSimpleNameExpression (280 bytes)
Event: 10.026 Thread 0x000001c7ff00e550 nmethod 9840 0x000001c78122ff10 code [0x000001c7812303e0, 0x000001c781231cf8]
Event: 10.026 Thread 0x000001c7ff00e550 9841       2       org.jetbrains.kotlin.resolve.calls.inference.components.FreshVariableNewTypeSubstitutor::isEmpty (10 bytes)
Event: 10.027 Thread 0x000001c7ff00e550 nmethod 9841 0x000001c781232910 code [0x000001c781232aa0, 0x000001c781232bc8]
Event: 10.027 Thread 0x000001c7ff00e550 9842       2       org.jetbrains.kotlin.resolve.scopes.TraceBasedLocalRedeclarationChecker::<init> (23 bytes)
Event: 10.028 Thread 0x000001c7ff00e550 nmethod 9842 0x000001c781232c90 code [0x000001c781232f00, 0x000001c7812335d8]
Event: 10.028 Thread 0x000001c7ff00e550 9843       2       org.jetbrains.kotlin.resolve.scopes.AbstractLocalRedeclarationChecker::<init> (16 bytes)
Event: 10.028 Thread 0x000001c7ff00e550 nmethod 9843 0x000001c781233990 code [0x000001c781233b60, 0x000001c781233e78]
Event: 10.037 Thread 0x000001c7ff00e550 9845       2       org.jetbrains.kotlin.util.capitalizeDecapitalize.CapitalizeDecapitalizeKt::isLowerCaseCharAt (39 bytes)

GC Heap History (20 events):
Event: 4.033 GC heap after
{Heap after GC invocations=12 (full 0):
 garbage-first heap   total 110592K, used 40008K [0x000000070ac00000, 0x0000000800000000)
  region size 2048K, 2 young (4096K), 2 survivors (4096K)
 Metaspace       used 46810K, committed 47040K, reserved 1114112K
  class space    used 5625K, committed 5760K, reserved 1048576K
}
Event: 4.601 GC heap before
{Heap before GC invocations=12 (full 0):
 garbage-first heap   total 110592K, used 76872K [0x000000070ac00000, 0x0000000800000000)
  region size 2048K, 20 young (40960K), 2 survivors (4096K)
 Metaspace       used 48261K, committed 48512K, reserved 1114112K
  class space    used 5760K, committed 5888K, reserved 1048576K
}
Event: 4.616 GC heap after
{Heap after GC invocations=13 (full 0):
 garbage-first heap   total 110592K, used 49160K [0x000000070ac00000, 0x0000000800000000)
  region size 2048K, 3 young (6144K), 3 survivors (6144K)
 Metaspace       used 48261K, committed 48512K, reserved 1114112K
  class space    used 5760K, committed 5888K, reserved 1048576K
}
Event: 5.388 GC heap before
{Heap before GC invocations=13 (full 0):
 garbage-first heap   total 110592K, used 77832K [0x000000070ac00000, 0x0000000800000000)
  region size 2048K, 17 young (34816K), 3 survivors (6144K)
 Metaspace       used 50139K, committed 50432K, reserved 1114112K
  class space    used 5868K, committed 6016K, reserved 1048576K
}
Event: 5.404 GC heap after
{Heap after GC invocations=14 (full 0):
 garbage-first heap   total 110592K, used 55312K [0x000000070ac00000, 0x0000000800000000)
  region size 2048K, 3 young (6144K), 3 survivors (6144K)
 Metaspace       used 50139K, committed 50432K, reserved 1114112K
  class space    used 5868K, committed 6016K, reserved 1048576K
}
Event: 5.879 GC heap before
{Heap before GC invocations=14 (full 0):
 garbage-first heap   total 110592K, used 81936K [0x000000070ac00000, 0x0000000800000000)
  region size 2048K, 16 young (32768K), 3 survivors (6144K)
 Metaspace       used 51950K, committed 52224K, reserved 1114112K
  class space    used 6064K, committed 6208K, reserved 1048576K
}
Event: 5.896 GC heap after
{Heap after GC invocations=15 (full 0):
 garbage-first heap   total 110592K, used 59071K [0x000000070ac00000, 0x0000000800000000)
  region size 2048K, 2 young (4096K), 2 survivors (4096K)
 Metaspace       used 51950K, committed 52224K, reserved 1114112K
  class space    used 6064K, committed 6208K, reserved 1048576K
}
Event: 6.333 GC heap before
{Heap before GC invocations=16 (full 0):
 garbage-first heap   total 112640K, used 81599K [0x000000070ac00000, 0x0000000800000000)
  region size 2048K, 13 young (26624K), 2 survivors (4096K)
 Metaspace       used 53669K, committed 53952K, reserved 1114112K
  class space    used 6285K, committed 6400K, reserved 1048576K
}
Event: 6.346 GC heap after
{Heap after GC invocations=17 (full 0):
 garbage-first heap   total 112640K, used 62344K [0x000000070ac00000, 0x0000000800000000)
  region size 2048K, 2 young (4096K), 2 survivors (4096K)
 Metaspace       used 53669K, committed 53952K, reserved 1114112K
  class space    used 6285K, committed 6400K, reserved 1048576K
}
Event: 6.533 GC heap before
{Heap before GC invocations=17 (full 0):
 garbage-first heap   total 112640K, used 74632K [0x000000070ac00000, 0x0000000800000000)
  region size 2048K, 9 young (18432K), 2 survivors (4096K)
 Metaspace       used 53898K, committed 54144K, reserved 1114112K
  class space    used 6297K, committed 6400K, reserved 1048576K
}
Event: 6.542 GC heap after
{Heap after GC invocations=18 (full 0):
 garbage-first heap   total 149504K, used 64487K [0x000000070ac00000, 0x0000000800000000)
  region size 2048K, 1 young (2048K), 1 survivors (2048K)
 Metaspace       used 53898K, committed 54144K, reserved 1114112K
  class space    used 6297K, committed 6400K, reserved 1048576K
}
Event: 7.277 GC heap before
{Heap before GC invocations=18 (full 0):
 garbage-first heap   total 149504K, used 111591K [0x000000070ac00000, 0x0000000800000000)
  region size 2048K, 23 young (47104K), 1 survivors (2048K)
 Metaspace       used 55277K, committed 55552K, reserved 1114112K
  class space    used 6465K, committed 6592K, reserved 1048576K
}
Event: 7.290 GC heap after
{Heap after GC invocations=19 (full 0):
 garbage-first heap   total 149504K, used 74214K [0x000000070ac00000, 0x0000000800000000)
  region size 2048K, 3 young (6144K), 3 survivors (6144K)
 Metaspace       used 55277K, committed 55552K, reserved 1114112K
  class space    used 6465K, committed 6592K, reserved 1048576K
}
Event: 8.527 GC heap before
{Heap before GC invocations=19 (full 0):
 garbage-first heap   total 149504K, used 113126K [0x000000070ac00000, 0x0000000800000000)
  region size 2048K, 22 young (45056K), 3 survivors (6144K)
 Metaspace       used 58965K, committed 59200K, reserved 1114112K
  class space    used 6887K, committed 7040K, reserved 1048576K
}
Event: 8.542 GC heap after
{Heap after GC invocations=20 (full 0):
 garbage-first heap   total 149504K, used 80022K [0x000000070ac00000, 0x0000000800000000)
  region size 2048K, 3 young (6144K), 3 survivors (6144K)
 Metaspace       used 58965K, committed 59200K, reserved 1114112K
  class space    used 6887K, committed 7040K, reserved 1048576K
}
Event: 9.492 GC heap before
{Heap before GC invocations=21 (full 0):
 garbage-first heap   total 149504K, used 114838K [0x000000070ac00000, 0x0000000800000000)
  region size 2048K, 20 young (40960K), 3 survivors (6144K)
 Metaspace       used 61213K, committed 61440K, reserved 1114112K
  class space    used 7098K, committed 7232K, reserved 1048576K
}
Event: 9.504 GC heap after
{Heap after GC invocations=22 (full 0):
 garbage-first heap   total 149504K, used 86352K [0x000000070ac00000, 0x0000000800000000)
  region size 2048K, 3 young (6144K), 3 survivors (6144K)
 Metaspace       used 61213K, committed 61440K, reserved 1114112K
  class space    used 7098K, committed 7232K, reserved 1048576K
}
Event: 9.520 GC heap before
{Heap before GC invocations=22 (full 0):
 garbage-first heap   total 149504K, used 88400K [0x000000070ac00000, 0x0000000800000000)
  region size 2048K, 4 young (8192K), 3 survivors (6144K)
 Metaspace       used 61215K, committed 61440K, reserved 1114112K
  class space    used 7098K, committed 7232K, reserved 1048576K
}
Event: 9.529 GC heap after
{Heap after GC invocations=23 (full 0):
 garbage-first heap   total 149504K, used 87102K [0x000000070ac00000, 0x0000000800000000)
  region size 2048K, 1 young (2048K), 1 survivors (2048K)
 Metaspace       used 61215K, committed 61440K, reserved 1114112K
  class space    used 7098K, committed 7232K, reserved 1048576K
}
Event: 10.037 GC heap before
{Heap before GC invocations=23 (full 0):
 garbage-first heap   total 149504K, used 117822K [0x000000070ac00000, 0x0000000800000000)
  region size 2048K, 16 young (32768K), 1 survivors (2048K)
 Metaspace       used 61912K, committed 62208K, reserved 1114112K
  class space    used 7142K, committed 7296K, reserved 1048576K
}

Dll operation events (2 events):
Event: 0.005 Loaded shared library D:\Android\jbr\bin\java.dll
Event: 0.923 Loaded shared library D:\Android\jbr\bin\verify.dll

Deoptimization events (20 events):
Event: 9.793 Thread 0x000001c7ef5b84d0 Uncommon trap: trap_request=0xffffffc6 fr.pc=0x000001c787ef866c relative=0x0000000000003f4c
Event: 9.793 Thread 0x000001c7ef5b84d0 Uncommon trap: reason=bimorphic_or_optimized_type_check action=maybe_recompile pc=0x000001c787ef866c method=org.jetbrains.kotlin.types.DescriptorSubstitutor.substituteTypeParameters(Ljava/util/List;Lorg/jetbrains/kotlin/types/TypeSubstitution;Lorg/jetbrai
Event: 9.793 Thread 0x000001c7ef5b84d0 DEOPT PACKING pc=0x000001c787ef866c sp=0x00000087379fcf10
Event: 9.793 Thread 0x000001c7ef5b84d0 DEOPT UNPACKING pc=0x000001c7875869a3 sp=0x00000087379fcee8 mode 2
Event: 9.837 Thread 0x000001c7ef5b84d0 DEOPT PACKING pc=0x000001c7806f35f1 sp=0x00000087379fc7e0
Event: 9.837 Thread 0x000001c7ef5b84d0 DEOPT UNPACKING pc=0x000001c787587143 sp=0x00000087379fbce0 mode 0
Event: 9.838 Thread 0x000001c7ef5b84d0 Uncommon trap: trap_request=0xffffffc6 fr.pc=0x000001c787f324ec relative=0x00000000000059ec
Event: 9.838 Thread 0x000001c7ef5b84d0 Uncommon trap: reason=bimorphic_or_optimized_type_check action=maybe_recompile pc=0x000001c787f324ec method=org.jetbrains.kotlin.resolve.lazy.descriptors.LazyClassMemberScope.generateFakeOverrides(Lorg/jetbrains/kotlin/name/Name;Ljava/util/Collection;Ljav
Event: 9.838 Thread 0x000001c7ef5b84d0 DEOPT PACKING pc=0x000001c787f324ec sp=0x00000087379fd7d0
Event: 9.838 Thread 0x000001c7ef5b84d0 DEOPT UNPACKING pc=0x000001c7875869a3 sp=0x00000087379fd7b8 mode 2
Event: 9.913 Thread 0x000001c7ef5b84d0 Uncommon trap: trap_request=0xffffff54 fr.pc=0x000001c787babadc relative=0x000000000000127c
Event: 9.913 Thread 0x000001c7ef5b84d0 Uncommon trap: reason=speculate_null_assert action=make_not_entrant pc=0x000001c787babadc method=org.jetbrains.kotlin.load.java.components.JavaAnnotationMapper.findMappedJavaAnnotation(Lorg/jetbrains/kotlin/name/FqName;Lorg/jetbrains/kotlin/load/java/stru
Event: 9.913 Thread 0x000001c7ef5b84d0 DEOPT PACKING pc=0x000001c787babadc sp=0x00000087379fce40
Event: 9.913 Thread 0x000001c7ef5b84d0 DEOPT UNPACKING pc=0x000001c7875869a3 sp=0x00000087379fcde0 mode 2
Event: 9.944 Thread 0x000001c7ef5b84d0 DEOPT PACKING pc=0x000001c7806393c6 sp=0x00000087379fb840
Event: 9.944 Thread 0x000001c7ef5b84d0 DEOPT UNPACKING pc=0x000001c787587143 sp=0x00000087379fadc0 mode 0
Event: 9.981 Thread 0x000001c7ef5b84d0 Uncommon trap: trap_request=0xffffffde fr.pc=0x000001c787df0394 relative=0x0000000000004ef4
Event: 9.981 Thread 0x000001c7ef5b84d0 Uncommon trap: reason=class_check action=maybe_recompile pc=0x000001c787df0394 method=org.jetbrains.kotlin.descriptors.impl.ValueParameterDescriptorImpl.declaresDefaultValue()Z @ 17 c2
Event: 9.981 Thread 0x000001c7ef5b84d0 DEOPT PACKING pc=0x000001c787df0394 sp=0x00000087379fc010
Event: 9.981 Thread 0x000001c7ef5b84d0 DEOPT UNPACKING pc=0x000001c7875869a3 sp=0x00000087379fbf68 mode 2

Classes unloaded (0 events):
No events

Classes redefined (0 events):
No events

Internal exceptions (20 events):
Event: 6.867 Thread 0x000001c7ef5b84d0 Implicit null exception at 0x000001c787bd7e4c to 0x000001c787bd7f34
Event: 7.446 Thread 0x000001c7ef5b84d0 Exception <a 'java/lang/NoSuchMethodError'{0x00000007139bc920}: 'java.lang.Object java.lang.invoke.DirectMethodHandle$Holder.invokeInterface(java.lang.Object, java.lang.Object, java.lang.Object)'> (0x00000007139bc920) 
thrown [s\src\hotspot\share\interpreter\linkResolver.cpp, line 771]
Event: 7.446 Thread 0x000001c7ef5b84d0 Exception <a 'java/lang/IncompatibleClassChangeError'{0x00000007139c07e0}: Found class java.lang.Object, but interface was expected> (0x00000007139c07e0) 
thrown [s\src\hotspot\share\interpreter\linkResolver.cpp, line 838]
Event: 7.539 Thread 0x000001c7ef5b84d0 Implicit null exception at 0x000001c787baa445 to 0x000001c787babe60
Event: 7.539 Thread 0x000001c7ef5b84d0 Implicit null exception at 0x000001c787b16765 to 0x000001c787b17ea8
Event: 7.778 Thread 0x000001c7ef5b84d0 Exception <a 'java/lang/NoSuchMethodError'{0x0000000712a49e10}: 'java.lang.Object java.lang.invoke.DirectMethodHandle$Holder.newInvokeSpecial(java.lang.Object, java.lang.Object, java.lang.Object, java.lang.Object, java.lang.Object, java.lang.Object, java.lang.Object)'> (0x0000000712a49e10) 
thrown [s\src\hotspot\share\interpreter\linkResolver.cpp, line 771]
Event: 7.778 Thread 0x000001c7ef5b84d0 Exception <a 'java/lang/NoSuchMethodError'{0x0000000712a4e590}: 'java.lang.Object java.lang.invoke.Invokers$Holder.linkToTargetMethod(java.lang.Object, java.lang.Object, java.lang.Object, java.lang.Object, java.lang.Object, java.lang.Object, java.lang.Object)'> (0x0000000712a4e590) 
thrown [s\src\hotspot\share\interpreter\linkResolver.cpp, line 771]
Event: 7.781 Thread 0x000001c7ef5b84d0 Implicit null exception at 0x000001c787ce6883 to 0x000001c787ce832c
Event: 7.781 Thread 0x000001c7ef5b84d0 Implicit null exception at 0x000001c787cc19d8 to 0x000001c787cc1a6e
Event: 8.325 Thread 0x000001c7ef5b84d0 Exception <a 'java/lang/NoSuchMethodError'{0x0000000711eda4e0}: 'java.lang.Object java.lang.invoke.DirectMethodHandle$Holder.newInvokeSpecial(java.lang.Object, java.lang.Object, java.lang.Object, java.lang.Object, java.lang.Object, java.lang.Object, java.lang.Object, java.lang.Object)'> (0x0000000711eda4e0) 
thrown [s\src\hotspot\share\interpreter\linkResolver.cpp, line 771]
Event: 8.326 Thread 0x000001c7ef5b84d0 Exception <a 'java/lang/NoSuchMethodError'{0x0000000711edfaf8}: 'java.lang.Object java.lang.invoke.DirectMethodHandle$Holder.invokeSpecial(java.lang.Object, java.lang.Object, java.lang.Object, java.lang.Object, java.lang.Object, java.lang.Object, java.lang.Object, java.lang.Object, java.lang.Object)'> (0x0000000711edfaf8) 
thrown [s\src\hotspot\share\interpreter\linkResolver.cpp, line 771]
Event: 8.326 Thread 0x000001c7ef5b84d0 Exception <a 'java/lang/NoSuchMethodError'{0x0000000711ee4a28}: 'java.lang.Object java.lang.invoke.Invokers$Holder.linkToTargetMethod(java.lang.Object, java.lang.Object, java.lang.Object, java.lang.Object, java.lang.Object, java.lang.Object, java.lang.Object, java.lang.Object)'> (0x0000000711ee4a28) 
thrown [s\src\hotspot\share\interpreter\linkResolver.cpp, line 771]
Event: 8.573 Thread 0x000001c7ef5b84d0 Exception <a 'java/lang/NoSuchMethodError'{0x000000071a04dec0}: 'void java.lang.invoke.DirectMethodHandle$Holder.invokeSpecial(java.lang.Object, java.lang.Object, int, java.lang.Object)'> (0x000000071a04dec0) 
thrown [s\src\hotspot\share\interpreter\linkResolver.cpp, line 771]
Event: 8.601 Thread 0x000001c7ef5b84d0 Exception <a 'java/lang/NoSuchMethodError'{0x000000071a0c1258}: 'java.lang.Object java.lang.invoke.DirectMethodHandle$Holder.invokeStatic(java.lang.Object, java.lang.Object, java.lang.Object, java.lang.Object, int)'> (0x000000071a0c1258) 
thrown [s\src\hotspot\share\interpreter\linkResolver.cpp, line 771]
Event: 8.603 Thread 0x000001c7ef5b84d0 Exception <a 'java/lang/NoSuchMethodError'{0x000000071a0cae48}: 'java.lang.Object java.lang.invoke.DirectMethodHandle$Holder.newInvokeSpecial(java.lang.Object, java.lang.Object, java.lang.Object, java.lang.Object, int)'> (0x000000071a0cae48) 
thrown [s\src\hotspot\share\interpreter\linkResolver.cpp, line 771]
Event: 8.604 Thread 0x000001c7ef5b84d0 Exception <a 'java/lang/NoSuchMethodError'{0x000000071a0d2f18}: 'java.lang.Object java.lang.invoke.Invokers$Holder.linkToTargetMethod(java.lang.Object, java.lang.Object, java.lang.Object, int, java.lang.Object)'> (0x000000071a0d2f18) 
thrown [s\src\hotspot\share\interpreter\linkResolver.cpp, line 771]
Event: 8.657 Thread 0x000001c7ef5b84d0 Exception <a 'java/lang/NoSuchMethodError'{0x0000000713a91d58}: 'void java.lang.invoke.DirectMethodHandle$Holder.invokeInterface(java.lang.Object, java.lang.Object)'> (0x0000000713a91d58) 
thrown [s\src\hotspot\share\interpreter\linkResolver.cpp, line 771]
Event: 8.714 Thread 0x000001c7ef5b84d0 Exception <a 'java/lang/IncompatibleClassChangeError'{0x0000000713bde008}: Found class java.lang.Object, but interface was expected> (0x0000000713bde008) 
thrown [s\src\hotspot\share\interpreter\linkResolver.cpp, line 838]
Event: 8.760 Thread 0x000001c7ef5b84d0 Exception <a 'java/lang/NoSuchMethodError'{0x00000007139751a8}: 'java.lang.Object java.lang.invoke.DirectMethodHandle$Holder.newInvokeSpecial(java.lang.Object, int, java.lang.Object, java.lang.Object)'> (0x00000007139751a8) 
thrown [s\src\hotspot\share\interpreter\linkResolver.cpp, line 771]
Event: 9.277 Thread 0x000001c7ef5b84d0 Implicit null exception at 0x000001c787ca2e73 to 0x000001c787ca66c0

VM Operations (20 events):
Event: 8.939 Executing VM operation: ICBufferFull done
Event: 9.278 Executing VM operation: ICBufferFull
Event: 9.278 Executing VM operation: ICBufferFull done
Event: 9.372 Executing VM operation: ICBufferFull
Event: 9.373 Executing VM operation: ICBufferFull done
Event: 9.492 Executing VM operation: G1CollectForAllocation
Event: 9.504 Executing VM operation: G1CollectForAllocation done
Event: 9.520 Executing VM operation: G1CollectForAllocation
Event: 9.529 Executing VM operation: G1CollectForAllocation done
Event: 9.689 Executing VM operation: ICBufferFull
Event: 9.689 Executing VM operation: ICBufferFull done
Event: 9.694 Executing VM operation: HandshakeAllThreads
Event: 9.694 Executing VM operation: HandshakeAllThreads done
Event: 9.705 Executing VM operation: HandshakeAllThreads
Event: 9.705 Executing VM operation: HandshakeAllThreads done
Event: 9.774 Executing VM operation: ICBufferFull
Event: 9.775 Executing VM operation: ICBufferFull done
Event: 9.983 Executing VM operation: ICBufferFull
Event: 9.983 Executing VM operation: ICBufferFull done
Event: 10.037 Executing VM operation: G1CollectForAllocation

Events (20 events):
Event: 8.662 loading class java/util/stream/Node$OfPrimitive
Event: 8.663 loading class java/util/stream/Node$OfPrimitive done
Event: 8.663 loading class java/util/stream/Node$OfInt done
Event: 8.663 loading class java/util/stream/Nodes$EmptyNode$OfInt done
Event: 8.663 loading class java/util/stream/Nodes$EmptyNode$OfLong
Event: 8.663 loading class java/util/stream/Node$OfLong
Event: 8.663 loading class java/util/stream/Node$OfLong done
Event: 8.663 loading class java/util/stream/Nodes$EmptyNode$OfLong done
Event: 8.663 loading class java/util/stream/Nodes$EmptyNode$OfDouble
Event: 8.663 loading class java/util/stream/Node$OfDouble
Event: 8.663 loading class java/util/stream/Node$OfDouble done
Event: 8.663 loading class java/util/stream/Nodes$EmptyNode$OfDouble done
Event: 8.663 loading class java/util/stream/Nodes$SpinedNodeBuilder
Event: 8.663 loading class java/util/stream/Node$Builder
Event: 8.663 loading class java/util/stream/Node$Builder done
Event: 8.663 loading class java/util/stream/SpinedBuffer
Event: 8.663 loading class java/util/stream/AbstractSpinedBuffer
Event: 8.664 loading class java/util/stream/AbstractSpinedBuffer done
Event: 8.664 loading class java/util/stream/SpinedBuffer done
Event: 8.664 loading class java/util/stream/Nodes$SpinedNodeBuilder done


Dynamic libraries:
0x00007ff7b71d0000 - 0x00007ff7b71da000 	D:\Android\jbr\bin\java.exe
0x00007ff839150000 - 0x00007ff839367000 	C:\windows\SYSTEM32\ntdll.dll
0x00007ff837070000 - 0x00007ff837134000 	C:\windows\System32\KERNEL32.DLL
0x00007ff836690000 - 0x00007ff836a3d000 	C:\windows\System32\KERNELBASE.dll
0x00007ff836d40000 - 0x00007ff836e51000 	C:\windows\System32\ucrtbase.dll
0x00007ff821870000 - 0x00007ff82188b000 	D:\Android\jbr\bin\VCRUNTIME140.dll
0x00007ffff53b0000 - 0x00007ffff53c7000 	D:\Android\jbr\bin\jli.dll
0x00007ff8388d0000 - 0x00007ff838a7e000 	C:\windows\System32\USER32.dll
0x00007ff817c90000 - 0x00007ff817f23000 	C:\windows\WinSxS\amd64_microsoft.windows.common-controls_6595b64144ccf1df_6.0.22621.3672_none_2713b9d173822955\COMCTL32.dll
0x00007ff836e60000 - 0x00007ff836e86000 	C:\windows\System32\win32u.dll
0x00007ff8376e0000 - 0x00007ff837787000 	C:\windows\System32\msvcrt.dll
0x00007ff8386f0000 - 0x00007ff838719000 	C:\windows\System32\GDI32.dll
0x00007ff836570000 - 0x00007ff836689000 	C:\windows\System32\gdi32full.dll
0x00007ff836ca0000 - 0x00007ff836d3a000 	C:\windows\System32\msvcp_win.dll
0x00007ff8390d0000 - 0x00007ff839101000 	C:\windows\System32\IMM32.DLL
0x00007ff830d90000 - 0x00007ff830d9c000 	D:\Android\jbr\bin\vcruntime140_1.dll
0x00007ffff9e40000 - 0x00007ffff9ecd000 	D:\Android\jbr\bin\msvcp140.dll
0x00007fffd98b0000 - 0x00007fffda533000 	D:\Android\jbr\bin\server\jvm.dll
0x00007ff837880000 - 0x00007ff837932000 	C:\windows\System32\ADVAPI32.dll
0x00007ff838720000 - 0x00007ff8387c9000 	C:\windows\System32\sechost.dll
0x00007ff836a40000 - 0x00007ff836a68000 	C:\windows\System32\bcrypt.dll
0x00007ff837a20000 - 0x00007ff837b34000 	C:\windows\System32\RPCRT4.dll
0x00007ff830ff0000 - 0x00007ff830ff9000 	C:\windows\SYSTEM32\WSOCK32.dll
0x00007ff830c60000 - 0x00007ff830c94000 	C:\windows\SYSTEM32\WINMM.dll
0x00007ff836190000 - 0x00007ff8361dd000 	C:\windows\SYSTEM32\POWRPROF.dll
0x00007ff82bd30000 - 0x00007ff82bd3a000 	C:\windows\SYSTEM32\VERSION.dll
0x00007ff837b40000 - 0x00007ff837bb1000 	C:\windows\System32\WS2_32.dll
0x00007ff836170000 - 0x00007ff836183000 	C:\windows\SYSTEM32\UMPDC.dll
0x00007ff8354b0000 - 0x00007ff8354c8000 	C:\windows\SYSTEM32\kernel.appcore.dll
0x00007ff820820000 - 0x00007ff82082a000 	D:\Android\jbr\bin\jimage.dll
0x00007ff82c5b0000 - 0x00007ff82c7e2000 	C:\windows\SYSTEM32\DBGHELP.DLL
0x00007ff8371f0000 - 0x00007ff837578000 	C:\windows\System32\combase.dll
0x00007ff836e90000 - 0x00007ff836f67000 	C:\windows\System32\OLEAUT32.dll
0x00007ff81ca00000 - 0x00007ff81ca32000 	C:\windows\SYSTEM32\dbgcore.DLL
0x00007ff8364f0000 - 0x00007ff83656b000 	C:\windows\System32\bcryptPrimitives.dll
0x00007ffff7100000 - 0x00007ffff7125000 	D:\Android\jbr\bin\java.dll
0x00007ff816d10000 - 0x00007ff816d28000 	D:\Android\jbr\bin\zip.dll
0x00007ff837c30000 - 0x00007ff83848f000 	C:\windows\System32\SHELL32.dll
0x00007ff834390000 - 0x00007ff834c8c000 	C:\windows\SYSTEM32\windows.storage.dll
0x00007ff834250000 - 0x00007ff83438f000 	C:\windows\SYSTEM32\wintypes.dll
0x00007ff836f70000 - 0x00007ff837064000 	C:\windows\System32\SHCORE.dll
0x00007ff8379c0000 - 0x00007ff837a1e000 	C:\windows\System32\shlwapi.dll
0x00007ff8363b0000 - 0x00007ff8363d1000 	C:\windows\SYSTEM32\profapi.dll
0x00007ff80d230000 - 0x00007ff80d249000 	D:\Android\jbr\bin\net.dll
0x00007ff832250000 - 0x00007ff832386000 	C:\windows\SYSTEM32\WINHTTP.dll
0x00007ff835920000 - 0x00007ff835989000 	C:\windows\system32\mswsock.dll
0x00007ffff6b20000 - 0x00007ffff6b36000 	D:\Android\jbr\bin\nio.dll
0x00007ff80b3b0000 - 0x00007ff80b3c0000 	D:\Android\jbr\bin\verify.dll

dbghelp: loaded successfully - version: 4.0.5 - missing functions: none
symbol engine: initialized successfully - sym options: 0x614 - pdb path: .;D:\Android\jbr\bin;C:\windows\SYSTEM32;C:\windows\WinSxS\amd64_microsoft.windows.common-controls_6595b64144ccf1df_6.0.22621.3672_none_2713b9d173822955;D:\Android\jbr\bin\server

VM Arguments:
java_command: org.jetbrains.kotlin.cli.jvm.K2JVMCompiler @D:\Sea\app\build\20240814_14828706767853799953.compiler.options
java_class_path (initial): D:\LoginSignUpKotlin-master\caches\modules-2\files-2.1\org.jetbrains.kotlin\kotlin-compiler-embeddable\1.9.22\9cd4dc7773cf2a99ecd961a88fbbc9a2da3fb5e1\kotlin-compiler-embeddable-1.9.22.jar;D:\LoginSignUpKotlin-master\caches\modules-2\files-2.1\org.jetbrains.kotlin\kotlin-stdlib\1.9.22\d6c44cd08d8f3f9bece8101216dbe6553365c6e3\kotlin-stdlib-1.9.22.jar;D:\LoginSignUpKotlin-master\caches\modules-2\files-2.1\org.jetbrains.kotlin\kotlin-script-runtime\1.9.22\f8139a46fc677ec9badc49ae954392f4f5e7e7c7\kotlin-script-runtime-1.9.22.jar;D:\LoginSignUpKotlin-master\caches\modules-2\files-2.1\org.jetbrains.kotlin\kotlin-reflect\1.6.10\1cbe9c92c12a94eea200d23c2bbaedaf3daf5132\kotlin-reflect-1.6.10.jar;D:\LoginSignUpKotlin-master\caches\modules-2\files-2.1\org.jetbrains.kotlin\kotlin-daemon-embeddable\1.9.22\20e2c5df715f3240c765cfc222530e2796542021\kotlin-daemon-embeddable-1.9.22.jar;D:\LoginSignUpKotlin-master\caches\modules-2\files-2.1\org.jetbrains.intellij.deps\trove4j\1.0.20200330\3afb14d5f9ceb459d724e907a21145e8ff394f02\trove4j-1.0.20200330.jar;D:\LoginSignUpKotlin-master\caches\modules-2\files-2.1\org.jetbrains\annotations\13.0\919f0dfe192fb4e063e7dacadee7f8bb9a2672a9\annotations-13.0.jar
Launcher Type: SUN_STANDARD

[Global flags]
     intx CICompilerCount                          = 4                                         {product} {ergonomic}
     uint ConcGCThreads                            = 3                                         {product} {ergonomic}
     uint G1ConcRefinementThreads                  = 10                                        {product} {ergonomic}
   size_t G1HeapRegionSize                         = 2097152                                   {product} {ergonomic}
    uintx GCDrainStackTargetSize                   = 64                                        {product} {ergonomic}
   size_t InitialHeapSize                          = 257949696                                 {product} {ergonomic}
   size_t MarkStackSize                            = 4194304                                   {product} {ergonomic}
   size_t MaxHeapSize                              = 4114612224                                {product} {ergonomic}
   size_t MaxNewSize                               = 2468347904                                {product} {ergonomic}
   size_t MinHeapDeltaBytes                        = 2097152                                   {product} {ergonomic}
   size_t MinHeapSize                              = 8388608                                   {product} {ergonomic}
    uintx NonNMethodCodeHeapSize                   = 5839372                                {pd product} {ergonomic}
    uintx NonProfiledCodeHeapSize                  = 122909434                              {pd product} {ergonomic}
    uintx ProfiledCodeHeapSize                     = 122909434                              {pd product} {ergonomic}
    uintx ReservedCodeCacheSize                    = 251658240                              {pd product} {ergonomic}
     bool SegmentedCodeCache                       = true                                      {product} {ergonomic}
   size_t SoftMaxHeapSize                          = 4114612224                             {manageable} {ergonomic}
     bool UseCompressedClassPointers               = true                           {product lp64_product} {ergonomic}
     bool UseCompressedOops                        = true                           {product lp64_product} {ergonomic}
     bool UseG1GC                                  = true                                      {product} {ergonomic}
     bool UseLargePagesIndividualAllocation        = false                                  {pd product} {ergonomic}

Logging:
Log output configuration:
 #0: stdout all=warning uptime,level,tags
 #1: stderr all=off uptime,level,tags

Environment Variables:
PATH=C:\windows\system32;C:\windows;C:\windows\System32\Wbem;C:\windows\System32\WindowsPowerShell\v1.0\;C:\windows\System32\OpenSSH\;C:\Program Files\Git\cmd;C:\Users\Muthu\AppData\Local\Microsoft\WindowsApps;
USERNAME=Muthu
OS=Windows_NT
PROCESSOR_IDENTIFIER=AMD64 Family 23 Model 104 Stepping 1, AuthenticAMD
TMP=C:\Users\Muthu\AppData\Local\Temp
TEMP=C:\Users\Muthu\AppData\Local\Temp



Periodic native trim disabled

JNI global refs:
JNI global refs: 13, weak refs: 26

JNI global refs memory usage: 843, weak refs: 841

OOME stack traces (most recent first):
Classloader memory used:
Loader jdk.internal.loader.ClassLoaders$AppClassLoader                                 : 6294K
Loader bootstrap                                                                       : 1399K
Loader java.net.URLClassLoader                                                         : 25761B
Loader jdk.internal.reflect.DelegatingClassLoader                                      : 17667B
Loader jdk.internal.loader.ClassLoaders$PlatformClassLoader                            : 2276B


---------------  S Y S T E M  ---------------

OS:
 Windows 11 , 64 bit Build 22621 (10.0.22621.3672)
OS uptime: 4 days 4:34 hours
Hyper-V role detected

CPU: total 12 (initial active 12) (12 cores per cpu, 2 threads per core) family 23 model 104 stepping 1 microcode 0x0, cx8, cmov, fxsr, ht, mmx, 3dnowpref, sse, sse2, sse3, ssse3, sse4a, sse4.1, sse4.2, popcnt, lzcnt, tsc, tscinvbit, avx, avx2, aes, clmul, bmi1, bmi2, adx, sha, fma, vzeroupper, clflush, clflushopt, hv
Processor Information for processor 0
  Max Mhz: 2100, Current Mhz: 2100, Mhz Limit: 2100
Processor Information for processor 1
  Max Mhz: 2100, Current Mhz: 1813, Mhz Limit: 2100
Processor Information for processor 2
  Max Mhz: 2100, Current Mhz: 1813, Mhz Limit: 2100
Processor Information for processor 3
  Max Mhz: 2100, Current Mhz: 2100, Mhz Limit: 2100
Processor Information for processor 4
  Max Mhz: 2100, Current Mhz: 2100, Mhz Limit: 2100
Processor Information for processor 5
  Max Mhz: 2100, Current Mhz: 1813, Mhz Limit: 2100
Processor Information for processor 6
  Max Mhz: 2100, Current Mhz: 1813, Mhz Limit: 2100
Processor Information for processor 7
  Max Mhz: 2100, Current Mhz: 1813, Mhz Limit: 2100
Processor Information for processor 8
  Max Mhz: 2100, Current Mhz: 1813, Mhz Limit: 2100
Processor Information for processor 9
  Max Mhz: 2100, Current Mhz: 1813, Mhz Limit: 2100
Processor Information for processor 10
  Max Mhz: 2100, Current Mhz: 1813, Mhz Limit: 2100
Processor Information for processor 11
  Max Mhz: 2100, Current Mhz: 1813, Mhz Limit: 2100

Memory: 4k page, system-wide physical 15694M (2023M free)
TotalPageFile size 17742M (AvailPageFile size 80M)
current process WorkingSet (physical memory assigned to process): 345M, peak: 355M
current process commit charge ("private bytes"): 385M, peak: 486M

vm_info: OpenJDK 64-Bit Server VM (17.0.9+0--11185874) for windows-amd64 JRE (17.0.9+0--11185874), built on Dec  6 2023 18:57:44 by "androidbuild" with MS VC++ 16.10 / 16.11 (VS2019)

END.
